<?xml version="1.0" encoding="UTF-8"?>
<testng-results skipped="15" failed="3" total="95" passed="77">
  <reporter-output>
  </reporter-output>
  <suite name="Suite" duration-ms="3332329" started-at="2018-03-27T14:15:13Z" finished-at="2018-03-27T15:10:45Z">
    <groups>
    </groups>
    <test name="testng3" duration-ms="3332329" started-at="2018-03-27T14:15:13Z" finished-at="2018-03-27T15:10:45Z">
      <class name="executions.Schedule_mtng_TS_95">
        <test-method status="PASS" signature="beforeMethod()[pri:0, instance:executions.Schedule_mtng_TS_95@77f03bb1]" name="beforeMethod" is-config="true" duration-ms="17430" started-at="2018-03-27T19:45:13Z" finished-at="2018-03-27T19:45:30Z">
          <reporter-output>
          </reporter-output>
        </test-method> <!-- beforeMethod -->
        <test-method status="PASS" signature="CRe4_162_164()[pri:0, instance:executions.Schedule_mtng_TS_95@77f03bb1]" name="CRe4_162_164" duration-ms="36501" started-at="2018-03-27T19:45:30Z" finished-at="2018-03-27T19:46:07Z">
          <reporter-output>
          </reporter-output>
        </test-method> <!-- CRe4_162_164 -->
        <test-method status="PASS" signature="tearDown()[pri:0, instance:executions.Schedule_mtng_TS_95@77f03bb1]" name="tearDown" is-config="true" duration-ms="19" started-at="2018-03-27T19:46:07Z" finished-at="2018-03-27T19:46:07Z">
          <reporter-output>
          </reporter-output>
        </test-method> <!-- tearDown -->
        <test-method status="PASS" signature="beforeMethod()[pri:0, instance:executions.Schedule_mtng_TS_95@77f03bb1]" name="beforeMethod" is-config="true" duration-ms="15493" started-at="2018-03-27T19:46:07Z" finished-at="2018-03-27T19:46:23Z">
          <reporter-output>
          </reporter-output>
        </test-method> <!-- beforeMethod -->
        <test-method status="PASS" signature="CRe4_165_166_171()[pri:0, instance:executions.Schedule_mtng_TS_95@77f03bb1]" name="CRe4_165_166_171" duration-ms="33046" started-at="2018-03-27T19:46:23Z" finished-at="2018-03-27T19:46:56Z">
          <reporter-output>
          </reporter-output>
        </test-method> <!-- CRe4_165_166_171 -->
        <test-method status="PASS" signature="tearDown()[pri:0, instance:executions.Schedule_mtng_TS_95@77f03bb1]" name="tearDown" is-config="true" duration-ms="22" started-at="2018-03-27T19:46:56Z" finished-at="2018-03-27T19:46:56Z">
          <reporter-output>
          </reporter-output>
        </test-method> <!-- tearDown -->
        <test-method status="PASS" signature="beforeMethod()[pri:0, instance:executions.Schedule_mtng_TS_95@77f03bb1]" name="beforeMethod" is-config="true" duration-ms="14026" started-at="2018-03-27T19:46:56Z" finished-at="2018-03-27T19:47:10Z">
          <reporter-output>
          </reporter-output>
        </test-method> <!-- beforeMethod -->
        <test-method status="PASS" signature="CRe4_167_168_169()[pri:0, instance:executions.Schedule_mtng_TS_95@77f03bb1]" name="CRe4_167_168_169" duration-ms="22392" started-at="2018-03-27T19:47:10Z" finished-at="2018-03-27T19:47:32Z">
          <reporter-output>
          </reporter-output>
        </test-method> <!-- CRe4_167_168_169 -->
        <test-method status="PASS" signature="tearDown()[pri:0, instance:executions.Schedule_mtng_TS_95@77f03bb1]" name="tearDown" is-config="true" duration-ms="57" started-at="2018-03-27T19:47:32Z" finished-at="2018-03-27T19:47:32Z">
          <reporter-output>
          </reporter-output>
        </test-method> <!-- tearDown -->
        <test-method status="PASS" signature="beforeMethod()[pri:0, instance:executions.Schedule_mtng_TS_95@77f03bb1]" name="beforeMethod" is-config="true" duration-ms="15745" started-at="2018-03-27T19:47:32Z" finished-at="2018-03-27T19:47:48Z">
          <reporter-output>
          </reporter-output>
        </test-method> <!-- beforeMethod -->
        <test-method status="PASS" signature="CRe4_170()[pri:0, instance:executions.Schedule_mtng_TS_95@77f03bb1]" name="CRe4_170" duration-ms="27254" started-at="2018-03-27T19:47:48Z" finished-at="2018-03-27T19:48:15Z">
          <reporter-output>
          </reporter-output>
        </test-method> <!-- CRe4_170 -->
        <test-method status="PASS" signature="tearDown()[pri:0, instance:executions.Schedule_mtng_TS_95@77f03bb1]" name="tearDown" is-config="true" duration-ms="38" started-at="2018-03-27T19:48:15Z" finished-at="2018-03-27T19:48:15Z">
          <reporter-output>
          </reporter-output>
        </test-method> <!-- tearDown -->
      </class> <!-- executions.Schedule_mtng_TS_95 -->
      <class name="executions.Upcmngmtng_in_ms_TS_97">
        <test-method status="PASS" signature="beforeMethod()[pri:0, instance:executions.Upcmngmtng_in_ms_TS_97@7a92922]" name="beforeMethod" is-config="true" duration-ms="15515" started-at="2018-03-27T19:58:56Z" finished-at="2018-03-27T19:59:11Z">
          <reporter-output>
          </reporter-output>
        </test-method> <!-- beforeMethod -->
        <test-method status="PASS" signature="CRe4_224_226()[pri:0, instance:executions.Upcmngmtng_in_ms_TS_97@7a92922]" name="CRe4_224_226" duration-ms="21930" started-at="2018-03-27T19:59:11Z" finished-at="2018-03-27T19:59:33Z">
          <reporter-output>
          </reporter-output>
        </test-method> <!-- CRe4_224_226 -->
        <test-method status="PASS" signature="tearDown()[pri:0, instance:executions.Upcmngmtng_in_ms_TS_97@7a92922]" name="tearDown" is-config="true" duration-ms="18" started-at="2018-03-27T19:59:33Z" finished-at="2018-03-27T19:59:33Z">
          <reporter-output>
          </reporter-output>
        </test-method> <!-- tearDown -->
        <test-method status="PASS" signature="beforeMethod()[pri:0, instance:executions.Upcmngmtng_in_ms_TS_97@7a92922]" name="beforeMethod" is-config="true" duration-ms="15543" started-at="2018-03-27T19:59:33Z" finished-at="2018-03-27T19:59:49Z">
          <reporter-output>
          </reporter-output>
        </test-method> <!-- beforeMethod -->
        <test-method status="PASS" signature="CRe4_227()[pri:0, instance:executions.Upcmngmtng_in_ms_TS_97@7a92922]" name="CRe4_227" duration-ms="22744" started-at="2018-03-27T19:59:49Z" finished-at="2018-03-27T20:00:11Z">
          <reporter-output>
          </reporter-output>
        </test-method> <!-- CRe4_227 -->
        <test-method status="PASS" signature="tearDown()[pri:0, instance:executions.Upcmngmtng_in_ms_TS_97@7a92922]" name="tearDown" is-config="true" duration-ms="9" started-at="2018-03-27T20:00:11Z" finished-at="2018-03-27T20:00:11Z">
          <reporter-output>
          </reporter-output>
        </test-method> <!-- tearDown -->
        <test-method status="PASS" signature="beforeMethod()[pri:0, instance:executions.Upcmngmtng_in_ms_TS_97@7a92922]" name="beforeMethod" is-config="true" duration-ms="15648" started-at="2018-03-27T20:00:11Z" finished-at="2018-03-27T20:00:27Z">
          <reporter-output>
          </reporter-output>
        </test-method> <!-- beforeMethod -->
        <test-method status="PASS" signature="CRe4_228()[pri:0, instance:executions.Upcmngmtng_in_ms_TS_97@7a92922]" name="CRe4_228" duration-ms="24200" started-at="2018-03-27T20:00:27Z" finished-at="2018-03-27T20:00:51Z">
          <reporter-output>
          </reporter-output>
        </test-method> <!-- CRe4_228 -->
        <test-method status="PASS" signature="tearDown()[pri:0, instance:executions.Upcmngmtng_in_ms_TS_97@7a92922]" name="tearDown" is-config="true" duration-ms="16" started-at="2018-03-27T20:00:51Z" finished-at="2018-03-27T20:00:51Z">
          <reporter-output>
          </reporter-output>
        </test-method> <!-- tearDown -->
        <test-method status="PASS" signature="beforeMethod()[pri:0, instance:executions.Upcmngmtng_in_ms_TS_97@7a92922]" name="beforeMethod" is-config="true" duration-ms="13989" started-at="2018-03-27T20:00:51Z" finished-at="2018-03-27T20:01:05Z">
          <reporter-output>
          </reporter-output>
        </test-method> <!-- beforeMethod -->
        <test-method status="PASS" signature="CRe4_229()[pri:0, instance:executions.Upcmngmtng_in_ms_TS_97@7a92922]" name="CRe4_229" duration-ms="24192" started-at="2018-03-27T20:01:05Z" finished-at="2018-03-27T20:01:29Z">
          <reporter-output>
          </reporter-output>
        </test-method> <!-- CRe4_229 -->
        <test-method status="PASS" signature="tearDown()[pri:0, instance:executions.Upcmngmtng_in_ms_TS_97@7a92922]" name="tearDown" is-config="true" duration-ms="53" started-at="2018-03-27T20:01:29Z" finished-at="2018-03-27T20:01:29Z">
          <reporter-output>
          </reporter-output>
        </test-method> <!-- tearDown -->
        <test-method status="PASS" signature="beforeMethod()[pri:0, instance:executions.Upcmngmtng_in_ms_TS_97@7a92922]" name="beforeMethod" is-config="true" duration-ms="17172" started-at="2018-03-27T20:01:29Z" finished-at="2018-03-27T20:01:47Z">
          <reporter-output>
          </reporter-output>
        </test-method> <!-- beforeMethod -->
        <test-method status="PASS" signature="CRe4_237_238_239()[pri:0, instance:executions.Upcmngmtng_in_ms_TS_97@7a92922]" name="CRe4_237_238_239" duration-ms="20113" started-at="2018-03-27T20:01:47Z" finished-at="2018-03-27T20:02:07Z">
          <reporter-output>
          </reporter-output>
        </test-method> <!-- CRe4_237_238_239 -->
        <test-method status="PASS" signature="tearDown()[pri:0, instance:executions.Upcmngmtng_in_ms_TS_97@7a92922]" name="tearDown" is-config="true" duration-ms="34" started-at="2018-03-27T20:02:07Z" finished-at="2018-03-27T20:02:07Z">
          <reporter-output>
          </reporter-output>
        </test-method> <!-- tearDown -->
      </class> <!-- executions.Upcmngmtng_in_ms_TS_97 -->
      <class name="executions.Upcmngmtng_inMem_TS_104">
        <test-method status="PASS" signature="beforeMethod()[pri:0, instance:executions.Upcmngmtng_inMem_TS_104@591f989e]" name="beforeMethod" is-config="true" duration-ms="15737" started-at="2018-03-27T20:27:44Z" finished-at="2018-03-27T20:28:00Z">
          <reporter-output>
          </reporter-output>
        </test-method> <!-- beforeMethod -->
        <test-method status="PASS" signature="CRe4_355_356()[pri:0, instance:executions.Upcmngmtng_inMem_TS_104@591f989e]" name="CRe4_355_356" duration-ms="19587" started-at="2018-03-27T20:28:00Z" finished-at="2018-03-27T20:28:19Z">
          <reporter-output>
          </reporter-output>
        </test-method> <!-- CRe4_355_356 -->
        <test-method status="PASS" signature="tearDown()[pri:0, instance:executions.Upcmngmtng_inMem_TS_104@591f989e]" name="tearDown" is-config="true" duration-ms="8" started-at="2018-03-27T20:28:19Z" finished-at="2018-03-27T20:28:19Z">
          <reporter-output>
          </reporter-output>
        </test-method> <!-- tearDown -->
        <test-method status="PASS" signature="beforeMethod()[pri:0, instance:executions.Upcmngmtng_inMem_TS_104@591f989e]" name="beforeMethod" is-config="true" duration-ms="14859" started-at="2018-03-27T20:28:19Z" finished-at="2018-03-27T20:28:34Z">
          <reporter-output>
          </reporter-output>
        </test-method> <!-- beforeMethod -->
        <test-method status="PASS" signature="CRe4_357()[pri:0, instance:executions.Upcmngmtng_inMem_TS_104@591f989e]" name="CRe4_357" duration-ms="15385" started-at="2018-03-27T20:28:34Z" finished-at="2018-03-27T20:28:49Z">
          <reporter-output>
          </reporter-output>
        </test-method> <!-- CRe4_357 -->
        <test-method status="PASS" signature="tearDown()[pri:0, instance:executions.Upcmngmtng_inMem_TS_104@591f989e]" name="tearDown" is-config="true" duration-ms="12" started-at="2018-03-27T20:28:49Z" finished-at="2018-03-27T20:28:49Z">
          <reporter-output>
          </reporter-output>
        </test-method> <!-- tearDown -->
        <test-method status="PASS" signature="beforeMethod()[pri:0, instance:executions.Upcmngmtng_inMem_TS_104@591f989e]" name="beforeMethod" is-config="true" duration-ms="14710" started-at="2018-03-27T20:28:49Z" finished-at="2018-03-27T20:29:04Z">
          <reporter-output>
          </reporter-output>
        </test-method> <!-- beforeMethod -->
        <test-method status="PASS" signature="CRe4_360()[pri:0, instance:executions.Upcmngmtng_inMem_TS_104@591f989e]" name="CRe4_360" duration-ms="21088" started-at="2018-03-27T20:29:04Z" finished-at="2018-03-27T20:29:25Z">
          <reporter-output>
          </reporter-output>
        </test-method> <!-- CRe4_360 -->
        <test-method status="PASS" signature="tearDown()[pri:0, instance:executions.Upcmngmtng_inMem_TS_104@591f989e]" name="tearDown" is-config="true" duration-ms="11" started-at="2018-03-27T20:29:25Z" finished-at="2018-03-27T20:29:25Z">
          <reporter-output>
          </reporter-output>
        </test-method> <!-- tearDown -->
        <test-method status="PASS" signature="beforeMethod()[pri:0, instance:executions.Upcmngmtng_inMem_TS_104@591f989e]" name="beforeMethod" is-config="true" duration-ms="16009" started-at="2018-03-27T20:29:25Z" finished-at="2018-03-27T20:29:41Z">
          <reporter-output>
          </reporter-output>
        </test-method> <!-- beforeMethod -->
        <test-method status="PASS" signature="CRe4_361()[pri:0, instance:executions.Upcmngmtng_inMem_TS_104@591f989e]" name="CRe4_361" duration-ms="21807" started-at="2018-03-27T20:29:41Z" finished-at="2018-03-27T20:30:03Z">
          <reporter-output>
          </reporter-output>
        </test-method> <!-- CRe4_361 -->
        <test-method status="PASS" signature="tearDown()[pri:0, instance:executions.Upcmngmtng_inMem_TS_104@591f989e]" name="tearDown" is-config="true" duration-ms="10" started-at="2018-03-27T20:30:03Z" finished-at="2018-03-27T20:30:03Z">
          <reporter-output>
          </reporter-output>
        </test-method> <!-- tearDown -->
        <test-method status="PASS" signature="beforeMethod()[pri:0, instance:executions.Upcmngmtng_inMem_TS_104@591f989e]" name="beforeMethod" is-config="true" duration-ms="14818" started-at="2018-03-27T20:30:03Z" finished-at="2018-03-27T20:30:18Z">
          <reporter-output>
          </reporter-output>
        </test-method> <!-- beforeMethod -->
        <test-method status="PASS" signature="CRe4_362()[pri:0, instance:executions.Upcmngmtng_inMem_TS_104@591f989e]" name="CRe4_362" duration-ms="20477" started-at="2018-03-27T20:30:18Z" finished-at="2018-03-27T20:30:38Z">
          <reporter-output>
          </reporter-output>
        </test-method> <!-- CRe4_362 -->
        <test-method status="PASS" signature="tearDown()[pri:0, instance:executions.Upcmngmtng_inMem_TS_104@591f989e]" name="tearDown" is-config="true" duration-ms="8" started-at="2018-03-27T20:30:38Z" finished-at="2018-03-27T20:30:38Z">
          <reporter-output>
          </reporter-output>
        </test-method> <!-- tearDown -->
        <test-method status="PASS" signature="beforeMethod()[pri:0, instance:executions.Upcmngmtng_inMem_TS_104@591f989e]" name="beforeMethod" is-config="true" duration-ms="14654" started-at="2018-03-27T20:30:38Z" finished-at="2018-03-27T20:30:53Z">
          <reporter-output>
          </reporter-output>
        </test-method> <!-- beforeMethod -->
        <test-method status="PASS" signature="CRe4_367()[pri:0, instance:executions.Upcmngmtng_inMem_TS_104@591f989e]" name="CRe4_367" duration-ms="21034" started-at="2018-03-27T20:30:53Z" finished-at="2018-03-27T20:31:14Z">
          <reporter-output>
          </reporter-output>
        </test-method> <!-- CRe4_367 -->
        <test-method status="PASS" signature="tearDown()[pri:0, instance:executions.Upcmngmtng_inMem_TS_104@591f989e]" name="tearDown" is-config="true" duration-ms="13" started-at="2018-03-27T20:31:14Z" finished-at="2018-03-27T20:31:14Z">
          <reporter-output>
          </reporter-output>
        </test-method> <!-- tearDown -->
        <test-method status="PASS" signature="beforeMethod()[pri:0, instance:executions.Upcmngmtng_inMem_TS_104@591f989e]" name="beforeMethod" is-config="true" duration-ms="13788" started-at="2018-03-27T20:31:14Z" finished-at="2018-03-27T20:31:28Z">
          <reporter-output>
          </reporter-output>
        </test-method> <!-- beforeMethod -->
        <test-method status="PASS" signature="CRe4_368()[pri:0, instance:executions.Upcmngmtng_inMem_TS_104@591f989e]" name="CRe4_368" duration-ms="18974" started-at="2018-03-27T20:31:28Z" finished-at="2018-03-27T20:31:47Z">
          <reporter-output>
          </reporter-output>
        </test-method> <!-- CRe4_368 -->
        <test-method status="PASS" signature="tearDown()[pri:0, instance:executions.Upcmngmtng_inMem_TS_104@591f989e]" name="tearDown" is-config="true" duration-ms="64" started-at="2018-03-27T20:31:47Z" finished-at="2018-03-27T20:31:47Z">
          <reporter-output>
          </reporter-output>
        </test-method> <!-- tearDown -->
        <test-method status="PASS" signature="beforeMethod()[pri:0, instance:executions.Upcmngmtng_inMem_TS_104@591f989e]" name="beforeMethod" is-config="true" duration-ms="13973" started-at="2018-03-27T20:31:47Z" finished-at="2018-03-27T20:32:01Z">
          <reporter-output>
          </reporter-output>
        </test-method> <!-- beforeMethod -->
        <test-method status="PASS" signature="CRe4_369_373()[pri:0, instance:executions.Upcmngmtng_inMem_TS_104@591f989e]" name="CRe4_369_373" duration-ms="21216" started-at="2018-03-27T20:32:01Z" finished-at="2018-03-27T20:32:22Z">
          <reporter-output>
          </reporter-output>
        </test-method> <!-- CRe4_369_373 -->
        <test-method status="PASS" signature="tearDown()[pri:0, instance:executions.Upcmngmtng_inMem_TS_104@591f989e]" name="tearDown" is-config="true" duration-ms="147" started-at="2018-03-27T20:32:22Z" finished-at="2018-03-27T20:32:22Z">
          <reporter-output>
          </reporter-output>
        </test-method> <!-- tearDown -->
        <test-method status="PASS" signature="beforeMethod()[pri:0, instance:executions.Upcmngmtng_inMem_TS_104@591f989e]" name="beforeMethod" is-config="true" duration-ms="13948" started-at="2018-03-27T20:32:22Z" finished-at="2018-03-27T20:32:36Z">
          <reporter-output>
          </reporter-output>
        </test-method> <!-- beforeMethod -->
        <test-method status="PASS" signature="CRe4_375_376()[pri:0, instance:executions.Upcmngmtng_inMem_TS_104@591f989e]" name="CRe4_375_376" duration-ms="29804" started-at="2018-03-27T20:32:36Z" finished-at="2018-03-27T20:33:06Z">
          <reporter-output>
          </reporter-output>
        </test-method> <!-- CRe4_375_376 -->
        <test-method status="PASS" signature="tearDown()[pri:0, instance:executions.Upcmngmtng_inMem_TS_104@591f989e]" name="tearDown" is-config="true" duration-ms="14" started-at="2018-03-27T20:33:06Z" finished-at="2018-03-27T20:33:06Z">
          <reporter-output>
          </reporter-output>
        </test-method> <!-- tearDown -->
      </class> <!-- executions.Upcmngmtng_inMem_TS_104 -->
      <class name="executions.Generate_agenda_TS_96">
        <test-method status="PASS" signature="beforeMethod()[pri:0, instance:executions.Generate_agenda_TS_96@25618e91]" name="beforeMethod" is-config="true" duration-ms="15749" started-at="2018-03-27T19:51:17Z" finished-at="2018-03-27T19:51:33Z">
          <reporter-output>
          </reporter-output>
        </test-method> <!-- beforeMethod -->
        <test-method status="PASS" signature="CRe4_187()[pri:0, instance:executions.Generate_agenda_TS_96@25618e91]" name="CRe4_187" duration-ms="44508" started-at="2018-03-27T19:51:33Z" finished-at="2018-03-27T19:52:17Z">
          <reporter-output>
          </reporter-output>
        </test-method> <!-- CRe4_187 -->
        <test-method status="PASS" signature="tearDown()[pri:0, instance:executions.Generate_agenda_TS_96@25618e91]" name="tearDown" is-config="true" duration-ms="2311" started-at="2018-03-27T19:52:17Z" finished-at="2018-03-27T19:52:20Z">
          <reporter-output>
          </reporter-output>
        </test-method> <!-- tearDown -->
        <test-method status="PASS" signature="beforeMethod()[pri:0, instance:executions.Generate_agenda_TS_96@25618e91]" name="beforeMethod" is-config="true" duration-ms="16168" started-at="2018-03-27T19:52:20Z" finished-at="2018-03-27T19:52:36Z">
          <reporter-output>
          </reporter-output>
        </test-method> <!-- beforeMethod -->
        <test-method status="PASS" signature="CRe4_191_192()[pri:1, instance:executions.Generate_agenda_TS_96@25618e91]" name="CRe4_191_192" duration-ms="39308" started-at="2018-03-27T19:52:36Z" finished-at="2018-03-27T19:53:15Z">
          <reporter-output>
          </reporter-output>
        </test-method> <!-- CRe4_191_192 -->
        <test-method status="PASS" signature="tearDown()[pri:0, instance:executions.Generate_agenda_TS_96@25618e91]" name="tearDown" is-config="true" duration-ms="16" started-at="2018-03-27T19:53:15Z" finished-at="2018-03-27T19:53:15Z">
          <reporter-output>
          </reporter-output>
        </test-method> <!-- tearDown -->
        <test-method status="PASS" signature="beforeMethod()[pri:0, instance:executions.Generate_agenda_TS_96@25618e91]" name="beforeMethod" is-config="true" duration-ms="20927" started-at="2018-03-27T19:53:15Z" finished-at="2018-03-27T19:53:36Z">
          <reporter-output>
          </reporter-output>
        </test-method> <!-- beforeMethod -->
        <test-method status="PASS" signature="CRe4_193_194()[pri:2, instance:executions.Generate_agenda_TS_96@25618e91]" name="CRe4_193_194" duration-ms="34865" started-at="2018-03-27T19:53:36Z" finished-at="2018-03-27T19:54:11Z">
          <reporter-output>
          </reporter-output>
        </test-method> <!-- CRe4_193_194 -->
        <test-method status="PASS" signature="tearDown()[pri:0, instance:executions.Generate_agenda_TS_96@25618e91]" name="tearDown" is-config="true" duration-ms="12" started-at="2018-03-27T19:54:11Z" finished-at="2018-03-27T19:54:11Z">
          <reporter-output>
          </reporter-output>
        </test-method> <!-- tearDown -->
        <test-method status="PASS" signature="beforeMethod()[pri:0, instance:executions.Generate_agenda_TS_96@25618e91]" name="beforeMethod" is-config="true" duration-ms="15102" started-at="2018-03-27T19:54:11Z" finished-at="2018-03-27T19:54:26Z">
          <reporter-output>
          </reporter-output>
        </test-method> <!-- beforeMethod -->
        <test-method status="FAIL" signature="CRe4_204_209()[pri:3, instance:executions.Generate_agenda_TS_96@25618e91]" name="CRe4_204_209" duration-ms="152475" started-at="2018-03-27T19:54:26Z" finished-at="2018-03-27T19:56:59Z">
          <exception class="org.openqa.selenium.TimeoutException">
            <message>
              <![CDATA[Timed out after 120 seconds waiting for GlobalMethod.GlobalWait$1@1869fbd2
Build info: version: '2.53.1', revision: 'a36b8b1', time: '2016-06-30 17:37:03'
System info: host: 'Bablu-PC', ip: '192.168.56.1', os.name: 'Windows 7', os.arch: 'amd64', os.version: '6.1', java.version: '1.8.0_161'
Driver info: driver.version: unknown]]>
            </message>
            <full-stacktrace>
              <![CDATA[org.openqa.selenium.TimeoutException: Timed out after 120 seconds waiting for GlobalMethod.GlobalWait$1@1869fbd2
Build info: version: '2.53.1', revision: 'a36b8b1', time: '2016-06-30 17:37:03'
System info: host: 'Bablu-PC', ip: '192.168.56.1', os.name: 'Windows 7', os.arch: 'amd64', os.version: '6.1', java.version: '1.8.0_161'
Driver info: driver.version: unknown
	at org.openqa.selenium.support.ui.FluentWait.timeoutException(FluentWait.java:292)
	at org.openqa.selenium.support.ui.FluentWait.until(FluentWait.java:261)
	at GlobalMethod.GlobalWait.Wait_GetElementByXpath(GlobalWait.java:39)
	at Scenario.TS_96.CRe4_204_209(TS_96.java:216)
	at executions.Generate_agenda_TS_96.CRe4_204_209(Generate_agenda_TS_96.java:61)
	at sun.reflect.NativeMethodAccessorImpl.invoke0(Native Method)
	at sun.reflect.NativeMethodAccessorImpl.invoke(Unknown Source)
	at sun.reflect.DelegatingMethodAccessorImpl.invoke(Unknown Source)
	at java.lang.reflect.Method.invoke(Unknown Source)
	at org.testng.internal.MethodInvocationHelper.invokeMethod(MethodInvocationHelper.java:85)
	at org.testng.internal.Invoker.invokeMethod(Invoker.java:639)
	at org.testng.internal.Invoker.invokeTestMethod(Invoker.java:816)
	at org.testng.internal.Invoker.invokeTestMethods(Invoker.java:1124)
	at org.testng.internal.TestMethodWorker.invokeTestMethods(TestMethodWorker.java:125)
	at org.testng.internal.TestMethodWorker.run(TestMethodWorker.java:108)
	at org.testng.TestRunner.privateRun(TestRunner.java:774)
	at org.testng.TestRunner.run(TestRunner.java:624)
	at org.testng.SuiteRunner.runTest(SuiteRunner.java:359)
	at org.testng.SuiteRunner.runSequentially(SuiteRunner.java:354)
	at org.testng.SuiteRunner.privateRun(SuiteRunner.java:312)
	at org.testng.SuiteRunner.run(SuiteRunner.java:261)
	at org.testng.SuiteRunnerWorker.runSuite(SuiteRunnerWorker.java:52)
	at org.testng.SuiteRunnerWorker.run(SuiteRunnerWorker.java:86)
	at org.testng.TestNG.runSuitesSequentially(TestNG.java:1215)
	at org.testng.TestNG.runSuitesLocally(TestNG.java:1140)
	at org.testng.TestNG.run(TestNG.java:1048)
	at org.testng.TestNG.privateMain(TestNG.java:1355)
	at org.testng.TestNG.main(TestNG.java:1324)
Caused by: org.openqa.selenium.NoSuchElementException: Unable to locate element: {"method":"xpath","selector":"//div[3]/div[2]/div/table/tbody/tr[1]/td[6]/a[2]"}
Command duration or timeout: 16 milliseconds
For documentation on this error, please visit: http://seleniumhq.org/exceptions/no_such_element.html
Build info: version: '2.53.1', revision: 'a36b8b1', time: '2016-06-30 17:37:03'
System info: host: 'Bablu-PC', ip: '192.168.56.1', os.name: 'Windows 7', os.arch: 'amd64', os.version: '6.1', java.version: '1.8.0_161'
Driver info: org.openqa.selenium.firefox.FirefoxDriver
Capabilities [{applicationCacheEnabled=true, rotatable=false, handlesAlerts=true, databaseEnabled=true, version=43.0.1, platform=WINDOWS, nativeEvents=false, acceptSslCerts=true, webStorageEnabled=true, locationContextEnabled=true, browserName=firefox, takesScreenshot=true, javascriptEnabled=true, cssSelectorsEnabled=true}]
Session ID: cce0ccc1-c210-4ade-989f-5bd0d57e7d00
*** Element info: {Using=xpath, value=//div[3]/div[2]/div/table/tbody/tr[1]/td[6]/a[2]}
	at sun.reflect.GeneratedConstructorAccessor18.newInstance(Unknown Source)
	at sun.reflect.DelegatingConstructorAccessorImpl.newInstance(Unknown Source)
	at java.lang.reflect.Constructor.newInstance(Unknown Source)
	at org.openqa.selenium.remote.ErrorHandler.createThrowable(ErrorHandler.java:206)
	at org.openqa.selenium.remote.ErrorHandler.throwIfResponseFailed(ErrorHandler.java:158)
	at org.openqa.selenium.remote.RemoteWebDriver.execute(RemoteWebDriver.java:678)
	at org.openqa.selenium.remote.RemoteWebDriver.findElement(RemoteWebDriver.java:363)
	at org.openqa.selenium.remote.RemoteWebDriver.findElementByXPath(RemoteWebDriver.java:500)
	at org.openqa.selenium.By$ByXPath.findElement(By.java:361)
	at org.openqa.selenium.remote.RemoteWebDriver.findElement(RemoteWebDriver.java:355)
	at GlobalMethod.GlobalWait$1.apply(GlobalWait.java:43)
	at org.openqa.selenium.support.ui.FluentWait.until(FluentWait.java:238)
	... 26 more
Caused by: org.openqa.selenium.NoSuchElementException: Unable to locate element: {"method":"xpath","selector":"//div[3]/div[2]/div/table/tbody/tr[1]/td[6]/a[2]"}
For documentation on this error, please visit: http://seleniumhq.org/exceptions/no_such_element.html
Build info: version: '2.53.1', revision: 'a36b8b1', time: '2016-06-30 17:37:03'
System info: host: 'Bablu-PC', ip: '192.168.56.1', os.name: 'Windows 7', os.arch: 'amd64', os.version: '6.1', java.version: '1.8.0_161'
Driver info: driver.version: unknown
	at <anonymous class>.FirefoxDriver.prototype.findElementInternal_(file:///C:/Users/bablu.p/AppData/Local/Temp/anonymous6727169749458180946webdriver-profile/extensions/fxdriver@googlecode.com/components/driver-component.js:10770)
	at <anonymous class>.FirefoxDriver.prototype.findElement(file:///C:/Users/bablu.p/AppData/Local/Temp/anonymous6727169749458180946webdriver-profile/extensions/fxdriver@googlecode.com/components/driver-component.js:10779)
	at <anonymous class>.DelayedCommand.prototype.executeInternal_/h(file:///C:/Users/bablu.p/AppData/Local/Temp/anonymous6727169749458180946webdriver-profile/extensions/fxdriver@googlecode.com/components/command-processor.js:12661)
	at <anonymous class>.DelayedCommand.prototype.executeInternal_(file:///C:/Users/bablu.p/AppData/Local/Temp/anonymous6727169749458180946webdriver-profile/extensions/fxdriver@googlecode.com/components/command-processor.js:12666)
	at <anonymous class>.DelayedCommand.prototype.execute/<(file:///C:/Users/bablu.p/AppData/Local/Temp/anonymous6727169749458180946webdriver-profile/extensions/fxdriver@googlecode.com/components/command-processor.js:12608)
]]>
            </full-stacktrace>
          </exception> <!-- org.openqa.selenium.TimeoutException -->
          <reporter-output>
          </reporter-output>
        </test-method> <!-- CRe4_204_209 -->
        <test-method status="PASS" signature="tearDown()[pri:0, instance:executions.Generate_agenda_TS_96@25618e91]" name="tearDown" is-config="true" duration-ms="9" started-at="2018-03-27T19:56:59Z" finished-at="2018-03-27T19:56:59Z">
          <reporter-output>
          </reporter-output>
        </test-method> <!-- tearDown -->
        <test-method status="PASS" signature="beforeMethod()[pri:0, instance:executions.Generate_agenda_TS_96@25618e91]" name="beforeMethod" is-config="true" duration-ms="17081" started-at="2018-03-27T19:56:59Z" finished-at="2018-03-27T19:57:16Z">
          <reporter-output>
          </reporter-output>
        </test-method> <!-- beforeMethod -->
        <test-method status="PASS" signature="CRe4_210_211_212()[pri:4, instance:executions.Generate_agenda_TS_96@25618e91]" name="CRe4_210_211_212" duration-ms="32996" started-at="2018-03-27T19:57:16Z" finished-at="2018-03-27T19:57:49Z">
          <reporter-output>
          </reporter-output>
        </test-method> <!-- CRe4_210_211_212 -->
        <test-method status="PASS" signature="tearDown()[pri:0, instance:executions.Generate_agenda_TS_96@25618e91]" name="tearDown" is-config="true" duration-ms="23" started-at="2018-03-27T19:57:49Z" finished-at="2018-03-27T19:57:49Z">
          <reporter-output>
          </reporter-output>
        </test-method> <!-- tearDown -->
        <test-method status="PASS" signature="beforeMethod()[pri:0, instance:executions.Generate_agenda_TS_96@25618e91]" name="beforeMethod" is-config="true" duration-ms="13775" started-at="2018-03-27T19:57:49Z" finished-at="2018-03-27T19:58:02Z">
          <reporter-output>
          </reporter-output>
        </test-method> <!-- beforeMethod -->
        <test-method status="PASS" signature="CRe4_213()[pri:5, instance:executions.Generate_agenda_TS_96@25618e91]" name="CRe4_213" duration-ms="18443" started-at="2018-03-27T19:58:02Z" finished-at="2018-03-27T19:58:21Z">
          <reporter-output>
          </reporter-output>
        </test-method> <!-- CRe4_213 -->
        <test-method status="PASS" signature="tearDown()[pri:0, instance:executions.Generate_agenda_TS_96@25618e91]" name="tearDown" is-config="true" duration-ms="7" started-at="2018-03-27T19:58:21Z" finished-at="2018-03-27T19:58:21Z">
          <reporter-output>
          </reporter-output>
        </test-method> <!-- tearDown -->
        <test-method status="PASS" signature="beforeMethod()[pri:0, instance:executions.Generate_agenda_TS_96@25618e91]" name="beforeMethod" is-config="true" duration-ms="14926" started-at="2018-03-27T19:58:21Z" finished-at="2018-03-27T19:58:36Z">
          <reporter-output>
          </reporter-output>
        </test-method> <!-- beforeMethod -->
        <test-method status="PASS" signature="CRe4_214()[pri:6, instance:executions.Generate_agenda_TS_96@25618e91]" name="CRe4_214" duration-ms="19660" started-at="2018-03-27T19:58:36Z" finished-at="2018-03-27T19:58:55Z">
          <reporter-output>
          </reporter-output>
        </test-method> <!-- CRe4_214 -->
        <test-method status="PASS" signature="tearDown()[pri:0, instance:executions.Generate_agenda_TS_96@25618e91]" name="tearDown" is-config="true" duration-ms="24" started-at="2018-03-27T19:58:55Z" finished-at="2018-03-27T19:58:55Z">
          <reporter-output>
          </reporter-output>
        </test-method> <!-- tearDown -->
      </class> <!-- executions.Generate_agenda_TS_96 -->
      <class name="executions.Schedule_meeting_mail_TS_142">
        <test-method status="PASS" signature="beforeMethod()[pri:0, instance:executions.Schedule_meeting_mail_TS_142@61443d8f]" name="beforeMethod" is-config="true" duration-ms="14154" started-at="2018-03-27T20:38:45Z" finished-at="2018-03-27T20:38:59Z">
          <reporter-output>
          </reporter-output>
        </test-method> <!-- beforeMethod -->
        <test-method status="FAIL" signature="CRe4_150_151()[pri:0, instance:executions.Schedule_meeting_mail_TS_142@61443d8f]" name="CRe4_150_151" duration-ms="47110" started-at="2018-03-27T20:38:59Z" finished-at="2018-03-27T20:39:46Z">
          <exception class="org.openqa.selenium.NoSuchElementException">
            <message>
              <![CDATA[Unable to locate element: {"method":"name","selector":"password"}
Command duration or timeout: 19 milliseconds
For documentation on this error, please visit: http://seleniumhq.org/exceptions/no_such_element.html
Build info: version: '2.53.1', revision: 'a36b8b1', time: '2016-06-30 17:37:03'
System info: host: 'Bablu-PC', ip: '192.168.56.1', os.name: 'Windows 7', os.arch: 'amd64', os.version: '6.1', java.version: '1.8.0_161'
Driver info: org.openqa.selenium.firefox.FirefoxDriver
Capabilities [{applicationCacheEnabled=true, rotatable=false, handlesAlerts=true, databaseEnabled=true, version=43.0.1, platform=WINDOWS, nativeEvents=false, acceptSslCerts=true, webStorageEnabled=true, locationContextEnabled=true, browserName=firefox, takesScreenshot=true, javascriptEnabled=true, cssSelectorsEnabled=true}]
Session ID: f4608383-0f23-4e73-a495-559a515df222
*** Element info: {Using=name, value=password}]]>
            </message>
            <full-stacktrace>
              <![CDATA[org.openqa.selenium.NoSuchElementException: Unable to locate element: {"method":"name","selector":"password"}
Command duration or timeout: 19 milliseconds
For documentation on this error, please visit: http://seleniumhq.org/exceptions/no_such_element.html
Build info: version: '2.53.1', revision: 'a36b8b1', time: '2016-06-30 17:37:03'
System info: host: 'Bablu-PC', ip: '192.168.56.1', os.name: 'Windows 7', os.arch: 'amd64', os.version: '6.1', java.version: '1.8.0_161'
Driver info: org.openqa.selenium.firefox.FirefoxDriver
Capabilities [{applicationCacheEnabled=true, rotatable=false, handlesAlerts=true, databaseEnabled=true, version=43.0.1, platform=WINDOWS, nativeEvents=false, acceptSslCerts=true, webStorageEnabled=true, locationContextEnabled=true, browserName=firefox, takesScreenshot=true, javascriptEnabled=true, cssSelectorsEnabled=true}]
Session ID: f4608383-0f23-4e73-a495-559a515df222
*** Element info: {Using=name, value=password}
	at sun.reflect.NativeConstructorAccessorImpl.newInstance0(Native Method)
	at sun.reflect.NativeConstructorAccessorImpl.newInstance(Unknown Source)
	at sun.reflect.DelegatingConstructorAccessorImpl.newInstance(Unknown Source)
	at java.lang.reflect.Constructor.newInstance(Unknown Source)
	at org.openqa.selenium.remote.ErrorHandler.createThrowable(ErrorHandler.java:206)
	at org.openqa.selenium.remote.ErrorHandler.throwIfResponseFailed(ErrorHandler.java:158)
	at org.openqa.selenium.remote.RemoteWebDriver.execute(RemoteWebDriver.java:678)
	at org.openqa.selenium.remote.RemoteWebDriver.findElement(RemoteWebDriver.java:363)
	at org.openqa.selenium.remote.RemoteWebDriver.findElementByName(RemoteWebDriver.java:461)
	at org.openqa.selenium.By$ByName.findElement(By.java:303)
	at org.openqa.selenium.remote.RemoteWebDriver.findElement(RemoteWebDriver.java:355)
	at GlobalMethod.GlobalMethods.meetingMail(GlobalMethods.java:1032)
	at Scenario.TS_142.CRe4_150_151(TS_142.java:150)
	at executions.Schedule_meeting_mail_TS_142.CRe4_150_151(Schedule_meeting_mail_TS_142.java:34)
	at sun.reflect.NativeMethodAccessorImpl.invoke0(Native Method)
	at sun.reflect.NativeMethodAccessorImpl.invoke(Unknown Source)
	at sun.reflect.DelegatingMethodAccessorImpl.invoke(Unknown Source)
	at java.lang.reflect.Method.invoke(Unknown Source)
	at org.testng.internal.MethodInvocationHelper.invokeMethod(MethodInvocationHelper.java:85)
	at org.testng.internal.Invoker.invokeMethod(Invoker.java:639)
	at org.testng.internal.Invoker.invokeTestMethod(Invoker.java:816)
	at org.testng.internal.Invoker.invokeTestMethods(Invoker.java:1124)
	at org.testng.internal.TestMethodWorker.invokeTestMethods(TestMethodWorker.java:125)
	at org.testng.internal.TestMethodWorker.run(TestMethodWorker.java:108)
	at org.testng.TestRunner.privateRun(TestRunner.java:774)
	at org.testng.TestRunner.run(TestRunner.java:624)
	at org.testng.SuiteRunner.runTest(SuiteRunner.java:359)
	at org.testng.SuiteRunner.runSequentially(SuiteRunner.java:354)
	at org.testng.SuiteRunner.privateRun(SuiteRunner.java:312)
	at org.testng.SuiteRunner.run(SuiteRunner.java:261)
	at org.testng.SuiteRunnerWorker.runSuite(SuiteRunnerWorker.java:52)
	at org.testng.SuiteRunnerWorker.run(SuiteRunnerWorker.java:86)
	at org.testng.TestNG.runSuitesSequentially(TestNG.java:1215)
	at org.testng.TestNG.runSuitesLocally(TestNG.java:1140)
	at org.testng.TestNG.run(TestNG.java:1048)
	at org.testng.TestNG.privateMain(TestNG.java:1355)
	at org.testng.TestNG.main(TestNG.java:1324)
Caused by: org.openqa.selenium.NoSuchElementException: Unable to locate element: {"method":"name","selector":"password"}
For documentation on this error, please visit: http://seleniumhq.org/exceptions/no_such_element.html
Build info: version: '2.53.1', revision: 'a36b8b1', time: '2016-06-30 17:37:03'
System info: host: 'Bablu-PC', ip: '192.168.56.1', os.name: 'Windows 7', os.arch: 'amd64', os.version: '6.1', java.version: '1.8.0_161'
Driver info: driver.version: unknown
	at <anonymous class>.FirefoxDriver.prototype.findElementInternal_(file:///C:/Users/bablu.p/AppData/Local/Temp/anonymous1640996168914175476webdriver-profile/extensions/fxdriver@googlecode.com/components/driver-component.js:10770)
	at <anonymous class>.FirefoxDriver.prototype.findElement(file:///C:/Users/bablu.p/AppData/Local/Temp/anonymous1640996168914175476webdriver-profile/extensions/fxdriver@googlecode.com/components/driver-component.js:10779)
	at <anonymous class>.DelayedCommand.prototype.executeInternal_/h(file:///C:/Users/bablu.p/AppData/Local/Temp/anonymous1640996168914175476webdriver-profile/extensions/fxdriver@googlecode.com/components/command-processor.js:12661)
	at <anonymous class>.DelayedCommand.prototype.executeInternal_(file:///C:/Users/bablu.p/AppData/Local/Temp/anonymous1640996168914175476webdriver-profile/extensions/fxdriver@googlecode.com/components/command-processor.js:12666)
	at <anonymous class>.DelayedCommand.prototype.execute/<(file:///C:/Users/bablu.p/AppData/Local/Temp/anonymous1640996168914175476webdriver-profile/extensions/fxdriver@googlecode.com/components/command-processor.js:12608)
]]>
            </full-stacktrace>
          </exception> <!-- org.openqa.selenium.NoSuchElementException -->
          <reporter-output>
          </reporter-output>
        </test-method> <!-- CRe4_150_151 -->
        <test-method status="PASS" signature="tearDown()[pri:0, instance:executions.Schedule_meeting_mail_TS_142@61443d8f]" name="tearDown" is-config="true" duration-ms="8" started-at="2018-03-27T20:39:46Z" finished-at="2018-03-27T20:39:46Z">
          <reporter-output>
          </reporter-output>
        </test-method> <!-- tearDown -->
      </class> <!-- executions.Schedule_meeting_mail_TS_142 -->
      <class name="executions.Cmpltdmtng_inAdmin_TS_101">
        <test-method status="FAIL" signature="beforeMethod()[pri:0, instance:executions.Cmpltdmtng_inAdmin_TS_101@5474c6c]" name="beforeMethod" is-config="true" duration-ms="0" started-at="2018-03-27T20:17:32Z" finished-at="2018-03-27T20:17:32Z">
          <exception class="java.lang.NoClassDefFoundError">
            <message>
              <![CDATA[com/global/methods/GlobalMethods]]>
            </message>
            <full-stacktrace>
              <![CDATA[java.lang.NoClassDefFoundError: com/global/methods/GlobalMethods
	at executions.Cmpltdmtng_inAdmin_TS_101.beforeMethod(Cmpltdmtng_inAdmin_TS_101.java:26)
	at sun.reflect.NativeMethodAccessorImpl.invoke0(Native Method)
	at sun.reflect.NativeMethodAccessorImpl.invoke(Unknown Source)
	at sun.reflect.DelegatingMethodAccessorImpl.invoke(Unknown Source)
	at java.lang.reflect.Method.invoke(Unknown Source)
	at org.testng.internal.MethodInvocationHelper.invokeMethod(MethodInvocationHelper.java:85)
	at org.testng.internal.Invoker.invokeConfigurationMethod(Invoker.java:510)
	at org.testng.internal.Invoker.invokeConfigurations(Invoker.java:211)
	at org.testng.internal.Invoker.invokeMethod(Invoker.java:585)
	at org.testng.internal.Invoker.invokeTestMethod(Invoker.java:816)
	at org.testng.internal.Invoker.invokeTestMethods(Invoker.java:1124)
	at org.testng.internal.TestMethodWorker.invokeTestMethods(TestMethodWorker.java:125)
	at org.testng.internal.TestMethodWorker.run(TestMethodWorker.java:108)
	at org.testng.TestRunner.privateRun(TestRunner.java:774)
	at org.testng.TestRunner.run(TestRunner.java:624)
	at org.testng.SuiteRunner.runTest(SuiteRunner.java:359)
	at org.testng.SuiteRunner.runSequentially(SuiteRunner.java:354)
	at org.testng.SuiteRunner.privateRun(SuiteRunner.java:312)
	at org.testng.SuiteRunner.run(SuiteRunner.java:261)
	at org.testng.SuiteRunnerWorker.runSuite(SuiteRunnerWorker.java:52)
	at org.testng.SuiteRunnerWorker.run(SuiteRunnerWorker.java:86)
	at org.testng.TestNG.runSuitesSequentially(TestNG.java:1215)
	at org.testng.TestNG.runSuitesLocally(TestNG.java:1140)
	at org.testng.TestNG.run(TestNG.java:1048)
	at org.testng.TestNG.privateMain(TestNG.java:1355)
	at org.testng.TestNG.main(TestNG.java:1324)
Caused by: java.lang.ClassNotFoundException: com.global.methods.GlobalMethods
	at java.net.URLClassLoader.findClass(Unknown Source)
	at java.lang.ClassLoader.loadClass(Unknown Source)
	at sun.misc.Launcher$AppClassLoader.loadClass(Unknown Source)
	at java.lang.ClassLoader.loadClass(Unknown Source)
	... 26 more
]]>
            </full-stacktrace>
          </exception> <!-- java.lang.NoClassDefFoundError -->
          <reporter-output>
          </reporter-output>
        </test-method> <!-- beforeMethod -->
        <test-method status="SKIP" signature="CRe4_302()[pri:0, instance:executions.Cmpltdmtng_inAdmin_TS_101@5474c6c]" name="CRe4_302" duration-ms="0" started-at="2018-03-27T20:17:32Z" finished-at="2018-03-27T20:17:32Z">
          <reporter-output>
          </reporter-output>
        </test-method> <!-- CRe4_302 -->
        <test-method status="SKIP" signature="tearDown()[pri:0, instance:executions.Cmpltdmtng_inAdmin_TS_101@5474c6c]" name="tearDown" is-config="true" duration-ms="0" started-at="2018-03-27T20:17:32Z" finished-at="2018-03-27T20:17:32Z">
          <reporter-output>
          </reporter-output>
        </test-method> <!-- tearDown -->
        <test-method status="SKIP" signature="beforeMethod()[pri:0, instance:executions.Cmpltdmtng_inAdmin_TS_101@5474c6c]" name="beforeMethod" is-config="true" duration-ms="0" started-at="2018-03-27T20:17:32Z" finished-at="2018-03-27T20:17:32Z">
          <reporter-output>
          </reporter-output>
        </test-method> <!-- beforeMethod -->
        <test-method status="SKIP" signature="tearDown()[pri:0, instance:executions.Cmpltdmtng_inAdmin_TS_101@5474c6c]" name="tearDown" is-config="true" duration-ms="0" started-at="2018-03-27T20:17:32Z" finished-at="2018-03-27T20:17:32Z">
          <reporter-output>
          </reporter-output>
        </test-method> <!-- tearDown -->
        <test-method status="SKIP" signature="CRe4_305()[pri:0, instance:executions.Cmpltdmtng_inAdmin_TS_101@5474c6c]" name="CRe4_305" duration-ms="0" started-at="2018-03-27T20:17:32Z" finished-at="2018-03-27T20:17:32Z">
          <reporter-output>
          </reporter-output>
        </test-method> <!-- CRe4_305 -->
        <test-method status="SKIP" signature="CRe4_306()[pri:0, instance:executions.Cmpltdmtng_inAdmin_TS_101@5474c6c]" name="CRe4_306" duration-ms="0" started-at="2018-03-27T20:17:32Z" finished-at="2018-03-27T20:17:32Z">
          <reporter-output>
          </reporter-output>
        </test-method> <!-- CRe4_306 -->
        <test-method status="SKIP" signature="beforeMethod()[pri:0, instance:executions.Cmpltdmtng_inAdmin_TS_101@5474c6c]" name="beforeMethod" is-config="true" duration-ms="0" started-at="2018-03-27T20:17:32Z" finished-at="2018-03-27T20:17:32Z">
          <reporter-output>
          </reporter-output>
        </test-method> <!-- beforeMethod -->
        <test-method status="SKIP" signature="beforeMethod()[pri:0, instance:executions.Cmpltdmtng_inAdmin_TS_101@5474c6c]" name="beforeMethod" is-config="true" duration-ms="0" started-at="2018-03-27T20:17:32Z" finished-at="2018-03-27T20:17:32Z">
          <reporter-output>
          </reporter-output>
        </test-method> <!-- beforeMethod -->
        <test-method status="SKIP" signature="tearDown()[pri:0, instance:executions.Cmpltdmtng_inAdmin_TS_101@5474c6c]" name="tearDown" is-config="true" duration-ms="0" started-at="2018-03-27T20:17:32Z" finished-at="2018-03-27T20:17:32Z">
          <reporter-output>
          </reporter-output>
        </test-method> <!-- tearDown -->
        <test-method status="SKIP" signature="CRe4_304()[pri:0, instance:executions.Cmpltdmtng_inAdmin_TS_101@5474c6c]" name="CRe4_304" duration-ms="0" started-at="2018-03-27T20:17:32Z" finished-at="2018-03-27T20:17:32Z">
          <reporter-output>
          </reporter-output>
        </test-method> <!-- CRe4_304 -->
        <test-method status="SKIP" signature="beforeMethod()[pri:0, instance:executions.Cmpltdmtng_inAdmin_TS_101@5474c6c]" name="beforeMethod" is-config="true" duration-ms="0" started-at="2018-03-27T20:17:32Z" finished-at="2018-03-27T20:17:32Z">
          <reporter-output>
          </reporter-output>
        </test-method> <!-- beforeMethod -->
        <test-method status="SKIP" signature="tearDown()[pri:0, instance:executions.Cmpltdmtng_inAdmin_TS_101@5474c6c]" name="tearDown" is-config="true" duration-ms="0" started-at="2018-03-27T20:17:32Z" finished-at="2018-03-27T20:17:32Z">
          <reporter-output>
          </reporter-output>
        </test-method> <!-- tearDown -->
        <test-method status="SKIP" signature="CRe4_307()[pri:0, instance:executions.Cmpltdmtng_inAdmin_TS_101@5474c6c]" name="CRe4_307" duration-ms="0" started-at="2018-03-27T20:17:32Z" finished-at="2018-03-27T20:17:32Z">
          <reporter-output>
          </reporter-output>
        </test-method> <!-- CRe4_307 -->
        <test-method status="SKIP" signature="tearDown()[pri:0, instance:executions.Cmpltdmtng_inAdmin_TS_101@5474c6c]" name="tearDown" is-config="true" duration-ms="0" started-at="2018-03-27T20:17:32Z" finished-at="2018-03-27T20:17:32Z">
          <reporter-output>
          </reporter-output>
        </test-method> <!-- tearDown -->
        <test-method status="SKIP" signature="beforeMethod()[pri:0, instance:executions.Cmpltdmtng_inAdmin_TS_101@5474c6c]" name="beforeMethod" is-config="true" duration-ms="0" started-at="2018-03-27T20:17:32Z" finished-at="2018-03-27T20:17:32Z">
          <reporter-output>
          </reporter-output>
        </test-method> <!-- beforeMethod -->
        <test-method status="SKIP" signature="tearDown()[pri:0, instance:executions.Cmpltdmtng_inAdmin_TS_101@5474c6c]" name="tearDown" is-config="true" duration-ms="0" started-at="2018-03-27T20:17:32Z" finished-at="2018-03-27T20:17:32Z">
          <reporter-output>
          </reporter-output>
        </test-method> <!-- tearDown -->
        <test-method status="SKIP" signature="tearDown()[pri:0, instance:executions.Cmpltdmtng_inAdmin_TS_101@5474c6c]" name="tearDown" is-config="true" duration-ms="0" started-at="2018-03-27T20:17:32Z" finished-at="2018-03-27T20:17:32Z">
          <reporter-output>
          </reporter-output>
        </test-method> <!-- tearDown -->
        <test-method status="SKIP" signature="CRe4_311_313()[pri:0, instance:executions.Cmpltdmtng_inAdmin_TS_101@5474c6c]" name="CRe4_311_313" duration-ms="0" started-at="2018-03-27T20:17:32Z" finished-at="2018-03-27T20:17:32Z">
          <reporter-output>
          </reporter-output>
        </test-method> <!-- CRe4_311_313 -->
        <test-method status="SKIP" signature="CRe4_315()[pri:0, instance:executions.Cmpltdmtng_inAdmin_TS_101@5474c6c]" name="CRe4_315" duration-ms="0" started-at="2018-03-27T20:17:32Z" finished-at="2018-03-27T20:17:32Z">
          <reporter-output>
          </reporter-output>
        </test-method> <!-- CRe4_315 -->
        <test-method status="SKIP" signature="beforeMethod()[pri:0, instance:executions.Cmpltdmtng_inAdmin_TS_101@5474c6c]" name="beforeMethod" is-config="true" duration-ms="0" started-at="2018-03-27T20:17:32Z" finished-at="2018-03-27T20:17:32Z">
          <reporter-output>
          </reporter-output>
        </test-method> <!-- beforeMethod -->
      </class> <!-- executions.Cmpltdmtng_inAdmin_TS_101 -->
      <class name="executions.Reschedule_mtng_TS_98">
        <test-method status="PASS" signature="beforeMethod()[pri:0, instance:executions.Reschedule_mtng_TS_98@326de728]" name="beforeMethod" is-config="true" duration-ms="15975" started-at="2018-03-27T19:48:15Z" finished-at="2018-03-27T19:48:31Z">
          <reporter-output>
          </reporter-output>
        </test-method> <!-- beforeMethod -->
        <test-method status="PASS" signature="CRe4_241()[pri:0, instance:executions.Reschedule_mtng_TS_98@326de728]" name="CRe4_241" duration-ms="29897" started-at="2018-03-27T19:48:31Z" finished-at="2018-03-27T19:49:01Z">
          <reporter-output>
          </reporter-output>
        </test-method> <!-- CRe4_241 -->
        <test-method status="PASS" signature="tearDown()[pri:0, instance:executions.Reschedule_mtng_TS_98@326de728]" name="tearDown" is-config="true" duration-ms="8" started-at="2018-03-27T19:49:01Z" finished-at="2018-03-27T19:49:01Z">
          <reporter-output>
          </reporter-output>
        </test-method> <!-- tearDown -->
        <test-method status="PASS" signature="beforeMethod()[pri:0, instance:executions.Reschedule_mtng_TS_98@326de728]" name="beforeMethod" is-config="true" duration-ms="15990" started-at="2018-03-27T19:49:01Z" finished-at="2018-03-27T19:49:17Z">
          <reporter-output>
          </reporter-output>
        </test-method> <!-- beforeMethod -->
        <test-method status="PASS" signature="CRe4_242()[pri:0, instance:executions.Reschedule_mtng_TS_98@326de728]" name="CRe4_242" duration-ms="22074" started-at="2018-03-27T19:49:17Z" finished-at="2018-03-27T19:49:39Z">
          <reporter-output>
          </reporter-output>
        </test-method> <!-- CRe4_242 -->
        <test-method status="PASS" signature="tearDown()[pri:0, instance:executions.Reschedule_mtng_TS_98@326de728]" name="tearDown" is-config="true" duration-ms="18" started-at="2018-03-27T19:49:39Z" finished-at="2018-03-27T19:49:39Z">
          <reporter-output>
          </reporter-output>
        </test-method> <!-- tearDown -->
        <test-method status="PASS" signature="beforeMethod()[pri:0, instance:executions.Reschedule_mtng_TS_98@326de728]" name="beforeMethod" is-config="true" duration-ms="16450" started-at="2018-03-27T19:49:39Z" finished-at="2018-03-27T19:49:56Z">
          <reporter-output>
          </reporter-output>
        </test-method> <!-- beforeMethod -->
        <test-method status="PASS" signature="CRe4_243_245()[pri:0, instance:executions.Reschedule_mtng_TS_98@326de728]" name="CRe4_243_245" duration-ms="35931" started-at="2018-03-27T19:49:56Z" finished-at="2018-03-27T19:50:31Z">
          <reporter-output>
          </reporter-output>
        </test-method> <!-- CRe4_243_245 -->
        <test-method status="PASS" signature="tearDown()[pri:0, instance:executions.Reschedule_mtng_TS_98@326de728]" name="tearDown" is-config="true" duration-ms="17" started-at="2018-03-27T19:50:31Z" finished-at="2018-03-27T19:50:31Z">
          <reporter-output>
          </reporter-output>
        </test-method> <!-- tearDown -->
        <test-method status="PASS" signature="beforeMethod()[pri:0, instance:executions.Reschedule_mtng_TS_98@326de728]" name="beforeMethod" is-config="true" duration-ms="14710" started-at="2018-03-27T19:50:31Z" finished-at="2018-03-27T19:50:46Z">
          <reporter-output>
          </reporter-output>
        </test-method> <!-- beforeMethod -->
        <test-method status="PASS" signature="CRe4_244()[pri:0, instance:executions.Reschedule_mtng_TS_98@326de728]" name="CRe4_244" duration-ms="30891" started-at="2018-03-27T19:50:46Z" finished-at="2018-03-27T19:51:17Z">
          <reporter-output>
          </reporter-output>
        </test-method> <!-- CRe4_244 -->
        <test-method status="PASS" signature="tearDown()[pri:0, instance:executions.Reschedule_mtng_TS_98@326de728]" name="tearDown" is-config="true" duration-ms="35" started-at="2018-03-27T19:51:17Z" finished-at="2018-03-27T19:51:17Z">
          <reporter-output>
          </reporter-output>
        </test-method> <!-- tearDown -->
      </class> <!-- executions.Reschedule_mtng_TS_98 -->
      <class name="executions.Cmpltdmtng_inMem_TS_105">
        <test-method status="PASS" signature="beforeMethod()[pri:0, instance:executions.Cmpltdmtng_inMem_TS_105@66048bfd]" name="beforeMethod" is-config="true" duration-ms="15317" started-at="2018-03-27T20:33:06Z" finished-at="2018-03-27T20:33:21Z">
          <reporter-output>
          </reporter-output>
        </test-method> <!-- beforeMethod -->
        <test-method status="PASS" signature="CRe4_378()[pri:0, instance:executions.Cmpltdmtng_inMem_TS_105@66048bfd]" name="CRe4_378" duration-ms="21819" started-at="2018-03-27T20:33:21Z" finished-at="2018-03-27T20:33:43Z">
          <reporter-output>
          </reporter-output>
        </test-method> <!-- CRe4_378 -->
        <test-method status="PASS" signature="tearDown()[pri:0, instance:executions.Cmpltdmtng_inMem_TS_105@66048bfd]" name="tearDown" is-config="true" duration-ms="17" started-at="2018-03-27T20:33:43Z" finished-at="2018-03-27T20:33:43Z">
          <reporter-output>
          </reporter-output>
        </test-method> <!-- tearDown -->
        <test-method status="PASS" signature="beforeMethod()[pri:0, instance:executions.Cmpltdmtng_inMem_TS_105@66048bfd]" name="beforeMethod" is-config="true" duration-ms="17664" started-at="2018-03-27T20:33:43Z" finished-at="2018-03-27T20:34:01Z">
          <reporter-output>
          </reporter-output>
        </test-method> <!-- beforeMethod -->
        <test-method status="PASS" signature="CRe4_380()[pri:0, instance:executions.Cmpltdmtng_inMem_TS_105@66048bfd]" name="CRe4_380" duration-ms="22848" started-at="2018-03-27T20:34:01Z" finished-at="2018-03-27T20:34:24Z">
          <reporter-output>
          </reporter-output>
        </test-method> <!-- CRe4_380 -->
        <test-method status="PASS" signature="tearDown()[pri:0, instance:executions.Cmpltdmtng_inMem_TS_105@66048bfd]" name="tearDown" is-config="true" duration-ms="30" started-at="2018-03-27T20:34:24Z" finished-at="2018-03-27T20:34:24Z">
          <reporter-output>
          </reporter-output>
        </test-method> <!-- tearDown -->
        <test-method status="PASS" signature="beforeMethod()[pri:0, instance:executions.Cmpltdmtng_inMem_TS_105@66048bfd]" name="beforeMethod" is-config="true" duration-ms="15132" started-at="2018-03-27T20:34:24Z" finished-at="2018-03-27T20:34:39Z">
          <reporter-output>
          </reporter-output>
        </test-method> <!-- beforeMethod -->
        <test-method status="PASS" signature="CRe4_381()[pri:0, instance:executions.Cmpltdmtng_inMem_TS_105@66048bfd]" name="CRe4_381" duration-ms="20524" started-at="2018-03-27T20:34:39Z" finished-at="2018-03-27T20:34:59Z">
          <reporter-output>
          </reporter-output>
        </test-method> <!-- CRe4_381 -->
        <test-method status="PASS" signature="tearDown()[pri:0, instance:executions.Cmpltdmtng_inMem_TS_105@66048bfd]" name="tearDown" is-config="true" duration-ms="39" started-at="2018-03-27T20:34:59Z" finished-at="2018-03-27T20:34:59Z">
          <reporter-output>
          </reporter-output>
        </test-method> <!-- tearDown -->
        <test-method status="PASS" signature="beforeMethod()[pri:0, instance:executions.Cmpltdmtng_inMem_TS_105@66048bfd]" name="beforeMethod" is-config="true" duration-ms="16841" started-at="2018-03-27T20:34:59Z" finished-at="2018-03-27T20:35:16Z">
          <reporter-output>
          </reporter-output>
        </test-method> <!-- beforeMethod -->
        <test-method status="PASS" signature="CRe4_382()[pri:0, instance:executions.Cmpltdmtng_inMem_TS_105@66048bfd]" name="CRe4_382" duration-ms="24107" started-at="2018-03-27T20:35:16Z" finished-at="2018-03-27T20:35:40Z">
          <reporter-output>
          </reporter-output>
        </test-method> <!-- CRe4_382 -->
        <test-method status="PASS" signature="tearDown()[pri:0, instance:executions.Cmpltdmtng_inMem_TS_105@66048bfd]" name="tearDown" is-config="true" duration-ms="31" started-at="2018-03-27T20:35:40Z" finished-at="2018-03-27T20:35:40Z">
          <reporter-output>
          </reporter-output>
        </test-method> <!-- tearDown -->
        <test-method status="PASS" signature="beforeMethod()[pri:0, instance:executions.Cmpltdmtng_inMem_TS_105@66048bfd]" name="beforeMethod" is-config="true" duration-ms="15756" started-at="2018-03-27T20:35:40Z" finished-at="2018-03-27T20:35:56Z">
          <reporter-output>
          </reporter-output>
        </test-method> <!-- beforeMethod -->
        <test-method status="PASS" signature="CRe4_383()[pri:0, instance:executions.Cmpltdmtng_inMem_TS_105@66048bfd]" name="CRe4_383" duration-ms="23042" started-at="2018-03-27T20:35:56Z" finished-at="2018-03-27T20:36:19Z">
          <reporter-output>
          </reporter-output>
        </test-method> <!-- CRe4_383 -->
        <test-method status="PASS" signature="tearDown()[pri:0, instance:executions.Cmpltdmtng_inMem_TS_105@66048bfd]" name="tearDown" is-config="true" duration-ms="15" started-at="2018-03-27T20:36:19Z" finished-at="2018-03-27T20:36:19Z">
          <reporter-output>
          </reporter-output>
        </test-method> <!-- tearDown -->
        <test-method status="PASS" signature="beforeMethod()[pri:0, instance:executions.Cmpltdmtng_inMem_TS_105@66048bfd]" name="beforeMethod" is-config="true" duration-ms="15146" started-at="2018-03-27T20:36:19Z" finished-at="2018-03-27T20:36:34Z">
          <reporter-output>
          </reporter-output>
        </test-method> <!-- beforeMethod -->
        <test-method status="PASS" signature="CRe4_384()[pri:0, instance:executions.Cmpltdmtng_inMem_TS_105@66048bfd]" name="CRe4_384" duration-ms="23090" started-at="2018-03-27T20:36:34Z" finished-at="2018-03-27T20:36:57Z">
          <reporter-output>
          </reporter-output>
        </test-method> <!-- CRe4_384 -->
        <test-method status="PASS" signature="tearDown()[pri:0, instance:executions.Cmpltdmtng_inMem_TS_105@66048bfd]" name="tearDown" is-config="true" duration-ms="25" started-at="2018-03-27T20:36:57Z" finished-at="2018-03-27T20:36:57Z">
          <reporter-output>
          </reporter-output>
        </test-method> <!-- tearDown -->
        <test-method status="PASS" signature="beforeMethod()[pri:0, instance:executions.Cmpltdmtng_inMem_TS_105@66048bfd]" name="beforeMethod" is-config="true" duration-ms="15817" started-at="2018-03-27T20:36:57Z" finished-at="2018-03-27T20:37:13Z">
          <reporter-output>
          </reporter-output>
        </test-method> <!-- beforeMethod -->
        <test-method status="PASS" signature="CRe4_387()[pri:0, instance:executions.Cmpltdmtng_inMem_TS_105@66048bfd]" name="CRe4_387" duration-ms="20824" started-at="2018-03-27T20:37:13Z" finished-at="2018-03-27T20:37:34Z">
          <reporter-output>
          </reporter-output>
        </test-method> <!-- CRe4_387 -->
        <test-method status="PASS" signature="tearDown()[pri:0, instance:executions.Cmpltdmtng_inMem_TS_105@66048bfd]" name="tearDown" is-config="true" duration-ms="11" started-at="2018-03-27T20:37:34Z" finished-at="2018-03-27T20:37:34Z">
          <reporter-output>
          </reporter-output>
        </test-method> <!-- tearDown -->
        <test-method status="PASS" signature="beforeMethod()[pri:0, instance:executions.Cmpltdmtng_inMem_TS_105@66048bfd]" name="beforeMethod" is-config="true" duration-ms="13253" started-at="2018-03-27T20:37:34Z" finished-at="2018-03-27T20:37:47Z">
          <reporter-output>
          </reporter-output>
        </test-method> <!-- beforeMethod -->
        <test-method status="PASS" signature="CRe4_390()[pri:0, instance:executions.Cmpltdmtng_inMem_TS_105@66048bfd]" name="CRe4_390" duration-ms="15390" started-at="2018-03-27T20:37:47Z" finished-at="2018-03-27T20:38:03Z">
          <reporter-output>
          </reporter-output>
        </test-method> <!-- CRe4_390 -->
        <test-method status="PASS" signature="tearDown()[pri:0, instance:executions.Cmpltdmtng_inMem_TS_105@66048bfd]" name="tearDown" is-config="true" duration-ms="8" started-at="2018-03-27T20:38:03Z" finished-at="2018-03-27T20:38:03Z">
          <reporter-output>
          </reporter-output>
        </test-method> <!-- tearDown -->
        <test-method status="PASS" signature="beforeMethod()[pri:0, instance:executions.Cmpltdmtng_inMem_TS_105@66048bfd]" name="beforeMethod" is-config="true" duration-ms="13151" started-at="2018-03-27T20:38:03Z" finished-at="2018-03-27T20:38:16Z">
          <reporter-output>
          </reporter-output>
        </test-method> <!-- beforeMethod -->
        <test-method status="PASS" signature="CRe4_391_392()[pri:0, instance:executions.Cmpltdmtng_inMem_TS_105@66048bfd]" name="CRe4_391_392" duration-ms="29265" started-at="2018-03-27T20:38:16Z" finished-at="2018-03-27T20:38:45Z">
          <reporter-output>
          </reporter-output>
        </test-method> <!-- CRe4_391_392 -->
        <test-method status="PASS" signature="tearDown()[pri:0, instance:executions.Cmpltdmtng_inMem_TS_105@66048bfd]" name="tearDown" is-config="true" duration-ms="15" started-at="2018-03-27T20:38:45Z" finished-at="2018-03-27T20:38:45Z">
          <reporter-output>
          </reporter-output>
        </test-method> <!-- tearDown -->
      </class> <!-- executions.Cmpltdmtng_inMem_TS_105 -->
      <class name="executions.Upcmngmtng_in_admin_TS_100">
        <test-method status="FAIL" signature="beforeMethod()[pri:0, instance:executions.Upcmngmtng_in_admin_TS_100@2cfb4a64]" name="beforeMethod" is-config="true" duration-ms="0" started-at="2018-03-27T20:17:32Z" finished-at="2018-03-27T20:17:32Z">
          <exception class="java.lang.NoClassDefFoundError">
            <message>
              <![CDATA[com/global/methods/GlobalMethods]]>
            </message>
            <full-stacktrace>
              <![CDATA[java.lang.NoClassDefFoundError: com/global/methods/GlobalMethods
	at executions.Upcmngmtng_in_admin_TS_100.beforeMethod(Upcmngmtng_in_admin_TS_100.java:26)
	at sun.reflect.NativeMethodAccessorImpl.invoke0(Native Method)
	at sun.reflect.NativeMethodAccessorImpl.invoke(Unknown Source)
	at sun.reflect.DelegatingMethodAccessorImpl.invoke(Unknown Source)
	at java.lang.reflect.Method.invoke(Unknown Source)
	at org.testng.internal.MethodInvocationHelper.invokeMethod(MethodInvocationHelper.java:85)
	at org.testng.internal.Invoker.invokeConfigurationMethod(Invoker.java:510)
	at org.testng.internal.Invoker.invokeConfigurations(Invoker.java:211)
	at org.testng.internal.Invoker.invokeMethod(Invoker.java:585)
	at org.testng.internal.Invoker.invokeTestMethod(Invoker.java:816)
	at org.testng.internal.Invoker.invokeTestMethods(Invoker.java:1124)
	at org.testng.internal.TestMethodWorker.invokeTestMethods(TestMethodWorker.java:125)
	at org.testng.internal.TestMethodWorker.run(TestMethodWorker.java:108)
	at org.testng.TestRunner.privateRun(TestRunner.java:774)
	at org.testng.TestRunner.run(TestRunner.java:624)
	at org.testng.SuiteRunner.runTest(SuiteRunner.java:359)
	at org.testng.SuiteRunner.runSequentially(SuiteRunner.java:354)
	at org.testng.SuiteRunner.privateRun(SuiteRunner.java:312)
	at org.testng.SuiteRunner.run(SuiteRunner.java:261)
	at org.testng.SuiteRunnerWorker.runSuite(SuiteRunnerWorker.java:52)
	at org.testng.SuiteRunnerWorker.run(SuiteRunnerWorker.java:86)
	at org.testng.TestNG.runSuitesSequentially(TestNG.java:1215)
	at org.testng.TestNG.runSuitesLocally(TestNG.java:1140)
	at org.testng.TestNG.run(TestNG.java:1048)
	at org.testng.TestNG.privateMain(TestNG.java:1355)
	at org.testng.TestNG.main(TestNG.java:1324)
Caused by: java.lang.ClassNotFoundException: com.global.methods.GlobalMethods
	at java.net.URLClassLoader.findClass(Unknown Source)
	at java.lang.ClassLoader.loadClass(Unknown Source)
	at sun.misc.Launcher$AppClassLoader.loadClass(Unknown Source)
	at java.lang.ClassLoader.loadClass(Unknown Source)
	... 26 more
]]>
            </full-stacktrace>
          </exception> <!-- java.lang.NoClassDefFoundError -->
          <reporter-output>
          </reporter-output>
        </test-method> <!-- beforeMethod -->
        <test-method status="SKIP" signature="CRe4_279_280_281()[pri:0, instance:executions.Upcmngmtng_in_admin_TS_100@2cfb4a64]" name="CRe4_279_280_281" duration-ms="1" started-at="2018-03-27T20:17:32Z" finished-at="2018-03-27T20:17:32Z">
          <reporter-output>
          </reporter-output>
        </test-method> <!-- CRe4_279_280_281 -->
        <test-method status="SKIP" signature="beforeMethod()[pri:0, instance:executions.Upcmngmtng_in_admin_TS_100@2cfb4a64]" name="beforeMethod" is-config="true" duration-ms="0" started-at="2018-03-27T20:17:32Z" finished-at="2018-03-27T20:17:32Z">
          <reporter-output>
          </reporter-output>
        </test-method> <!-- beforeMethod -->
        <test-method status="SKIP" signature="tearDown()[pri:0, instance:executions.Upcmngmtng_in_admin_TS_100@2cfb4a64]" name="tearDown" is-config="true" duration-ms="0" started-at="2018-03-27T20:17:32Z" finished-at="2018-03-27T20:17:32Z">
          <reporter-output>
          </reporter-output>
        </test-method> <!-- tearDown -->
        <test-method status="SKIP" signature="tearDown()[pri:0, instance:executions.Upcmngmtng_in_admin_TS_100@2cfb4a64]" name="tearDown" is-config="true" duration-ms="0" started-at="2018-03-27T20:17:32Z" finished-at="2018-03-27T20:17:32Z">
          <reporter-output>
          </reporter-output>
        </test-method> <!-- tearDown -->
        <test-method status="SKIP" signature="CRe4_283()[pri:0, instance:executions.Upcmngmtng_in_admin_TS_100@2cfb4a64]" name="CRe4_283" duration-ms="0" started-at="2018-03-27T20:17:32Z" finished-at="2018-03-27T20:17:32Z">
          <reporter-output>
          </reporter-output>
        </test-method> <!-- CRe4_283 -->
        <test-method status="SKIP" signature="CRe4_284()[pri:0, instance:executions.Upcmngmtng_in_admin_TS_100@2cfb4a64]" name="CRe4_284" duration-ms="0" started-at="2018-03-27T20:17:32Z" finished-at="2018-03-27T20:17:32Z">
          <reporter-output>
          </reporter-output>
        </test-method> <!-- CRe4_284 -->
        <test-method status="SKIP" signature="tearDown()[pri:0, instance:executions.Upcmngmtng_in_admin_TS_100@2cfb4a64]" name="tearDown" is-config="true" duration-ms="0" started-at="2018-03-27T20:17:32Z" finished-at="2018-03-27T20:17:32Z">
          <reporter-output>
          </reporter-output>
        </test-method> <!-- tearDown -->
        <test-method status="SKIP" signature="beforeMethod()[pri:0, instance:executions.Upcmngmtng_in_admin_TS_100@2cfb4a64]" name="beforeMethod" is-config="true" duration-ms="0" started-at="2018-03-27T20:17:32Z" finished-at="2018-03-27T20:17:32Z">
          <reporter-output>
          </reporter-output>
        </test-method> <!-- beforeMethod -->
        <test-method status="SKIP" signature="beforeMethod()[pri:0, instance:executions.Upcmngmtng_in_admin_TS_100@2cfb4a64]" name="beforeMethod" is-config="true" duration-ms="0" started-at="2018-03-27T20:17:32Z" finished-at="2018-03-27T20:17:32Z">
          <reporter-output>
          </reporter-output>
        </test-method> <!-- beforeMethod -->
        <test-method status="SKIP" signature="CRe4_285()[pri:0, instance:executions.Upcmngmtng_in_admin_TS_100@2cfb4a64]" name="CRe4_285" duration-ms="0" started-at="2018-03-27T20:17:32Z" finished-at="2018-03-27T20:17:32Z">
          <reporter-output>
          </reporter-output>
        </test-method> <!-- CRe4_285 -->
        <test-method status="SKIP" signature="tearDown()[pri:0, instance:executions.Upcmngmtng_in_admin_TS_100@2cfb4a64]" name="tearDown" is-config="true" duration-ms="0" started-at="2018-03-27T20:17:32Z" finished-at="2018-03-27T20:17:32Z">
          <reporter-output>
          </reporter-output>
        </test-method> <!-- tearDown -->
        <test-method status="SKIP" signature="beforeMethod()[pri:0, instance:executions.Upcmngmtng_in_admin_TS_100@2cfb4a64]" name="beforeMethod" is-config="true" duration-ms="0" started-at="2018-03-27T20:17:32Z" finished-at="2018-03-27T20:17:32Z">
          <reporter-output>
          </reporter-output>
        </test-method> <!-- beforeMethod -->
        <test-method status="SKIP" signature="CRe4_286()[pri:0, instance:executions.Upcmngmtng_in_admin_TS_100@2cfb4a64]" name="CRe4_286" duration-ms="0" started-at="2018-03-27T20:17:32Z" finished-at="2018-03-27T20:17:32Z">
          <reporter-output>
          </reporter-output>
        </test-method> <!-- CRe4_286 -->
        <test-method status="SKIP" signature="tearDown()[pri:0, instance:executions.Upcmngmtng_in_admin_TS_100@2cfb4a64]" name="tearDown" is-config="true" duration-ms="0" started-at="2018-03-27T20:17:32Z" finished-at="2018-03-27T20:17:32Z">
          <reporter-output>
          </reporter-output>
        </test-method> <!-- tearDown -->
        <test-method status="SKIP" signature="beforeMethod()[pri:0, instance:executions.Upcmngmtng_in_admin_TS_100@2cfb4a64]" name="beforeMethod" is-config="true" duration-ms="0" started-at="2018-03-27T20:17:32Z" finished-at="2018-03-27T20:17:32Z">
          <reporter-output>
          </reporter-output>
        </test-method> <!-- beforeMethod -->
        <test-method status="SKIP" signature="beforeMethod()[pri:0, instance:executions.Upcmngmtng_in_admin_TS_100@2cfb4a64]" name="beforeMethod" is-config="true" duration-ms="0" started-at="2018-03-27T20:17:32Z" finished-at="2018-03-27T20:17:32Z">
          <reporter-output>
          </reporter-output>
        </test-method> <!-- beforeMethod -->
        <test-method status="SKIP" signature="beforeMethod()[pri:0, instance:executions.Upcmngmtng_in_admin_TS_100@2cfb4a64]" name="beforeMethod" is-config="true" duration-ms="0" started-at="2018-03-27T20:17:32Z" finished-at="2018-03-27T20:17:32Z">
          <reporter-output>
          </reporter-output>
        </test-method> <!-- beforeMethod -->
        <test-method status="SKIP" signature="tearDown()[pri:0, instance:executions.Upcmngmtng_in_admin_TS_100@2cfb4a64]" name="tearDown" is-config="true" duration-ms="0" started-at="2018-03-27T20:17:32Z" finished-at="2018-03-27T20:17:32Z">
          <reporter-output>
          </reporter-output>
        </test-method> <!-- tearDown -->
        <test-method status="SKIP" signature="CRe4_298_299_300()[pri:0, instance:executions.Upcmngmtng_in_admin_TS_100@2cfb4a64]" name="CRe4_298_299_300" duration-ms="0" started-at="2018-03-27T20:17:32Z" finished-at="2018-03-27T20:17:32Z">
          <reporter-output>
          </reporter-output>
        </test-method> <!-- CRe4_298_299_300 -->
        <test-method status="SKIP" signature="tearDown()[pri:0, instance:executions.Upcmngmtng_in_admin_TS_100@2cfb4a64]" name="tearDown" is-config="true" duration-ms="0" started-at="2018-03-27T20:17:32Z" finished-at="2018-03-27T20:17:32Z">
          <reporter-output>
          </reporter-output>
        </test-method> <!-- tearDown -->
        <test-method status="SKIP" signature="tearDown()[pri:0, instance:executions.Upcmngmtng_in_admin_TS_100@2cfb4a64]" name="tearDown" is-config="true" duration-ms="0" started-at="2018-03-27T20:17:32Z" finished-at="2018-03-27T20:17:32Z">
          <reporter-output>
          </reporter-output>
        </test-method> <!-- tearDown -->
        <test-method status="SKIP" signature="CRe4_293_294_295()[pri:0, instance:executions.Upcmngmtng_in_admin_TS_100@2cfb4a64]" name="CRe4_293_294_295" duration-ms="0" started-at="2018-03-27T20:17:32Z" finished-at="2018-03-27T20:17:32Z">
          <reporter-output>
          </reporter-output>
        </test-method> <!-- CRe4_293_294_295 -->
        <test-method status="SKIP" signature="CRe4_296()[pri:0, instance:executions.Upcmngmtng_in_admin_TS_100@2cfb4a64]" name="CRe4_296" duration-ms="0" started-at="2018-03-27T20:17:32Z" finished-at="2018-03-27T20:17:32Z">
          <reporter-output>
          </reporter-output>
        </test-method> <!-- CRe4_296 -->
      </class> <!-- executions.Upcmngmtng_in_admin_TS_100 -->
      <class name="executions.Cmpletdmtng_inMS_TS_99">
        <test-method status="PASS" signature="beforeMethod()[pri:0, instance:executions.Cmpletdmtng_inMS_TS_99@71f2a7d5]" name="beforeMethod" is-config="true" duration-ms="13629" started-at="2018-03-27T20:02:07Z" finished-at="2018-03-27T20:02:20Z">
          <reporter-output>
          </reporter-output>
        </test-method> <!-- beforeMethod -->
        <test-method status="PASS" signature="CRe4_247()[pri:0, instance:executions.Cmpletdmtng_inMS_TS_99@71f2a7d5]" name="CRe4_247" duration-ms="24089" started-at="2018-03-27T20:02:20Z" finished-at="2018-03-27T20:02:44Z">
          <reporter-output>
          </reporter-output>
        </test-method> <!-- CRe4_247 -->
        <test-method status="PASS" signature="tearDown()[pri:0, instance:executions.Cmpletdmtng_inMS_TS_99@71f2a7d5]" name="tearDown" is-config="true" duration-ms="22" started-at="2018-03-27T20:02:44Z" finished-at="2018-03-27T20:02:44Z">
          <reporter-output>
          </reporter-output>
        </test-method> <!-- tearDown -->
        <test-method status="PASS" signature="beforeMethod()[pri:0, instance:executions.Cmpletdmtng_inMS_TS_99@71f2a7d5]" name="beforeMethod" is-config="true" duration-ms="16913" started-at="2018-03-27T20:02:44Z" finished-at="2018-03-27T20:03:01Z">
          <reporter-output>
          </reporter-output>
        </test-method> <!-- beforeMethod -->
        <test-method status="PASS" signature="CRe4_249()[pri:0, instance:executions.Cmpletdmtng_inMS_TS_99@71f2a7d5]" name="CRe4_249" duration-ms="22362" started-at="2018-03-27T20:03:01Z" finished-at="2018-03-27T20:03:24Z">
          <reporter-output>
          </reporter-output>
        </test-method> <!-- CRe4_249 -->
        <test-method status="PASS" signature="tearDown()[pri:0, instance:executions.Cmpletdmtng_inMS_TS_99@71f2a7d5]" name="tearDown" is-config="true" duration-ms="19" started-at="2018-03-27T20:03:24Z" finished-at="2018-03-27T20:03:24Z">
          <reporter-output>
          </reporter-output>
        </test-method> <!-- tearDown -->
        <test-method status="PASS" signature="beforeMethod()[pri:0, instance:executions.Cmpletdmtng_inMS_TS_99@71f2a7d5]" name="beforeMethod" is-config="true" duration-ms="13719" started-at="2018-03-27T20:03:24Z" finished-at="2018-03-27T20:03:37Z">
          <reporter-output>
          </reporter-output>
        </test-method> <!-- beforeMethod -->
        <test-method status="PASS" signature="CRe4_250()[pri:0, instance:executions.Cmpletdmtng_inMS_TS_99@71f2a7d5]" name="CRe4_250" duration-ms="23730" started-at="2018-03-27T20:03:37Z" finished-at="2018-03-27T20:04:01Z">
          <reporter-output>
          </reporter-output>
        </test-method> <!-- CRe4_250 -->
        <test-method status="PASS" signature="tearDown()[pri:0, instance:executions.Cmpletdmtng_inMS_TS_99@71f2a7d5]" name="tearDown" is-config="true" duration-ms="12" started-at="2018-03-27T20:04:01Z" finished-at="2018-03-27T20:04:01Z">
          <reporter-output>
          </reporter-output>
        </test-method> <!-- tearDown -->
        <test-method status="PASS" signature="beforeMethod()[pri:0, instance:executions.Cmpletdmtng_inMS_TS_99@71f2a7d5]" name="beforeMethod" is-config="true" duration-ms="15950" started-at="2018-03-27T20:04:01Z" finished-at="2018-03-27T20:04:17Z">
          <reporter-output>
          </reporter-output>
        </test-method> <!-- beforeMethod -->
        <test-method status="PASS" signature="CRe4_252()[pri:0, instance:executions.Cmpletdmtng_inMS_TS_99@71f2a7d5]" name="CRe4_252" duration-ms="25383" started-at="2018-03-27T20:04:17Z" finished-at="2018-03-27T20:04:43Z">
          <reporter-output>
          </reporter-output>
        </test-method> <!-- CRe4_252 -->
        <test-method status="PASS" signature="tearDown()[pri:0, instance:executions.Cmpletdmtng_inMS_TS_99@71f2a7d5]" name="tearDown" is-config="true" duration-ms="17" started-at="2018-03-27T20:04:43Z" finished-at="2018-03-27T20:04:43Z">
          <reporter-output>
          </reporter-output>
        </test-method> <!-- tearDown -->
        <test-method status="PASS" signature="beforeMethod()[pri:0, instance:executions.Cmpletdmtng_inMS_TS_99@71f2a7d5]" name="beforeMethod" is-config="true" duration-ms="17738" started-at="2018-03-27T20:04:43Z" finished-at="2018-03-27T20:05:00Z">
          <reporter-output>
          </reporter-output>
        </test-method> <!-- beforeMethod -->
        <test-method status="PASS" signature="CRe4_253()[pri:0, instance:executions.Cmpletdmtng_inMS_TS_99@71f2a7d5]" name="CRe4_253" duration-ms="22423" started-at="2018-03-27T20:05:00Z" finished-at="2018-03-27T20:05:23Z">
          <reporter-output>
          </reporter-output>
        </test-method> <!-- CRe4_253 -->
        <test-method status="PASS" signature="tearDown()[pri:0, instance:executions.Cmpletdmtng_inMS_TS_99@71f2a7d5]" name="tearDown" is-config="true" duration-ms="14" started-at="2018-03-27T20:05:23Z" finished-at="2018-03-27T20:05:23Z">
          <reporter-output>
          </reporter-output>
        </test-method> <!-- tearDown -->
        <test-method status="PASS" signature="beforeMethod()[pri:0, instance:executions.Cmpletdmtng_inMS_TS_99@71f2a7d5]" name="beforeMethod" is-config="true" duration-ms="12894" started-at="2018-03-27T20:05:23Z" finished-at="2018-03-27T20:05:36Z">
          <reporter-output>
          </reporter-output>
        </test-method> <!-- beforeMethod -->
        <test-method status="PASS" signature="CRe4_256()[pri:0, instance:executions.Cmpletdmtng_inMS_TS_99@71f2a7d5]" name="CRe4_256" duration-ms="35397" started-at="2018-03-27T20:05:36Z" finished-at="2018-03-27T20:06:11Z">
          <reporter-output>
          </reporter-output>
        </test-method> <!-- CRe4_256 -->
        <test-method status="PASS" signature="tearDown()[pri:0, instance:executions.Cmpletdmtng_inMS_TS_99@71f2a7d5]" name="tearDown" is-config="true" duration-ms="20" started-at="2018-03-27T20:06:11Z" finished-at="2018-03-27T20:06:11Z">
          <reporter-output>
          </reporter-output>
        </test-method> <!-- tearDown -->
        <test-method status="PASS" signature="beforeMethod()[pri:0, instance:executions.Cmpletdmtng_inMS_TS_99@71f2a7d5]" name="beforeMethod" is-config="true" duration-ms="14115" started-at="2018-03-27T20:06:11Z" finished-at="2018-03-27T20:06:25Z">
          <reporter-output>
          </reporter-output>
        </test-method> <!-- beforeMethod -->
        <test-method status="PASS" signature="CRe4_259()[pri:0, instance:executions.Cmpletdmtng_inMS_TS_99@71f2a7d5]" name="CRe4_259" duration-ms="23914" started-at="2018-03-27T20:06:25Z" finished-at="2018-03-27T20:06:49Z">
          <reporter-output>
          </reporter-output>
        </test-method> <!-- CRe4_259 -->
        <test-method status="PASS" signature="tearDown()[pri:0, instance:executions.Cmpletdmtng_inMS_TS_99@71f2a7d5]" name="tearDown" is-config="true" duration-ms="7" started-at="2018-03-27T20:06:49Z" finished-at="2018-03-27T20:06:49Z">
          <reporter-output>
          </reporter-output>
        </test-method> <!-- tearDown -->
        <test-method status="PASS" signature="beforeMethod()[pri:0, instance:executions.Cmpletdmtng_inMS_TS_99@71f2a7d5]" name="beforeMethod" is-config="true" duration-ms="12771" started-at="2018-03-27T20:06:49Z" finished-at="2018-03-27T20:07:02Z">
          <reporter-output>
          </reporter-output>
        </test-method> <!-- beforeMethod -->
        <test-method status="PASS" signature="CRe4_262()[pri:0, instance:executions.Cmpletdmtng_inMS_TS_99@71f2a7d5]" name="CRe4_262" duration-ms="23318" started-at="2018-03-27T20:07:02Z" finished-at="2018-03-27T20:07:25Z">
          <reporter-output>
          </reporter-output>
        </test-method> <!-- CRe4_262 -->
        <test-method status="PASS" signature="tearDown()[pri:0, instance:executions.Cmpletdmtng_inMS_TS_99@71f2a7d5]" name="tearDown" is-config="true" duration-ms="21" started-at="2018-03-27T20:07:25Z" finished-at="2018-03-27T20:07:25Z">
          <reporter-output>
          </reporter-output>
        </test-method> <!-- tearDown -->
        <test-method status="PASS" signature="beforeMethod()[pri:0, instance:executions.Cmpletdmtng_inMS_TS_99@71f2a7d5]" name="beforeMethod" is-config="true" duration-ms="16052" started-at="2018-03-27T20:07:25Z" finished-at="2018-03-27T20:07:41Z">
          <reporter-output>
          </reporter-output>
        </test-method> <!-- beforeMethod -->
        <test-method status="PASS" signature="CRe4_263()[pri:0, instance:executions.Cmpletdmtng_inMS_TS_99@71f2a7d5]" name="CRe4_263" duration-ms="18764" started-at="2018-03-27T20:07:41Z" finished-at="2018-03-27T20:08:00Z">
          <reporter-output>
          </reporter-output>
        </test-method> <!-- CRe4_263 -->
        <test-method status="PASS" signature="tearDown()[pri:0, instance:executions.Cmpletdmtng_inMS_TS_99@71f2a7d5]" name="tearDown" is-config="true" duration-ms="32" started-at="2018-03-27T20:08:00Z" finished-at="2018-03-27T20:08:00Z">
          <reporter-output>
          </reporter-output>
        </test-method> <!-- tearDown -->
        <test-method status="PASS" signature="beforeMethod()[pri:0, instance:executions.Cmpletdmtng_inMS_TS_99@71f2a7d5]" name="beforeMethod" is-config="true" duration-ms="13171" started-at="2018-03-27T20:08:00Z" finished-at="2018-03-27T20:08:13Z">
          <reporter-output>
          </reporter-output>
        </test-method> <!-- beforeMethod -->
        <test-method status="PASS" signature="CRe4_264()[pri:0, instance:executions.Cmpletdmtng_inMS_TS_99@71f2a7d5]" name="CRe4_264" duration-ms="21741" started-at="2018-03-27T20:08:13Z" finished-at="2018-03-27T20:08:35Z">
          <reporter-output>
          </reporter-output>
        </test-method> <!-- CRe4_264 -->
        <test-method status="PASS" signature="tearDown()[pri:0, instance:executions.Cmpletdmtng_inMS_TS_99@71f2a7d5]" name="tearDown" is-config="true" duration-ms="16" started-at="2018-03-27T20:08:35Z" finished-at="2018-03-27T20:08:35Z">
          <reporter-output>
          </reporter-output>
        </test-method> <!-- tearDown -->
        <test-method status="PASS" signature="beforeMethod()[pri:0, instance:executions.Cmpletdmtng_inMS_TS_99@71f2a7d5]" name="beforeMethod" is-config="true" duration-ms="51484" started-at="2018-03-27T20:08:35Z" finished-at="2018-03-27T20:09:26Z">
          <reporter-output>
          </reporter-output>
        </test-method> <!-- beforeMethod -->
        <test-method status="PASS" signature="CRe4_265()[pri:0, instance:executions.Cmpletdmtng_inMS_TS_99@71f2a7d5]" name="CRe4_265" duration-ms="22664" started-at="2018-03-27T20:09:26Z" finished-at="2018-03-27T20:09:49Z">
          <reporter-output>
          </reporter-output>
        </test-method> <!-- CRe4_265 -->
        <test-method status="PASS" signature="tearDown()[pri:0, instance:executions.Cmpletdmtng_inMS_TS_99@71f2a7d5]" name="tearDown" is-config="true" duration-ms="34" started-at="2018-03-27T20:09:49Z" finished-at="2018-03-27T20:09:49Z">
          <reporter-output>
          </reporter-output>
        </test-method> <!-- tearDown -->
        <test-method status="PASS" signature="beforeMethod()[pri:0, instance:executions.Cmpletdmtng_inMS_TS_99@71f2a7d5]" name="beforeMethod" is-config="true" duration-ms="16300" started-at="2018-03-27T20:09:49Z" finished-at="2018-03-27T20:10:05Z">
          <reporter-output>
          </reporter-output>
        </test-method> <!-- beforeMethod -->
        <test-method status="PASS" signature="CRe4_266()[pri:0, instance:executions.Cmpletdmtng_inMS_TS_99@71f2a7d5]" name="CRe4_266" duration-ms="22456" started-at="2018-03-27T20:10:05Z" finished-at="2018-03-27T20:10:28Z">
          <reporter-output>
          </reporter-output>
        </test-method> <!-- CRe4_266 -->
        <test-method status="PASS" signature="tearDown()[pri:0, instance:executions.Cmpletdmtng_inMS_TS_99@71f2a7d5]" name="tearDown" is-config="true" duration-ms="22" started-at="2018-03-27T20:10:28Z" finished-at="2018-03-27T20:10:28Z">
          <reporter-output>
          </reporter-output>
        </test-method> <!-- tearDown -->
        <test-method status="PASS" signature="beforeMethod()[pri:0, instance:executions.Cmpletdmtng_inMS_TS_99@71f2a7d5]" name="beforeMethod" is-config="true" duration-ms="13913" started-at="2018-03-27T20:10:28Z" finished-at="2018-03-27T20:10:42Z">
          <reporter-output>
          </reporter-output>
        </test-method> <!-- beforeMethod -->
        <test-method status="PASS" signature="CRe4_267()[pri:0, instance:executions.Cmpletdmtng_inMS_TS_99@71f2a7d5]" name="CRe4_267" duration-ms="22755" started-at="2018-03-27T20:10:42Z" finished-at="2018-03-27T20:11:05Z">
          <reporter-output>
          </reporter-output>
        </test-method> <!-- CRe4_267 -->
        <test-method status="PASS" signature="tearDown()[pri:0, instance:executions.Cmpletdmtng_inMS_TS_99@71f2a7d5]" name="tearDown" is-config="true" duration-ms="146" started-at="2018-03-27T20:11:05Z" finished-at="2018-03-27T20:11:05Z">
          <reporter-output>
          </reporter-output>
        </test-method> <!-- tearDown -->
        <test-method status="PASS" signature="beforeMethod()[pri:0, instance:executions.Cmpletdmtng_inMS_TS_99@71f2a7d5]" name="beforeMethod" is-config="true" duration-ms="15371" started-at="2018-03-27T20:11:05Z" finished-at="2018-03-27T20:11:20Z">
          <reporter-output>
          </reporter-output>
        </test-method> <!-- beforeMethod -->
        <test-method status="PASS" signature="CRe4_268()[pri:0, instance:executions.Cmpletdmtng_inMS_TS_99@71f2a7d5]" name="CRe4_268" duration-ms="21465" started-at="2018-03-27T20:11:20Z" finished-at="2018-03-27T20:11:42Z">
          <reporter-output>
          </reporter-output>
        </test-method> <!-- CRe4_268 -->
        <test-method status="PASS" signature="tearDown()[pri:0, instance:executions.Cmpletdmtng_inMS_TS_99@71f2a7d5]" name="tearDown" is-config="true" duration-ms="7" started-at="2018-03-27T20:11:42Z" finished-at="2018-03-27T20:11:42Z">
          <reporter-output>
          </reporter-output>
        </test-method> <!-- tearDown -->
        <test-method status="PASS" signature="beforeMethod()[pri:0, instance:executions.Cmpletdmtng_inMS_TS_99@71f2a7d5]" name="beforeMethod" is-config="true" duration-ms="15684" started-at="2018-03-27T20:11:42Z" finished-at="2018-03-27T20:11:57Z">
          <reporter-output>
          </reporter-output>
        </test-method> <!-- beforeMethod -->
        <test-method status="PASS" signature="CRe4_269()[pri:0, instance:executions.Cmpletdmtng_inMS_TS_99@71f2a7d5]" name="CRe4_269" duration-ms="23475" started-at="2018-03-27T20:11:57Z" finished-at="2018-03-27T20:12:21Z">
          <reporter-output>
          </reporter-output>
        </test-method> <!-- CRe4_269 -->
        <test-method status="PASS" signature="tearDown()[pri:0, instance:executions.Cmpletdmtng_inMS_TS_99@71f2a7d5]" name="tearDown" is-config="true" duration-ms="15" started-at="2018-03-27T20:12:21Z" finished-at="2018-03-27T20:12:21Z">
          <reporter-output>
          </reporter-output>
        </test-method> <!-- tearDown -->
        <test-method status="PASS" signature="beforeMethod()[pri:0, instance:executions.Cmpletdmtng_inMS_TS_99@71f2a7d5]" name="beforeMethod" is-config="true" duration-ms="15376" started-at="2018-03-27T20:12:21Z" finished-at="2018-03-27T20:12:36Z">
          <reporter-output>
          </reporter-output>
        </test-method> <!-- beforeMethod -->
        <test-method status="PASS" signature="CRe4_270()[pri:0, instance:executions.Cmpletdmtng_inMS_TS_99@71f2a7d5]" name="CRe4_270" duration-ms="23285" started-at="2018-03-27T20:12:36Z" finished-at="2018-03-27T20:12:59Z">
          <reporter-output>
          </reporter-output>
        </test-method> <!-- CRe4_270 -->
        <test-method status="PASS" signature="tearDown()[pri:0, instance:executions.Cmpletdmtng_inMS_TS_99@71f2a7d5]" name="tearDown" is-config="true" duration-ms="154" started-at="2018-03-27T20:12:59Z" finished-at="2018-03-27T20:13:00Z">
          <reporter-output>
          </reporter-output>
        </test-method> <!-- tearDown -->
        <test-method status="PASS" signature="beforeMethod()[pri:0, instance:executions.Cmpletdmtng_inMS_TS_99@71f2a7d5]" name="beforeMethod" is-config="true" duration-ms="17251" started-at="2018-03-27T20:13:00Z" finished-at="2018-03-27T20:13:17Z">
          <reporter-output>
          </reporter-output>
        </test-method> <!-- beforeMethod -->
        <test-method status="PASS" signature="CRe4_271()[pri:0, instance:executions.Cmpletdmtng_inMS_TS_99@71f2a7d5]" name="CRe4_271" duration-ms="20935" started-at="2018-03-27T20:13:17Z" finished-at="2018-03-27T20:13:38Z">
          <reporter-output>
          </reporter-output>
        </test-method> <!-- CRe4_271 -->
        <test-method status="PASS" signature="tearDown()[pri:0, instance:executions.Cmpletdmtng_inMS_TS_99@71f2a7d5]" name="tearDown" is-config="true" duration-ms="41" started-at="2018-03-27T20:13:38Z" finished-at="2018-03-27T20:13:38Z">
          <reporter-output>
          </reporter-output>
        </test-method> <!-- tearDown -->
        <test-method status="PASS" signature="beforeMethod()[pri:0, instance:executions.Cmpletdmtng_inMS_TS_99@71f2a7d5]" name="beforeMethod" is-config="true" duration-ms="15686" started-at="2018-03-27T20:13:38Z" finished-at="2018-03-27T20:13:53Z">
          <reporter-output>
          </reporter-output>
        </test-method> <!-- beforeMethod -->
        <test-method status="PASS" signature="CRe4_272()[pri:0, instance:executions.Cmpletdmtng_inMS_TS_99@71f2a7d5]" name="CRe4_272" duration-ms="22084" started-at="2018-03-27T20:13:53Z" finished-at="2018-03-27T20:14:16Z">
          <reporter-output>
          </reporter-output>
        </test-method> <!-- CRe4_272 -->
        <test-method status="PASS" signature="tearDown()[pri:0, instance:executions.Cmpletdmtng_inMS_TS_99@71f2a7d5]" name="tearDown" is-config="true" duration-ms="7" started-at="2018-03-27T20:14:16Z" finished-at="2018-03-27T20:14:16Z">
          <reporter-output>
          </reporter-output>
        </test-method> <!-- tearDown -->
        <test-method status="PASS" signature="beforeMethod()[pri:0, instance:executions.Cmpletdmtng_inMS_TS_99@71f2a7d5]" name="beforeMethod" is-config="true" duration-ms="15617" started-at="2018-03-27T20:14:16Z" finished-at="2018-03-27T20:14:31Z">
          <reporter-output>
          </reporter-output>
        </test-method> <!-- beforeMethod -->
        <test-method status="PASS" signature="CRe4_273()[pri:0, instance:executions.Cmpletdmtng_inMS_TS_99@71f2a7d5]" name="CRe4_273" duration-ms="22312" started-at="2018-03-27T20:14:31Z" finished-at="2018-03-27T20:14:53Z">
          <reporter-output>
          </reporter-output>
        </test-method> <!-- CRe4_273 -->
        <test-method status="PASS" signature="tearDown()[pri:0, instance:executions.Cmpletdmtng_inMS_TS_99@71f2a7d5]" name="tearDown" is-config="true" duration-ms="22" started-at="2018-03-27T20:14:53Z" finished-at="2018-03-27T20:14:54Z">
          <reporter-output>
          </reporter-output>
        </test-method> <!-- tearDown -->
        <test-method status="PASS" signature="beforeMethod()[pri:0, instance:executions.Cmpletdmtng_inMS_TS_99@71f2a7d5]" name="beforeMethod" is-config="true" duration-ms="17768" started-at="2018-03-27T20:14:54Z" finished-at="2018-03-27T20:15:11Z">
          <reporter-output>
          </reporter-output>
        </test-method> <!-- beforeMethod -->
        <test-method status="PASS" signature="CRe4_274()[pri:0, instance:executions.Cmpletdmtng_inMS_TS_99@71f2a7d5]" name="CRe4_274" duration-ms="21899" started-at="2018-03-27T20:15:11Z" finished-at="2018-03-27T20:15:33Z">
          <reporter-output>
          </reporter-output>
        </test-method> <!-- CRe4_274 -->
        <test-method status="PASS" signature="tearDown()[pri:0, instance:executions.Cmpletdmtng_inMS_TS_99@71f2a7d5]" name="tearDown" is-config="true" duration-ms="12" started-at="2018-03-27T20:15:33Z" finished-at="2018-03-27T20:15:33Z">
          <reporter-output>
          </reporter-output>
        </test-method> <!-- tearDown -->
        <test-method status="PASS" signature="beforeMethod()[pri:0, instance:executions.Cmpletdmtng_inMS_TS_99@71f2a7d5]" name="beforeMethod" is-config="true" duration-ms="14586" started-at="2018-03-27T20:15:33Z" finished-at="2018-03-27T20:15:48Z">
          <reporter-output>
          </reporter-output>
        </test-method> <!-- beforeMethod -->
        <test-method status="PASS" signature="CRe4_275()[pri:0, instance:executions.Cmpletdmtng_inMS_TS_99@71f2a7d5]" name="CRe4_275" duration-ms="22079" started-at="2018-03-27T20:15:48Z" finished-at="2018-03-27T20:16:10Z">
          <reporter-output>
          </reporter-output>
        </test-method> <!-- CRe4_275 -->
        <test-method status="PASS" signature="tearDown()[pri:0, instance:executions.Cmpletdmtng_inMS_TS_99@71f2a7d5]" name="tearDown" is-config="true" duration-ms="11" started-at="2018-03-27T20:16:10Z" finished-at="2018-03-27T20:16:10Z">
          <reporter-output>
          </reporter-output>
        </test-method> <!-- tearDown -->
        <test-method status="PASS" signature="beforeMethod()[pri:0, instance:executions.Cmpletdmtng_inMS_TS_99@71f2a7d5]" name="beforeMethod" is-config="true" duration-ms="13118" started-at="2018-03-27T20:16:10Z" finished-at="2018-03-27T20:16:23Z">
          <reporter-output>
          </reporter-output>
        </test-method> <!-- beforeMethod -->
        <test-method status="PASS" signature="CRe4_276()[pri:0, instance:executions.Cmpletdmtng_inMS_TS_99@71f2a7d5]" name="CRe4_276" duration-ms="17951" started-at="2018-03-27T20:16:23Z" finished-at="2018-03-27T20:16:41Z">
          <reporter-output>
          </reporter-output>
        </test-method> <!-- CRe4_276 -->
        <test-method status="PASS" signature="tearDown()[pri:0, instance:executions.Cmpletdmtng_inMS_TS_99@71f2a7d5]" name="tearDown" is-config="true" duration-ms="7" started-at="2018-03-27T20:16:41Z" finished-at="2018-03-27T20:16:41Z">
          <reporter-output>
          </reporter-output>
        </test-method> <!-- tearDown -->
        <test-method status="PASS" signature="beforeMethod()[pri:0, instance:executions.Cmpletdmtng_inMS_TS_99@71f2a7d5]" name="beforeMethod" is-config="true" duration-ms="16335" started-at="2018-03-27T20:16:41Z" finished-at="2018-03-27T20:16:57Z">
          <reporter-output>
          </reporter-output>
        </test-method> <!-- beforeMethod -->
        <test-method status="PASS" signature="CRe4_277()[pri:0, instance:executions.Cmpletdmtng_inMS_TS_99@71f2a7d5]" name="CRe4_277" duration-ms="34814" started-at="2018-03-27T20:16:57Z" finished-at="2018-03-27T20:17:32Z">
          <reporter-output>
          </reporter-output>
        </test-method> <!-- CRe4_277 -->
        <test-method status="PASS" signature="tearDown()[pri:0, instance:executions.Cmpletdmtng_inMS_TS_99@71f2a7d5]" name="tearDown" is-config="true" duration-ms="28" started-at="2018-03-27T20:17:32Z" finished-at="2018-03-27T20:17:32Z">
          <reporter-output>
          </reporter-output>
        </test-method> <!-- tearDown -->
      </class> <!-- executions.Cmpletdmtng_inMS_TS_99 -->
      <class name="executions.Upcmngmtng_in_CP_TS_102">
        <test-method status="PASS" signature="beforeMethod()[pri:0, instance:executions.Upcmngmtng_in_CP_TS_102@4b6995df]" name="beforeMethod" is-config="true" duration-ms="13896" started-at="2018-03-27T20:17:32Z" finished-at="2018-03-27T20:17:46Z">
          <reporter-output>
          </reporter-output>
        </test-method> <!-- beforeMethod -->
        <test-method status="PASS" signature="CRe4_317_318_319()[pri:0, instance:executions.Upcmngmtng_in_CP_TS_102@4b6995df]" name="CRe4_317_318_319" duration-ms="16315" started-at="2018-03-27T20:17:46Z" finished-at="2018-03-27T20:18:03Z">
          <reporter-output>
          </reporter-output>
        </test-method> <!-- CRe4_317_318_319 -->
        <test-method status="PASS" signature="tearDown()[pri:0, instance:executions.Upcmngmtng_in_CP_TS_102@4b6995df]" name="tearDown" is-config="true" duration-ms="13" started-at="2018-03-27T20:18:03Z" finished-at="2018-03-27T20:18:03Z">
          <reporter-output>
          </reporter-output>
        </test-method> <!-- tearDown -->
        <test-method status="PASS" signature="beforeMethod()[pri:0, instance:executions.Upcmngmtng_in_CP_TS_102@4b6995df]" name="beforeMethod" is-config="true" duration-ms="14420" started-at="2018-03-27T20:18:03Z" finished-at="2018-03-27T20:18:17Z">
          <reporter-output>
          </reporter-output>
        </test-method> <!-- beforeMethod -->
        <test-method status="PASS" signature="CRe4_320()[pri:0, instance:executions.Upcmngmtng_in_CP_TS_102@4b6995df]" name="CRe4_320" duration-ms="20632" started-at="2018-03-27T20:18:17Z" finished-at="2018-03-27T20:18:38Z">
          <reporter-output>
          </reporter-output>
        </test-method> <!-- CRe4_320 -->
        <test-method status="PASS" signature="tearDown()[pri:0, instance:executions.Upcmngmtng_in_CP_TS_102@4b6995df]" name="tearDown" is-config="true" duration-ms="53" started-at="2018-03-27T20:18:38Z" finished-at="2018-03-27T20:18:38Z">
          <reporter-output>
          </reporter-output>
        </test-method> <!-- tearDown -->
        <test-method status="PASS" signature="beforeMethod()[pri:0, instance:executions.Upcmngmtng_in_CP_TS_102@4b6995df]" name="beforeMethod" is-config="true" duration-ms="13852" started-at="2018-03-27T20:18:38Z" finished-at="2018-03-27T20:18:52Z">
          <reporter-output>
          </reporter-output>
        </test-method> <!-- beforeMethod -->
        <test-method status="PASS" signature="CRe4_321()[pri:0, instance:executions.Upcmngmtng_in_CP_TS_102@4b6995df]" name="CRe4_321" duration-ms="21698" started-at="2018-03-27T20:18:52Z" finished-at="2018-03-27T20:19:13Z">
          <reporter-output>
          </reporter-output>
        </test-method> <!-- CRe4_321 -->
        <test-method status="PASS" signature="tearDown()[pri:0, instance:executions.Upcmngmtng_in_CP_TS_102@4b6995df]" name="tearDown" is-config="true" duration-ms="16" started-at="2018-03-27T20:19:13Z" finished-at="2018-03-27T20:19:13Z">
          <reporter-output>
          </reporter-output>
        </test-method> <!-- tearDown -->
        <test-method status="PASS" signature="beforeMethod()[pri:0, instance:executions.Upcmngmtng_in_CP_TS_102@4b6995df]" name="beforeMethod" is-config="true" duration-ms="17688" started-at="2018-03-27T20:19:13Z" finished-at="2018-03-27T20:19:31Z">
          <reporter-output>
          </reporter-output>
        </test-method> <!-- beforeMethod -->
        <test-method status="PASS" signature="CRe4_322()[pri:0, instance:executions.Upcmngmtng_in_CP_TS_102@4b6995df]" name="CRe4_322" duration-ms="21177" started-at="2018-03-27T20:19:31Z" finished-at="2018-03-27T20:19:52Z">
          <reporter-output>
          </reporter-output>
        </test-method> <!-- CRe4_322 -->
        <test-method status="PASS" signature="tearDown()[pri:0, instance:executions.Upcmngmtng_in_CP_TS_102@4b6995df]" name="tearDown" is-config="true" duration-ms="1556" started-at="2018-03-27T20:19:52Z" finished-at="2018-03-27T20:19:54Z">
          <reporter-output>
          </reporter-output>
        </test-method> <!-- tearDown -->
        <test-method status="PASS" signature="beforeMethod()[pri:0, instance:executions.Upcmngmtng_in_CP_TS_102@4b6995df]" name="beforeMethod" is-config="true" duration-ms="14754" started-at="2018-03-27T20:19:54Z" finished-at="2018-03-27T20:20:08Z">
          <reporter-output>
          </reporter-output>
        </test-method> <!-- beforeMethod -->
        <test-method status="PASS" signature="CRe4_323()[pri:0, instance:executions.Upcmngmtng_in_CP_TS_102@4b6995df]" name="CRe4_323" duration-ms="23136" started-at="2018-03-27T20:20:08Z" finished-at="2018-03-27T20:20:32Z">
          <reporter-output>
          </reporter-output>
        </test-method> <!-- CRe4_323 -->
        <test-method status="PASS" signature="tearDown()[pri:0, instance:executions.Upcmngmtng_in_CP_TS_102@4b6995df]" name="tearDown" is-config="true" duration-ms="14" started-at="2018-03-27T20:20:32Z" finished-at="2018-03-27T20:20:32Z">
          <reporter-output>
          </reporter-output>
        </test-method> <!-- tearDown -->
        <test-method status="PASS" signature="beforeMethod()[pri:0, instance:executions.Upcmngmtng_in_CP_TS_102@4b6995df]" name="beforeMethod" is-config="true" duration-ms="13934" started-at="2018-03-27T20:20:32Z" finished-at="2018-03-27T20:20:46Z">
          <reporter-output>
          </reporter-output>
        </test-method> <!-- beforeMethod -->
        <test-method status="PASS" signature="CRe4_324()[pri:0, instance:executions.Upcmngmtng_in_CP_TS_102@4b6995df]" name="CRe4_324" duration-ms="23172" started-at="2018-03-27T20:20:46Z" finished-at="2018-03-27T20:21:09Z">
          <reporter-output>
          </reporter-output>
        </test-method> <!-- CRe4_324 -->
        <test-method status="PASS" signature="tearDown()[pri:0, instance:executions.Upcmngmtng_in_CP_TS_102@4b6995df]" name="tearDown" is-config="true" duration-ms="11" started-at="2018-03-27T20:21:09Z" finished-at="2018-03-27T20:21:09Z">
          <reporter-output>
          </reporter-output>
        </test-method> <!-- tearDown -->
        <test-method status="PASS" signature="beforeMethod()[pri:0, instance:executions.Upcmngmtng_in_CP_TS_102@4b6995df]" name="beforeMethod" is-config="true" duration-ms="15143" started-at="2018-03-27T20:21:09Z" finished-at="2018-03-27T20:21:24Z">
          <reporter-output>
          </reporter-output>
        </test-method> <!-- beforeMethod -->
        <test-method status="PASS" signature="CRe4_333_334()[pri:0, instance:executions.Upcmngmtng_in_CP_TS_102@4b6995df]" name="CRe4_333_334" duration-ms="22075" started-at="2018-03-27T20:21:24Z" finished-at="2018-03-27T20:21:46Z">
          <reporter-output>
          </reporter-output>
        </test-method> <!-- CRe4_333_334 -->
        <test-method status="PASS" signature="tearDown()[pri:0, instance:executions.Upcmngmtng_in_CP_TS_102@4b6995df]" name="tearDown" is-config="true" duration-ms="23" started-at="2018-03-27T20:21:46Z" finished-at="2018-03-27T20:21:46Z">
          <reporter-output>
          </reporter-output>
        </test-method> <!-- tearDown -->
        <test-method status="PASS" signature="beforeMethod()[pri:0, instance:executions.Upcmngmtng_in_CP_TS_102@4b6995df]" name="beforeMethod" is-config="true" duration-ms="14394" started-at="2018-03-27T20:21:46Z" finished-at="2018-03-27T20:22:00Z">
          <reporter-output>
          </reporter-output>
        </test-method> <!-- beforeMethod -->
        <test-method status="PASS" signature="CRe4_337_338()[pri:0, instance:executions.Upcmngmtng_in_CP_TS_102@4b6995df]" name="CRe4_337_338" duration-ms="30830" started-at="2018-03-27T20:22:00Z" finished-at="2018-03-27T20:22:31Z">
          <reporter-output>
          </reporter-output>
        </test-method> <!-- CRe4_337_338 -->
        <test-method status="PASS" signature="tearDown()[pri:0, instance:executions.Upcmngmtng_in_CP_TS_102@4b6995df]" name="tearDown" is-config="true" duration-ms="36" started-at="2018-03-27T20:22:31Z" finished-at="2018-03-27T20:22:31Z">
          <reporter-output>
          </reporter-output>
        </test-method> <!-- tearDown -->
      </class> <!-- executions.Upcmngmtng_in_CP_TS_102 -->
      <class name="executions.Cmpltdmtng_inCP_TS_103">
        <test-method status="PASS" signature="beforeMethod()[pri:0, instance:executions.Cmpltdmtng_inCP_TS_103@2fc14f68]" name="beforeMethod" is-config="true" duration-ms="14162" started-at="2018-03-27T20:22:31Z" finished-at="2018-03-27T20:22:45Z">
          <reporter-output>
          </reporter-output>
        </test-method> <!-- beforeMethod -->
        <test-method status="PASS" signature="CRe4_340()[pri:0, instance:executions.Cmpltdmtng_inCP_TS_103@2fc14f68]" name="CRe4_340" duration-ms="19746" started-at="2018-03-27T20:22:45Z" finished-at="2018-03-27T20:23:05Z">
          <reporter-output>
          </reporter-output>
        </test-method> <!-- CRe4_340 -->
        <test-method status="PASS" signature="tearDown()[pri:0, instance:executions.Cmpltdmtng_inCP_TS_103@2fc14f68]" name="tearDown" is-config="true" duration-ms="55" started-at="2018-03-27T20:23:05Z" finished-at="2018-03-27T20:23:05Z">
          <reporter-output>
          </reporter-output>
        </test-method> <!-- tearDown -->
        <test-method status="PASS" signature="beforeMethod()[pri:0, instance:executions.Cmpltdmtng_inCP_TS_103@2fc14f68]" name="beforeMethod" is-config="true" duration-ms="13824" started-at="2018-03-27T20:23:05Z" finished-at="2018-03-27T20:23:19Z">
          <reporter-output>
          </reporter-output>
        </test-method> <!-- beforeMethod -->
        <test-method status="PASS" signature="CRe4_342()[pri:0, instance:executions.Cmpltdmtng_inCP_TS_103@2fc14f68]" name="CRe4_342" duration-ms="18941" started-at="2018-03-27T20:23:19Z" finished-at="2018-03-27T20:23:38Z">
          <reporter-output>
          </reporter-output>
        </test-method> <!-- CRe4_342 -->
        <test-method status="PASS" signature="tearDown()[pri:0, instance:executions.Cmpltdmtng_inCP_TS_103@2fc14f68]" name="tearDown" is-config="true" duration-ms="23" started-at="2018-03-27T20:23:38Z" finished-at="2018-03-27T20:23:38Z">
          <reporter-output>
          </reporter-output>
        </test-method> <!-- tearDown -->
        <test-method status="PASS" signature="beforeMethod()[pri:0, instance:executions.Cmpltdmtng_inCP_TS_103@2fc14f68]" name="beforeMethod" is-config="true" duration-ms="12911" started-at="2018-03-27T20:23:38Z" finished-at="2018-03-27T20:23:51Z">
          <reporter-output>
          </reporter-output>
        </test-method> <!-- beforeMethod -->
        <test-method status="PASS" signature="CRe4_343()[pri:0, instance:executions.Cmpltdmtng_inCP_TS_103@2fc14f68]" name="CRe4_343" duration-ms="21895" started-at="2018-03-27T20:23:51Z" finished-at="2018-03-27T20:24:13Z">
          <reporter-output>
          </reporter-output>
        </test-method> <!-- CRe4_343 -->
        <test-method status="PASS" signature="tearDown()[pri:0, instance:executions.Cmpltdmtng_inCP_TS_103@2fc14f68]" name="tearDown" is-config="true" duration-ms="11" started-at="2018-03-27T20:24:13Z" finished-at="2018-03-27T20:24:13Z">
          <reporter-output>
          </reporter-output>
        </test-method> <!-- tearDown -->
        <test-method status="PASS" signature="beforeMethod()[pri:0, instance:executions.Cmpltdmtng_inCP_TS_103@2fc14f68]" name="beforeMethod" is-config="true" duration-ms="12392" started-at="2018-03-27T20:24:13Z" finished-at="2018-03-27T20:24:25Z">
          <reporter-output>
          </reporter-output>
        </test-method> <!-- beforeMethod -->
        <test-method status="PASS" signature="CRe4_344()[pri:0, instance:executions.Cmpltdmtng_inCP_TS_103@2fc14f68]" name="CRe4_344" duration-ms="23826" started-at="2018-03-27T20:24:25Z" finished-at="2018-03-27T20:24:49Z">
          <reporter-output>
          </reporter-output>
        </test-method> <!-- CRe4_344 -->
        <test-method status="PASS" signature="tearDown()[pri:0, instance:executions.Cmpltdmtng_inCP_TS_103@2fc14f68]" name="tearDown" is-config="true" duration-ms="15" started-at="2018-03-27T20:24:49Z" finished-at="2018-03-27T20:24:49Z">
          <reporter-output>
          </reporter-output>
        </test-method> <!-- tearDown -->
        <test-method status="PASS" signature="beforeMethod()[pri:0, instance:executions.Cmpltdmtng_inCP_TS_103@2fc14f68]" name="beforeMethod" is-config="true" duration-ms="14359" started-at="2018-03-27T20:24:49Z" finished-at="2018-03-27T20:25:03Z">
          <reporter-output>
          </reporter-output>
        </test-method> <!-- beforeMethod -->
        <test-method status="PASS" signature="CRe4_345()[pri:0, instance:executions.Cmpltdmtng_inCP_TS_103@2fc14f68]" name="CRe4_345" duration-ms="21214" started-at="2018-03-27T20:25:03Z" finished-at="2018-03-27T20:25:25Z">
          <reporter-output>
          </reporter-output>
        </test-method> <!-- CRe4_345 -->
        <test-method status="PASS" signature="tearDown()[pri:0, instance:executions.Cmpltdmtng_inCP_TS_103@2fc14f68]" name="tearDown" is-config="true" duration-ms="15" started-at="2018-03-27T20:25:25Z" finished-at="2018-03-27T20:25:25Z">
          <reporter-output>
          </reporter-output>
        </test-method> <!-- tearDown -->
        <test-method status="PASS" signature="beforeMethod()[pri:0, instance:executions.Cmpltdmtng_inCP_TS_103@2fc14f68]" name="beforeMethod" is-config="true" duration-ms="12466" started-at="2018-03-27T20:25:25Z" finished-at="2018-03-27T20:25:37Z">
          <reporter-output>
          </reporter-output>
        </test-method> <!-- beforeMethod -->
        <test-method status="PASS" signature="CRe4_346()[pri:0, instance:executions.Cmpltdmtng_inCP_TS_103@2fc14f68]" name="CRe4_346" duration-ms="19506" started-at="2018-03-27T20:25:37Z" finished-at="2018-03-27T20:25:57Z">
          <reporter-output>
          </reporter-output>
        </test-method> <!-- CRe4_346 -->
        <test-method status="PASS" signature="tearDown()[pri:0, instance:executions.Cmpltdmtng_inCP_TS_103@2fc14f68]" name="tearDown" is-config="true" duration-ms="8" started-at="2018-03-27T20:25:57Z" finished-at="2018-03-27T20:25:57Z">
          <reporter-output>
          </reporter-output>
        </test-method> <!-- tearDown -->
        <test-method status="PASS" signature="beforeMethod()[pri:0, instance:executions.Cmpltdmtng_inCP_TS_103@2fc14f68]" name="beforeMethod" is-config="true" duration-ms="13106" started-at="2018-03-27T20:25:57Z" finished-at="2018-03-27T20:26:10Z">
          <reporter-output>
          </reporter-output>
        </test-method> <!-- beforeMethod -->
        <test-method status="PASS" signature="CRe4_347()[pri:0, instance:executions.Cmpltdmtng_inCP_TS_103@2fc14f68]" name="CRe4_347" duration-ms="19912" started-at="2018-03-27T20:26:10Z" finished-at="2018-03-27T20:26:30Z">
          <reporter-output>
          </reporter-output>
        </test-method> <!-- CRe4_347 -->
        <test-method status="PASS" signature="tearDown()[pri:0, instance:executions.Cmpltdmtng_inCP_TS_103@2fc14f68]" name="tearDown" is-config="true" duration-ms="9" started-at="2018-03-27T20:26:30Z" finished-at="2018-03-27T20:26:30Z">
          <reporter-output>
          </reporter-output>
        </test-method> <!-- tearDown -->
        <test-method status="PASS" signature="beforeMethod()[pri:0, instance:executions.Cmpltdmtng_inCP_TS_103@2fc14f68]" name="beforeMethod" is-config="true" duration-ms="12903" started-at="2018-03-27T20:26:30Z" finished-at="2018-03-27T20:26:42Z">
          <reporter-output>
          </reporter-output>
        </test-method> <!-- beforeMethod -->
        <test-method status="PASS" signature="CRe4_349_350()[pri:0, instance:executions.Cmpltdmtng_inCP_TS_103@2fc14f68]" name="CRe4_349_350" duration-ms="19582" started-at="2018-03-27T20:26:42Z" finished-at="2018-03-27T20:27:02Z">
          <reporter-output>
          </reporter-output>
        </test-method> <!-- CRe4_349_350 -->
        <test-method status="PASS" signature="tearDown()[pri:0, instance:executions.Cmpltdmtng_inCP_TS_103@2fc14f68]" name="tearDown" is-config="true" duration-ms="18" started-at="2018-03-27T20:27:02Z" finished-at="2018-03-27T20:27:02Z">
          <reporter-output>
          </reporter-output>
        </test-method> <!-- tearDown -->
        <test-method status="PASS" signature="beforeMethod()[pri:0, instance:executions.Cmpltdmtng_inCP_TS_103@2fc14f68]" name="beforeMethod" is-config="true" duration-ms="13814" started-at="2018-03-27T20:27:02Z" finished-at="2018-03-27T20:27:16Z">
          <reporter-output>
          </reporter-output>
        </test-method> <!-- beforeMethod -->
        <test-method status="PASS" signature="CRe4_353_354()[pri:0, instance:executions.Cmpltdmtng_inCP_TS_103@2fc14f68]" name="CRe4_353_354" duration-ms="27873" started-at="2018-03-27T20:27:16Z" finished-at="2018-03-27T20:27:44Z">
          <reporter-output>
          </reporter-output>
        </test-method> <!-- CRe4_353_354 -->
        <test-method status="PASS" signature="tearDown()[pri:0, instance:executions.Cmpltdmtng_inCP_TS_103@2fc14f68]" name="tearDown" is-config="true" duration-ms="18" started-at="2018-03-27T20:27:44Z" finished-at="2018-03-27T20:27:44Z">
          <reporter-output>
          </reporter-output>
        </test-method> <!-- tearDown -->
      </class> <!-- executions.Cmpltdmtng_inCP_TS_103 -->
      <class name="executions.Reschedule_mtng_mail_TS_143">
        <test-method status="PASS" signature="beforeMethod()[pri:0, instance:executions.Reschedule_mtng_mail_TS_143@445b84c0]" name="beforeMethod" is-config="true" duration-ms="14033" started-at="2018-03-27T20:39:46Z" finished-at="2018-03-27T20:40:00Z">
          <reporter-output>
          </reporter-output>
        </test-method> <!-- beforeMethod -->
        <test-method status="FAIL" signature="CRe4_152_153()[pri:0, instance:executions.Reschedule_mtng_mail_TS_143@445b84c0]" name="CRe4_152_153" duration-ms="44868" started-at="2018-03-27T20:40:00Z" finished-at="2018-03-27T20:40:45Z">
          <exception class="org.openqa.selenium.NoSuchElementException">
            <message>
              <![CDATA[Unable to locate element: {"method":"name","selector":"password"}
Command duration or timeout: 26 milliseconds
For documentation on this error, please visit: http://seleniumhq.org/exceptions/no_such_element.html
Build info: version: '2.53.1', revision: 'a36b8b1', time: '2016-06-30 17:37:03'
System info: host: 'Bablu-PC', ip: '192.168.56.1', os.name: 'Windows 7', os.arch: 'amd64', os.version: '6.1', java.version: '1.8.0_161'
Driver info: org.openqa.selenium.firefox.FirefoxDriver
Capabilities [{applicationCacheEnabled=true, rotatable=false, handlesAlerts=true, databaseEnabled=true, version=43.0.1, platform=WINDOWS, nativeEvents=false, acceptSslCerts=true, webStorageEnabled=true, locationContextEnabled=true, browserName=firefox, takesScreenshot=true, javascriptEnabled=true, cssSelectorsEnabled=true}]
Session ID: 6b1e387e-b845-4843-8bd9-6704dbf3e06a
*** Element info: {Using=name, value=password}]]>
            </message>
            <full-stacktrace>
              <![CDATA[org.openqa.selenium.NoSuchElementException: Unable to locate element: {"method":"name","selector":"password"}
Command duration or timeout: 26 milliseconds
For documentation on this error, please visit: http://seleniumhq.org/exceptions/no_such_element.html
Build info: version: '2.53.1', revision: 'a36b8b1', time: '2016-06-30 17:37:03'
System info: host: 'Bablu-PC', ip: '192.168.56.1', os.name: 'Windows 7', os.arch: 'amd64', os.version: '6.1', java.version: '1.8.0_161'
Driver info: org.openqa.selenium.firefox.FirefoxDriver
Capabilities [{applicationCacheEnabled=true, rotatable=false, handlesAlerts=true, databaseEnabled=true, version=43.0.1, platform=WINDOWS, nativeEvents=false, acceptSslCerts=true, webStorageEnabled=true, locationContextEnabled=true, browserName=firefox, takesScreenshot=true, javascriptEnabled=true, cssSelectorsEnabled=true}]
Session ID: 6b1e387e-b845-4843-8bd9-6704dbf3e06a
*** Element info: {Using=name, value=password}
	at sun.reflect.NativeConstructorAccessorImpl.newInstance0(Native Method)
	at sun.reflect.NativeConstructorAccessorImpl.newInstance(Unknown Source)
	at sun.reflect.DelegatingConstructorAccessorImpl.newInstance(Unknown Source)
	at java.lang.reflect.Constructor.newInstance(Unknown Source)
	at org.openqa.selenium.remote.ErrorHandler.createThrowable(ErrorHandler.java:206)
	at org.openqa.selenium.remote.ErrorHandler.throwIfResponseFailed(ErrorHandler.java:158)
	at org.openqa.selenium.remote.RemoteWebDriver.execute(RemoteWebDriver.java:678)
	at org.openqa.selenium.remote.RemoteWebDriver.findElement(RemoteWebDriver.java:363)
	at org.openqa.selenium.remote.RemoteWebDriver.findElementByName(RemoteWebDriver.java:461)
	at org.openqa.selenium.By$ByName.findElement(By.java:303)
	at org.openqa.selenium.remote.RemoteWebDriver.findElement(RemoteWebDriver.java:355)
	at GlobalMethod.GlobalMethods.remeetingMail(GlobalMethods.java:1061)
	at Scenario.TS_143.CRe4_152_153(TS_143.java:132)
	at executions.Reschedule_mtng_mail_TS_143.CRe4_152_153(Reschedule_mtng_mail_TS_143.java:33)
	at sun.reflect.NativeMethodAccessorImpl.invoke0(Native Method)
	at sun.reflect.NativeMethodAccessorImpl.invoke(Unknown Source)
	at sun.reflect.DelegatingMethodAccessorImpl.invoke(Unknown Source)
	at java.lang.reflect.Method.invoke(Unknown Source)
	at org.testng.internal.MethodInvocationHelper.invokeMethod(MethodInvocationHelper.java:85)
	at org.testng.internal.Invoker.invokeMethod(Invoker.java:639)
	at org.testng.internal.Invoker.invokeTestMethod(Invoker.java:816)
	at org.testng.internal.Invoker.invokeTestMethods(Invoker.java:1124)
	at org.testng.internal.TestMethodWorker.invokeTestMethods(TestMethodWorker.java:125)
	at org.testng.internal.TestMethodWorker.run(TestMethodWorker.java:108)
	at org.testng.TestRunner.privateRun(TestRunner.java:774)
	at org.testng.TestRunner.run(TestRunner.java:624)
	at org.testng.SuiteRunner.runTest(SuiteRunner.java:359)
	at org.testng.SuiteRunner.runSequentially(SuiteRunner.java:354)
	at org.testng.SuiteRunner.privateRun(SuiteRunner.java:312)
	at org.testng.SuiteRunner.run(SuiteRunner.java:261)
	at org.testng.SuiteRunnerWorker.runSuite(SuiteRunnerWorker.java:52)
	at org.testng.SuiteRunnerWorker.run(SuiteRunnerWorker.java:86)
	at org.testng.TestNG.runSuitesSequentially(TestNG.java:1215)
	at org.testng.TestNG.runSuitesLocally(TestNG.java:1140)
	at org.testng.TestNG.run(TestNG.java:1048)
	at org.testng.TestNG.privateMain(TestNG.java:1355)
	at org.testng.TestNG.main(TestNG.java:1324)
Caused by: org.openqa.selenium.NoSuchElementException: Unable to locate element: {"method":"name","selector":"password"}
For documentation on this error, please visit: http://seleniumhq.org/exceptions/no_such_element.html
Build info: version: '2.53.1', revision: 'a36b8b1', time: '2016-06-30 17:37:03'
System info: host: 'Bablu-PC', ip: '192.168.56.1', os.name: 'Windows 7', os.arch: 'amd64', os.version: '6.1', java.version: '1.8.0_161'
Driver info: driver.version: unknown
	at <anonymous class>.FirefoxDriver.prototype.findElementInternal_(file:///C:/Users/bablu.p/AppData/Local/Temp/anonymous4168090377437747021webdriver-profile/extensions/fxdriver@googlecode.com/components/driver-component.js:10770)
	at <anonymous class>.FirefoxDriver.prototype.findElement(file:///C:/Users/bablu.p/AppData/Local/Temp/anonymous4168090377437747021webdriver-profile/extensions/fxdriver@googlecode.com/components/driver-component.js:10779)
	at <anonymous class>.DelayedCommand.prototype.executeInternal_/h(file:///C:/Users/bablu.p/AppData/Local/Temp/anonymous4168090377437747021webdriver-profile/extensions/fxdriver@googlecode.com/components/command-processor.js:12661)
	at <anonymous class>.DelayedCommand.prototype.executeInternal_(file:///C:/Users/bablu.p/AppData/Local/Temp/anonymous4168090377437747021webdriver-profile/extensions/fxdriver@googlecode.com/components/command-processor.js:12666)
	at <anonymous class>.DelayedCommand.prototype.execute/<(file:///C:/Users/bablu.p/AppData/Local/Temp/anonymous4168090377437747021webdriver-profile/extensions/fxdriver@googlecode.com/components/command-processor.js:12608)
]]>
            </full-stacktrace>
          </exception> <!-- org.openqa.selenium.NoSuchElementException -->
          <reporter-output>
          </reporter-output>
        </test-method> <!-- CRe4_152_153 -->
        <test-method status="PASS" signature="tearDown()[pri:0, instance:executions.Reschedule_mtng_mail_TS_143@445b84c0]" name="tearDown" is-config="true" duration-ms="10" started-at="2018-03-27T20:40:45Z" finished-at="2018-03-27T20:40:45Z">
          <reporter-output>
          </reporter-output>
        </test-method> <!-- tearDown -->
      </class> <!-- executions.Reschedule_mtng_mail_TS_143 -->
    </test> <!-- testng3 -->
  </suite> <!-- Suite -->
</testng-results>
