<html>
<head>
<title>TestNG:  testng3</title>
<link href="../testng.css" rel="stylesheet" type="text/css" />
<link href="../my-testng.css" rel="stylesheet" type="text/css" />

<style type="text/css">
.log { display: none;} 
.stack-trace { display: none;} 
</style>
<script type="text/javascript">
<!--
function flip(e) {
  current = e.style.display;
  if (current == 'block') {
    e.style.display = 'none';
    return 0;
  }
  else {
    e.style.display = 'block';
    return 1;
  }
}

function toggleBox(szDivId, elem, msg1, msg2)
{
  var res = -1;  if (document.getElementById) {
    res = flip(document.getElementById(szDivId));
  }
  else if (document.all) {
    // this is the way old msie versions work
    res = flip(document.all[szDivId]);
  }
  if(elem) {
    if(res == 0) elem.innerHTML = msg1; else elem.innerHTML = msg2;
  }

}

function toggleAllBoxes() {
  if (document.getElementsByTagName) {
    d = document.getElementsByTagName('div');
    for (i = 0; i < d.length; i++) {
      if (d[i].className == 'log') {
        flip(d[i]);
      }
    }
  }
}

// -->
</script>

</head>
<body>
<h2 align='center'>testng3</h2><table border='1' align="center">
<tr>
<td>Tests passed/Failed/Skipped:</td><td>77/3/15</td>
</tr><tr>
<td>Started on:</td><td>Tue Mar 27 19:45:13 IST 2018</td>
</tr>
<tr><td>Total time:</td><td>3332 seconds (3332329 ms)</td>
</tr><tr>
<td>Included groups:</td><td></td>
</tr><tr>
<td>Excluded groups:</td><td></td>
</tr>
</table><p/>
<small><i>(Hover the method name to see the test class name)</i></small><p/>
<table width='100%' border='1' class='invocation-failed'>
<tr><td colspan='4' align='center'><b>FAILED CONFIGURATIONS</b></td></tr>
<tr><td><b>Test method</b></td>
<td width="30%"><b>Exception</b></td>
<td width="10%"><b>Time (seconds)</b></td>
<td><b>Instance</b></td>
</tr>
<tr>
<td title='executions.Upcmngmtng_in_admin_TS_100.beforeMethod()'><b>beforeMethod</b><br>Test class: executions.Upcmngmtng_in_admin_TS_100</td>
<td><div><pre>java.lang.NoClassDefFoundError: com/global/methods/GlobalMethods
	at executions.Upcmngmtng_in_admin_TS_100.beforeMethod(Upcmngmtng_in_admin_TS_100.java:26)
Caused by: java.lang.ClassNotFoundException: com.global.methods.GlobalMethods
	at java.net.URLClassLoader.findClass(Unknown Source)
	at java.lang.ClassLoader.loadClass(Unknown Source)
	at sun.misc.Launcher$AppClassLoader.loadClass(Unknown Source)
	at java.lang.ClassLoader.loadClass(Unknown Source)
	... 26 more
... Removed 25 stack frames</pre></div><a href='#' onClick='toggleBox("stack-trace558404860", this, "Click to show all stack frames", "Click to hide stack frames")'>Click to show all stack frames</a>
<div class='stack-trace' id='stack-trace558404860'><pre>java.lang.NoClassDefFoundError: com/global/methods/GlobalMethods
	at executions.Upcmngmtng_in_admin_TS_100.beforeMethod(Upcmngmtng_in_admin_TS_100.java:26)
	at sun.reflect.NativeMethodAccessorImpl.invoke0(Native Method)
	at sun.reflect.NativeMethodAccessorImpl.invoke(Unknown Source)
	at sun.reflect.DelegatingMethodAccessorImpl.invoke(Unknown Source)
	at java.lang.reflect.Method.invoke(Unknown Source)
	at org.testng.internal.MethodInvocationHelper.invokeMethod(MethodInvocationHelper.java:85)
	at org.testng.internal.Invoker.invokeConfigurationMethod(Invoker.java:510)
	at org.testng.internal.Invoker.invokeConfigurations(Invoker.java:211)
	at org.testng.internal.Invoker.invokeMethod(Invoker.java:585)
	at org.testng.internal.Invoker.invokeTestMethod(Invoker.java:816)
	at org.testng.internal.Invoker.invokeTestMethods(Invoker.java:1124)
	at org.testng.internal.TestMethodWorker.invokeTestMethods(TestMethodWorker.java:125)
	at org.testng.internal.TestMethodWorker.run(TestMethodWorker.java:108)
	at org.testng.TestRunner.privateRun(TestRunner.java:774)
	at org.testng.TestRunner.run(TestRunner.java:624)
	at org.testng.SuiteRunner.runTest(SuiteRunner.java:359)
	at org.testng.SuiteRunner.runSequentially(SuiteRunner.java:354)
	at org.testng.SuiteRunner.privateRun(SuiteRunner.java:312)
	at org.testng.SuiteRunner.run(SuiteRunner.java:261)
	at org.testng.SuiteRunnerWorker.runSuite(SuiteRunnerWorker.java:52)
	at org.testng.SuiteRunnerWorker.run(SuiteRunnerWorker.java:86)
	at org.testng.TestNG.runSuitesSequentially(TestNG.java:1215)
	at org.testng.TestNG.runSuitesLocally(TestNG.java:1140)
	at org.testng.TestNG.run(TestNG.java:1048)
	at org.testng.TestNG.privateMain(TestNG.java:1355)
	at org.testng.TestNG.main(TestNG.java:1324)
Caused by: java.lang.ClassNotFoundException: com.global.methods.GlobalMethods
	at java.net.URLClassLoader.findClass(Unknown Source)
	at java.lang.ClassLoader.loadClass(Unknown Source)
	at sun.misc.Launcher$AppClassLoader.loadClass(Unknown Source)
	at java.lang.ClassLoader.loadClass(Unknown Source)
	... 26 more
</pre></div></td>
<td>0</td>
<td>executions.Upcmngmtng_in_admin_TS_100@2cfb4a64</td></tr>
<tr>
<td title='executions.Cmpltdmtng_inAdmin_TS_101.beforeMethod()'><b>beforeMethod</b><br>Test class: executions.Cmpltdmtng_inAdmin_TS_101</td>
<td><div><pre>java.lang.NoClassDefFoundError: com/global/methods/GlobalMethods
	at executions.Cmpltdmtng_inAdmin_TS_101.beforeMethod(Cmpltdmtng_inAdmin_TS_101.java:26)
Caused by: java.lang.ClassNotFoundException: com.global.methods.GlobalMethods
	at java.net.URLClassLoader.findClass(Unknown Source)
	at java.lang.ClassLoader.loadClass(Unknown Source)
	at sun.misc.Launcher$AppClassLoader.loadClass(Unknown Source)
	at java.lang.ClassLoader.loadClass(Unknown Source)
	... 26 more
... Removed 25 stack frames</pre></div><a href='#' onClick='toggleBox("stack-trace800493254", this, "Click to show all stack frames", "Click to hide stack frames")'>Click to show all stack frames</a>
<div class='stack-trace' id='stack-trace800493254'><pre>java.lang.NoClassDefFoundError: com/global/methods/GlobalMethods
	at executions.Cmpltdmtng_inAdmin_TS_101.beforeMethod(Cmpltdmtng_inAdmin_TS_101.java:26)
	at sun.reflect.NativeMethodAccessorImpl.invoke0(Native Method)
	at sun.reflect.NativeMethodAccessorImpl.invoke(Unknown Source)
	at sun.reflect.DelegatingMethodAccessorImpl.invoke(Unknown Source)
	at java.lang.reflect.Method.invoke(Unknown Source)
	at org.testng.internal.MethodInvocationHelper.invokeMethod(MethodInvocationHelper.java:85)
	at org.testng.internal.Invoker.invokeConfigurationMethod(Invoker.java:510)
	at org.testng.internal.Invoker.invokeConfigurations(Invoker.java:211)
	at org.testng.internal.Invoker.invokeMethod(Invoker.java:585)
	at org.testng.internal.Invoker.invokeTestMethod(Invoker.java:816)
	at org.testng.internal.Invoker.invokeTestMethods(Invoker.java:1124)
	at org.testng.internal.TestMethodWorker.invokeTestMethods(TestMethodWorker.java:125)
	at org.testng.internal.TestMethodWorker.run(TestMethodWorker.java:108)
	at org.testng.TestRunner.privateRun(TestRunner.java:774)
	at org.testng.TestRunner.run(TestRunner.java:624)
	at org.testng.SuiteRunner.runTest(SuiteRunner.java:359)
	at org.testng.SuiteRunner.runSequentially(SuiteRunner.java:354)
	at org.testng.SuiteRunner.privateRun(SuiteRunner.java:312)
	at org.testng.SuiteRunner.run(SuiteRunner.java:261)
	at org.testng.SuiteRunnerWorker.runSuite(SuiteRunnerWorker.java:52)
	at org.testng.SuiteRunnerWorker.run(SuiteRunnerWorker.java:86)
	at org.testng.TestNG.runSuitesSequentially(TestNG.java:1215)
	at org.testng.TestNG.runSuitesLocally(TestNG.java:1140)
	at org.testng.TestNG.run(TestNG.java:1048)
	at org.testng.TestNG.privateMain(TestNG.java:1355)
	at org.testng.TestNG.main(TestNG.java:1324)
Caused by: java.lang.ClassNotFoundException: com.global.methods.GlobalMethods
	at java.net.URLClassLoader.findClass(Unknown Source)
	at java.lang.ClassLoader.loadClass(Unknown Source)
	at sun.misc.Launcher$AppClassLoader.loadClass(Unknown Source)
	at java.lang.ClassLoader.loadClass(Unknown Source)
	... 26 more
</pre></div></td>
<td>0</td>
<td>executions.Cmpltdmtng_inAdmin_TS_101@5474c6c</td></tr>
</table><p>
<table width='100%' border='1' class='invocation-skipped'>
<tr><td colspan='4' align='center'><b>SKIPPED CONFIGURATIONS</b></td></tr>
<tr><td><b>Test method</b></td>
<td width="30%"><b>Exception</b></td>
<td width="10%"><b>Time (seconds)</b></td>
<td><b>Instance</b></td>
</tr>
<tr>
<td title='executions.Upcmngmtng_in_admin_TS_100.beforeMethod()'><b>beforeMethod</b><br>Test class: executions.Upcmngmtng_in_admin_TS_100</td>
<td></td>
<td>0</td>
<td>executions.Upcmngmtng_in_admin_TS_100@2cfb4a64</td></tr>
<tr>
<td title='executions.Upcmngmtng_in_admin_TS_100.beforeMethod()'><b>beforeMethod</b><br>Test class: executions.Upcmngmtng_in_admin_TS_100</td>
<td></td>
<td>0</td>
<td>executions.Upcmngmtng_in_admin_TS_100@2cfb4a64</td></tr>
<tr>
<td title='executions.Upcmngmtng_in_admin_TS_100.beforeMethod()'><b>beforeMethod</b><br>Test class: executions.Upcmngmtng_in_admin_TS_100</td>
<td></td>
<td>0</td>
<td>executions.Upcmngmtng_in_admin_TS_100@2cfb4a64</td></tr>
<tr>
<td title='executions.Upcmngmtng_in_admin_TS_100.beforeMethod()'><b>beforeMethod</b><br>Test class: executions.Upcmngmtng_in_admin_TS_100</td>
<td></td>
<td>0</td>
<td>executions.Upcmngmtng_in_admin_TS_100@2cfb4a64</td></tr>
<tr>
<td title='executions.Upcmngmtng_in_admin_TS_100.beforeMethod()'><b>beforeMethod</b><br>Test class: executions.Upcmngmtng_in_admin_TS_100</td>
<td></td>
<td>0</td>
<td>executions.Upcmngmtng_in_admin_TS_100@2cfb4a64</td></tr>
<tr>
<td title='executions.Upcmngmtng_in_admin_TS_100.beforeMethod()'><b>beforeMethod</b><br>Test class: executions.Upcmngmtng_in_admin_TS_100</td>
<td></td>
<td>0</td>
<td>executions.Upcmngmtng_in_admin_TS_100@2cfb4a64</td></tr>
<tr>
<td title='executions.Upcmngmtng_in_admin_TS_100.beforeMethod()'><b>beforeMethod</b><br>Test class: executions.Upcmngmtng_in_admin_TS_100</td>
<td></td>
<td>0</td>
<td>executions.Upcmngmtng_in_admin_TS_100@2cfb4a64</td></tr>
<tr>
<td title='executions.Cmpltdmtng_inAdmin_TS_101.beforeMethod()'><b>beforeMethod</b><br>Test class: executions.Cmpltdmtng_inAdmin_TS_101</td>
<td></td>
<td>0</td>
<td>executions.Cmpltdmtng_inAdmin_TS_101@5474c6c</td></tr>
<tr>
<td title='executions.Cmpltdmtng_inAdmin_TS_101.beforeMethod()'><b>beforeMethod</b><br>Test class: executions.Cmpltdmtng_inAdmin_TS_101</td>
<td></td>
<td>0</td>
<td>executions.Cmpltdmtng_inAdmin_TS_101@5474c6c</td></tr>
<tr>
<td title='executions.Cmpltdmtng_inAdmin_TS_101.beforeMethod()'><b>beforeMethod</b><br>Test class: executions.Cmpltdmtng_inAdmin_TS_101</td>
<td></td>
<td>0</td>
<td>executions.Cmpltdmtng_inAdmin_TS_101@5474c6c</td></tr>
<tr>
<td title='executions.Cmpltdmtng_inAdmin_TS_101.beforeMethod()'><b>beforeMethod</b><br>Test class: executions.Cmpltdmtng_inAdmin_TS_101</td>
<td></td>
<td>0</td>
<td>executions.Cmpltdmtng_inAdmin_TS_101@5474c6c</td></tr>
<tr>
<td title='executions.Cmpltdmtng_inAdmin_TS_101.beforeMethod()'><b>beforeMethod</b><br>Test class: executions.Cmpltdmtng_inAdmin_TS_101</td>
<td></td>
<td>0</td>
<td>executions.Cmpltdmtng_inAdmin_TS_101@5474c6c</td></tr>
<tr>
<td title='executions.Cmpltdmtng_inAdmin_TS_101.beforeMethod()'><b>beforeMethod</b><br>Test class: executions.Cmpltdmtng_inAdmin_TS_101</td>
<td></td>
<td>0</td>
<td>executions.Cmpltdmtng_inAdmin_TS_101@5474c6c</td></tr>
<tr>
<td title='executions.Upcmngmtng_in_admin_TS_100.tearDown()'><b>tearDown</b><br>Test class: executions.Upcmngmtng_in_admin_TS_100</td>
<td></td>
<td>0</td>
<td>executions.Upcmngmtng_in_admin_TS_100@2cfb4a64</td></tr>
<tr>
<td title='executions.Upcmngmtng_in_admin_TS_100.tearDown()'><b>tearDown</b><br>Test class: executions.Upcmngmtng_in_admin_TS_100</td>
<td></td>
<td>0</td>
<td>executions.Upcmngmtng_in_admin_TS_100@2cfb4a64</td></tr>
<tr>
<td title='executions.Upcmngmtng_in_admin_TS_100.tearDown()'><b>tearDown</b><br>Test class: executions.Upcmngmtng_in_admin_TS_100</td>
<td></td>
<td>0</td>
<td>executions.Upcmngmtng_in_admin_TS_100@2cfb4a64</td></tr>
<tr>
<td title='executions.Upcmngmtng_in_admin_TS_100.tearDown()'><b>tearDown</b><br>Test class: executions.Upcmngmtng_in_admin_TS_100</td>
<td></td>
<td>0</td>
<td>executions.Upcmngmtng_in_admin_TS_100@2cfb4a64</td></tr>
<tr>
<td title='executions.Upcmngmtng_in_admin_TS_100.tearDown()'><b>tearDown</b><br>Test class: executions.Upcmngmtng_in_admin_TS_100</td>
<td></td>
<td>0</td>
<td>executions.Upcmngmtng_in_admin_TS_100@2cfb4a64</td></tr>
<tr>
<td title='executions.Upcmngmtng_in_admin_TS_100.tearDown()'><b>tearDown</b><br>Test class: executions.Upcmngmtng_in_admin_TS_100</td>
<td></td>
<td>0</td>
<td>executions.Upcmngmtng_in_admin_TS_100@2cfb4a64</td></tr>
<tr>
<td title='executions.Upcmngmtng_in_admin_TS_100.tearDown()'><b>tearDown</b><br>Test class: executions.Upcmngmtng_in_admin_TS_100</td>
<td></td>
<td>0</td>
<td>executions.Upcmngmtng_in_admin_TS_100@2cfb4a64</td></tr>
<tr>
<td title='executions.Upcmngmtng_in_admin_TS_100.tearDown()'><b>tearDown</b><br>Test class: executions.Upcmngmtng_in_admin_TS_100</td>
<td></td>
<td>0</td>
<td>executions.Upcmngmtng_in_admin_TS_100@2cfb4a64</td></tr>
<tr>
<td title='executions.Cmpltdmtng_inAdmin_TS_101.tearDown()'><b>tearDown</b><br>Test class: executions.Cmpltdmtng_inAdmin_TS_101</td>
<td></td>
<td>0</td>
<td>executions.Cmpltdmtng_inAdmin_TS_101@5474c6c</td></tr>
<tr>
<td title='executions.Cmpltdmtng_inAdmin_TS_101.tearDown()'><b>tearDown</b><br>Test class: executions.Cmpltdmtng_inAdmin_TS_101</td>
<td></td>
<td>0</td>
<td>executions.Cmpltdmtng_inAdmin_TS_101@5474c6c</td></tr>
<tr>
<td title='executions.Cmpltdmtng_inAdmin_TS_101.tearDown()'><b>tearDown</b><br>Test class: executions.Cmpltdmtng_inAdmin_TS_101</td>
<td></td>
<td>0</td>
<td>executions.Cmpltdmtng_inAdmin_TS_101@5474c6c</td></tr>
<tr>
<td title='executions.Cmpltdmtng_inAdmin_TS_101.tearDown()'><b>tearDown</b><br>Test class: executions.Cmpltdmtng_inAdmin_TS_101</td>
<td></td>
<td>0</td>
<td>executions.Cmpltdmtng_inAdmin_TS_101@5474c6c</td></tr>
<tr>
<td title='executions.Cmpltdmtng_inAdmin_TS_101.tearDown()'><b>tearDown</b><br>Test class: executions.Cmpltdmtng_inAdmin_TS_101</td>
<td></td>
<td>0</td>
<td>executions.Cmpltdmtng_inAdmin_TS_101@5474c6c</td></tr>
<tr>
<td title='executions.Cmpltdmtng_inAdmin_TS_101.tearDown()'><b>tearDown</b><br>Test class: executions.Cmpltdmtng_inAdmin_TS_101</td>
<td></td>
<td>0</td>
<td>executions.Cmpltdmtng_inAdmin_TS_101@5474c6c</td></tr>
<tr>
<td title='executions.Cmpltdmtng_inAdmin_TS_101.tearDown()'><b>tearDown</b><br>Test class: executions.Cmpltdmtng_inAdmin_TS_101</td>
<td></td>
<td>0</td>
<td>executions.Cmpltdmtng_inAdmin_TS_101@5474c6c</td></tr>
</table><p>
<table width='100%' border='1' class='invocation-failed'>
<tr><td colspan='4' align='center'><b>FAILED TESTS</b></td></tr>
<tr><td><b>Test method</b></td>
<td width="30%"><b>Exception</b></td>
<td width="10%"><b>Time (seconds)</b></td>
<td><b>Instance</b></td>
</tr>
<tr>
<td title='executions.Schedule_meeting_mail_TS_142.CRe4_150_151()'><b>CRe4_150_151</b><br>Test class: executions.Schedule_meeting_mail_TS_142</td>
<td><div><pre>org.openqa.selenium.NoSuchElementException: Unable to locate element: {&quot;method&quot;:&quot;name&quot;,&quot;selector&quot;:&quot;password&quot;}
Command duration or timeout: 19 milliseconds
For documentation on this error, please visit: http://seleniumhq.org/exceptions/no_such_element.html
Build info: version: &apos;2.53.1&apos;, revision: &apos;a36b8b1&apos;, time: &apos;2016-06-30 17:37:03&apos;
System info: host: &apos;Bablu-PC&apos;, ip: &apos;192.168.56.1&apos;, os.name: &apos;Windows 7&apos;, os.arch: &apos;amd64&apos;, os.version: &apos;6.1&apos;, java.version: &apos;1.8.0_161&apos;
Driver info: org.openqa.selenium.firefox.FirefoxDriver
Capabilities [{applicationCacheEnabled=true, rotatable=false, handlesAlerts=true, databaseEnabled=true, version=43.0.1, platform=WINDOWS, nativeEvents=false, acceptSslCerts=true, webStorageEnabled=true, locationContextEnabled=true, browserName=firefox, takesScreenshot=true, javascriptEnabled=true, cssSelectorsEnabled=true}]
Session ID: f4608383-0f23-4e73-a495-559a515df222
*** Element info: {Using=name, value=password}
	at org.openqa.selenium.remote.ErrorHandler.createThrowable(ErrorHandler.java:206)
	at org.openqa.selenium.remote.ErrorHandler.throwIfResponseFailed(ErrorHandler.java:158)
	at org.openqa.selenium.remote.RemoteWebDriver.execute(RemoteWebDriver.java:678)
	at org.openqa.selenium.remote.RemoteWebDriver.findElement(RemoteWebDriver.java:363)
	at org.openqa.selenium.remote.RemoteWebDriver.findElementByName(RemoteWebDriver.java:461)
	at org.openqa.selenium.By$ByName.findElement(By.java:303)
	at org.openqa.selenium.remote.RemoteWebDriver.findElement(RemoteWebDriver.java:355)
	at GlobalMethod.GlobalMethods.meetingMail(GlobalMethods.java:1032)
	at Scenario.TS_142.CRe4_150_151(TS_142.java:150)
	at executions.Schedule_meeting_mail_TS_142.CRe4_150_151(Schedule_meeting_mail_TS_142.java:34)
Caused by: org.openqa.selenium.NoSuchElementException: Unable to locate element: {&quot;method&quot;:&quot;name&quot;,&quot;selector&quot;:&quot;password&quot;}
For documentation on this error, please visit: http://seleniumhq.org/exceptions/no_such_element.html
Build info: version: &apos;2.53.1&apos;, revision: &apos;a36b8b1&apos;, time: &apos;2016-06-30 17:37:03&apos;
System info: host: &apos;Bablu-PC&apos;, ip: &apos;192.168.56.1&apos;, os.name: &apos;Windows 7&apos;, os.arch: &apos;amd64&apos;, os.version: &apos;6.1&apos;, java.version: &apos;1.8.0_161&apos;
Driver info: driver.version: unknown
	at &lt;anonymous class&gt;.FirefoxDriver.prototype.findElementInternal_(file:///C:/Users/bablu.p/AppData/Local/Temp/anonymous1640996168914175476webdriver-profile/extensions/fxdriver@googlecode.com/components/driver-component.js:10770)
	at &lt;anonymous class&gt;.FirefoxDriver.prototype.findElement(file:///C:/Users/bablu.p/AppData/Local/Temp/anonymous1640996168914175476webdriver-profile/extensions/fxdriver@googlecode.com/components/driver-component.js:10779)
	at &lt;anonymous class&gt;.DelayedCommand.prototype.executeInternal_/h(file:///C:/Users/bablu.p/AppData/Local/Temp/anonymous1640996168914175476webdriver-profile/extensions/fxdriver@googlecode.com/components/command-processor.js:12661)
	at &lt;anonymous class&gt;.DelayedCommand.prototype.executeInternal_(file:///C:/Users/bablu.p/AppData/Local/Temp/anonymous1640996168914175476webdriver-profile/extensions/fxdriver@googlecode.com/components/command-processor.js:12666)
	at &lt;anonymous class&gt;.DelayedCommand.prototype.execute/&lt;(file:///C:/Users/bablu.p/AppData/Local/Temp/anonymous1640996168914175476webdriver-profile/extensions/fxdriver@googlecode.com/components/command-processor.js:12608)
... Removed 27 stack frames</pre></div><a href='#' onClick='toggleBox("stack-trace1434367299", this, "Click to show all stack frames", "Click to hide stack frames")'>Click to show all stack frames</a>
<div class='stack-trace' id='stack-trace1434367299'><pre>org.openqa.selenium.NoSuchElementException: Unable to locate element: {&quot;method&quot;:&quot;name&quot;,&quot;selector&quot;:&quot;password&quot;}
Command duration or timeout: 19 milliseconds
For documentation on this error, please visit: http://seleniumhq.org/exceptions/no_such_element.html
Build info: version: &apos;2.53.1&apos;, revision: &apos;a36b8b1&apos;, time: &apos;2016-06-30 17:37:03&apos;
System info: host: &apos;Bablu-PC&apos;, ip: &apos;192.168.56.1&apos;, os.name: &apos;Windows 7&apos;, os.arch: &apos;amd64&apos;, os.version: &apos;6.1&apos;, java.version: &apos;1.8.0_161&apos;
Driver info: org.openqa.selenium.firefox.FirefoxDriver
Capabilities [{applicationCacheEnabled=true, rotatable=false, handlesAlerts=true, databaseEnabled=true, version=43.0.1, platform=WINDOWS, nativeEvents=false, acceptSslCerts=true, webStorageEnabled=true, locationContextEnabled=true, browserName=firefox, takesScreenshot=true, javascriptEnabled=true, cssSelectorsEnabled=true}]
Session ID: f4608383-0f23-4e73-a495-559a515df222
*** Element info: {Using=name, value=password}
	at sun.reflect.NativeConstructorAccessorImpl.newInstance0(Native Method)
	at sun.reflect.NativeConstructorAccessorImpl.newInstance(Unknown Source)
	at sun.reflect.DelegatingConstructorAccessorImpl.newInstance(Unknown Source)
	at java.lang.reflect.Constructor.newInstance(Unknown Source)
	at org.openqa.selenium.remote.ErrorHandler.createThrowable(ErrorHandler.java:206)
	at org.openqa.selenium.remote.ErrorHandler.throwIfResponseFailed(ErrorHandler.java:158)
	at org.openqa.selenium.remote.RemoteWebDriver.execute(RemoteWebDriver.java:678)
	at org.openqa.selenium.remote.RemoteWebDriver.findElement(RemoteWebDriver.java:363)
	at org.openqa.selenium.remote.RemoteWebDriver.findElementByName(RemoteWebDriver.java:461)
	at org.openqa.selenium.By$ByName.findElement(By.java:303)
	at org.openqa.selenium.remote.RemoteWebDriver.findElement(RemoteWebDriver.java:355)
	at GlobalMethod.GlobalMethods.meetingMail(GlobalMethods.java:1032)
	at Scenario.TS_142.CRe4_150_151(TS_142.java:150)
	at executions.Schedule_meeting_mail_TS_142.CRe4_150_151(Schedule_meeting_mail_TS_142.java:34)
	at sun.reflect.NativeMethodAccessorImpl.invoke0(Native Method)
	at sun.reflect.NativeMethodAccessorImpl.invoke(Unknown Source)
	at sun.reflect.DelegatingMethodAccessorImpl.invoke(Unknown Source)
	at java.lang.reflect.Method.invoke(Unknown Source)
	at org.testng.internal.MethodInvocationHelper.invokeMethod(MethodInvocationHelper.java:85)
	at org.testng.internal.Invoker.invokeMethod(Invoker.java:639)
	at org.testng.internal.Invoker.invokeTestMethod(Invoker.java:816)
	at org.testng.internal.Invoker.invokeTestMethods(Invoker.java:1124)
	at org.testng.internal.TestMethodWorker.invokeTestMethods(TestMethodWorker.java:125)
	at org.testng.internal.TestMethodWorker.run(TestMethodWorker.java:108)
	at org.testng.TestRunner.privateRun(TestRunner.java:774)
	at org.testng.TestRunner.run(TestRunner.java:624)
	at org.testng.SuiteRunner.runTest(SuiteRunner.java:359)
	at org.testng.SuiteRunner.runSequentially(SuiteRunner.java:354)
	at org.testng.SuiteRunner.privateRun(SuiteRunner.java:312)
	at org.testng.SuiteRunner.run(SuiteRunner.java:261)
	at org.testng.SuiteRunnerWorker.runSuite(SuiteRunnerWorker.java:52)
	at org.testng.SuiteRunnerWorker.run(SuiteRunnerWorker.java:86)
	at org.testng.TestNG.runSuitesSequentially(TestNG.java:1215)
	at org.testng.TestNG.runSuitesLocally(TestNG.java:1140)
	at org.testng.TestNG.run(TestNG.java:1048)
	at org.testng.TestNG.privateMain(TestNG.java:1355)
	at org.testng.TestNG.main(TestNG.java:1324)
Caused by: org.openqa.selenium.NoSuchElementException: Unable to locate element: {&quot;method&quot;:&quot;name&quot;,&quot;selector&quot;:&quot;password&quot;}
For documentation on this error, please visit: http://seleniumhq.org/exceptions/no_such_element.html
Build info: version: &apos;2.53.1&apos;, revision: &apos;a36b8b1&apos;, time: &apos;2016-06-30 17:37:03&apos;
System info: host: &apos;Bablu-PC&apos;, ip: &apos;192.168.56.1&apos;, os.name: &apos;Windows 7&apos;, os.arch: &apos;amd64&apos;, os.version: &apos;6.1&apos;, java.version: &apos;1.8.0_161&apos;
Driver info: driver.version: unknown
	at &lt;anonymous class&gt;.FirefoxDriver.prototype.findElementInternal_(file:///C:/Users/bablu.p/AppData/Local/Temp/anonymous1640996168914175476webdriver-profile/extensions/fxdriver@googlecode.com/components/driver-component.js:10770)
	at &lt;anonymous class&gt;.FirefoxDriver.prototype.findElement(file:///C:/Users/bablu.p/AppData/Local/Temp/anonymous1640996168914175476webdriver-profile/extensions/fxdriver@googlecode.com/components/driver-component.js:10779)
	at &lt;anonymous class&gt;.DelayedCommand.prototype.executeInternal_/h(file:///C:/Users/bablu.p/AppData/Local/Temp/anonymous1640996168914175476webdriver-profile/extensions/fxdriver@googlecode.com/components/command-processor.js:12661)
	at &lt;anonymous class&gt;.DelayedCommand.prototype.executeInternal_(file:///C:/Users/bablu.p/AppData/Local/Temp/anonymous1640996168914175476webdriver-profile/extensions/fxdriver@googlecode.com/components/command-processor.js:12666)
	at &lt;anonymous class&gt;.DelayedCommand.prototype.execute/&lt;(file:///C:/Users/bablu.p/AppData/Local/Temp/anonymous1640996168914175476webdriver-profile/extensions/fxdriver@googlecode.com/components/command-processor.js:12608)
</pre></div></td>
<td>47</td>
<td>executions.Schedule_meeting_mail_TS_142@61443d8f</td></tr>
<tr>
<td title='executions.Reschedule_mtng_mail_TS_143.CRe4_152_153()'><b>CRe4_152_153</b><br>Test class: executions.Reschedule_mtng_mail_TS_143</td>
<td><div><pre>org.openqa.selenium.NoSuchElementException: Unable to locate element: {&quot;method&quot;:&quot;name&quot;,&quot;selector&quot;:&quot;password&quot;}
Command duration or timeout: 26 milliseconds
For documentation on this error, please visit: http://seleniumhq.org/exceptions/no_such_element.html
Build info: version: &apos;2.53.1&apos;, revision: &apos;a36b8b1&apos;, time: &apos;2016-06-30 17:37:03&apos;
System info: host: &apos;Bablu-PC&apos;, ip: &apos;192.168.56.1&apos;, os.name: &apos;Windows 7&apos;, os.arch: &apos;amd64&apos;, os.version: &apos;6.1&apos;, java.version: &apos;1.8.0_161&apos;
Driver info: org.openqa.selenium.firefox.FirefoxDriver
Capabilities [{applicationCacheEnabled=true, rotatable=false, handlesAlerts=true, databaseEnabled=true, version=43.0.1, platform=WINDOWS, nativeEvents=false, acceptSslCerts=true, webStorageEnabled=true, locationContextEnabled=true, browserName=firefox, takesScreenshot=true, javascriptEnabled=true, cssSelectorsEnabled=true}]
Session ID: 6b1e387e-b845-4843-8bd9-6704dbf3e06a
*** Element info: {Using=name, value=password}
	at org.openqa.selenium.remote.ErrorHandler.createThrowable(ErrorHandler.java:206)
	at org.openqa.selenium.remote.ErrorHandler.throwIfResponseFailed(ErrorHandler.java:158)
	at org.openqa.selenium.remote.RemoteWebDriver.execute(RemoteWebDriver.java:678)
	at org.openqa.selenium.remote.RemoteWebDriver.findElement(RemoteWebDriver.java:363)
	at org.openqa.selenium.remote.RemoteWebDriver.findElementByName(RemoteWebDriver.java:461)
	at org.openqa.selenium.By$ByName.findElement(By.java:303)
	at org.openqa.selenium.remote.RemoteWebDriver.findElement(RemoteWebDriver.java:355)
	at GlobalMethod.GlobalMethods.remeetingMail(GlobalMethods.java:1061)
	at Scenario.TS_143.CRe4_152_153(TS_143.java:132)
	at executions.Reschedule_mtng_mail_TS_143.CRe4_152_153(Reschedule_mtng_mail_TS_143.java:33)
Caused by: org.openqa.selenium.NoSuchElementException: Unable to locate element: {&quot;method&quot;:&quot;name&quot;,&quot;selector&quot;:&quot;password&quot;}
For documentation on this error, please visit: http://seleniumhq.org/exceptions/no_such_element.html
Build info: version: &apos;2.53.1&apos;, revision: &apos;a36b8b1&apos;, time: &apos;2016-06-30 17:37:03&apos;
System info: host: &apos;Bablu-PC&apos;, ip: &apos;192.168.56.1&apos;, os.name: &apos;Windows 7&apos;, os.arch: &apos;amd64&apos;, os.version: &apos;6.1&apos;, java.version: &apos;1.8.0_161&apos;
Driver info: driver.version: unknown
	at &lt;anonymous class&gt;.FirefoxDriver.prototype.findElementInternal_(file:///C:/Users/bablu.p/AppData/Local/Temp/anonymous4168090377437747021webdriver-profile/extensions/fxdriver@googlecode.com/components/driver-component.js:10770)
	at &lt;anonymous class&gt;.FirefoxDriver.prototype.findElement(file:///C:/Users/bablu.p/AppData/Local/Temp/anonymous4168090377437747021webdriver-profile/extensions/fxdriver@googlecode.com/components/driver-component.js:10779)
	at &lt;anonymous class&gt;.DelayedCommand.prototype.executeInternal_/h(file:///C:/Users/bablu.p/AppData/Local/Temp/anonymous4168090377437747021webdriver-profile/extensions/fxdriver@googlecode.com/components/command-processor.js:12661)
	at &lt;anonymous class&gt;.DelayedCommand.prototype.executeInternal_(file:///C:/Users/bablu.p/AppData/Local/Temp/anonymous4168090377437747021webdriver-profile/extensions/fxdriver@googlecode.com/components/command-processor.js:12666)
	at &lt;anonymous class&gt;.DelayedCommand.prototype.execute/&lt;(file:///C:/Users/bablu.p/AppData/Local/Temp/anonymous4168090377437747021webdriver-profile/extensions/fxdriver@googlecode.com/components/command-processor.js:12608)
... Removed 27 stack frames</pre></div><a href='#' onClick='toggleBox("stack-trace1926296244", this, "Click to show all stack frames", "Click to hide stack frames")'>Click to show all stack frames</a>
<div class='stack-trace' id='stack-trace1926296244'><pre>org.openqa.selenium.NoSuchElementException: Unable to locate element: {&quot;method&quot;:&quot;name&quot;,&quot;selector&quot;:&quot;password&quot;}
Command duration or timeout: 26 milliseconds
For documentation on this error, please visit: http://seleniumhq.org/exceptions/no_such_element.html
Build info: version: &apos;2.53.1&apos;, revision: &apos;a36b8b1&apos;, time: &apos;2016-06-30 17:37:03&apos;
System info: host: &apos;Bablu-PC&apos;, ip: &apos;192.168.56.1&apos;, os.name: &apos;Windows 7&apos;, os.arch: &apos;amd64&apos;, os.version: &apos;6.1&apos;, java.version: &apos;1.8.0_161&apos;
Driver info: org.openqa.selenium.firefox.FirefoxDriver
Capabilities [{applicationCacheEnabled=true, rotatable=false, handlesAlerts=true, databaseEnabled=true, version=43.0.1, platform=WINDOWS, nativeEvents=false, acceptSslCerts=true, webStorageEnabled=true, locationContextEnabled=true, browserName=firefox, takesScreenshot=true, javascriptEnabled=true, cssSelectorsEnabled=true}]
Session ID: 6b1e387e-b845-4843-8bd9-6704dbf3e06a
*** Element info: {Using=name, value=password}
	at sun.reflect.NativeConstructorAccessorImpl.newInstance0(Native Method)
	at sun.reflect.NativeConstructorAccessorImpl.newInstance(Unknown Source)
	at sun.reflect.DelegatingConstructorAccessorImpl.newInstance(Unknown Source)
	at java.lang.reflect.Constructor.newInstance(Unknown Source)
	at org.openqa.selenium.remote.ErrorHandler.createThrowable(ErrorHandler.java:206)
	at org.openqa.selenium.remote.ErrorHandler.throwIfResponseFailed(ErrorHandler.java:158)
	at org.openqa.selenium.remote.RemoteWebDriver.execute(RemoteWebDriver.java:678)
	at org.openqa.selenium.remote.RemoteWebDriver.findElement(RemoteWebDriver.java:363)
	at org.openqa.selenium.remote.RemoteWebDriver.findElementByName(RemoteWebDriver.java:461)
	at org.openqa.selenium.By$ByName.findElement(By.java:303)
	at org.openqa.selenium.remote.RemoteWebDriver.findElement(RemoteWebDriver.java:355)
	at GlobalMethod.GlobalMethods.remeetingMail(GlobalMethods.java:1061)
	at Scenario.TS_143.CRe4_152_153(TS_143.java:132)
	at executions.Reschedule_mtng_mail_TS_143.CRe4_152_153(Reschedule_mtng_mail_TS_143.java:33)
	at sun.reflect.NativeMethodAccessorImpl.invoke0(Native Method)
	at sun.reflect.NativeMethodAccessorImpl.invoke(Unknown Source)
	at sun.reflect.DelegatingMethodAccessorImpl.invoke(Unknown Source)
	at java.lang.reflect.Method.invoke(Unknown Source)
	at org.testng.internal.MethodInvocationHelper.invokeMethod(MethodInvocationHelper.java:85)
	at org.testng.internal.Invoker.invokeMethod(Invoker.java:639)
	at org.testng.internal.Invoker.invokeTestMethod(Invoker.java:816)
	at org.testng.internal.Invoker.invokeTestMethods(Invoker.java:1124)
	at org.testng.internal.TestMethodWorker.invokeTestMethods(TestMethodWorker.java:125)
	at org.testng.internal.TestMethodWorker.run(TestMethodWorker.java:108)
	at org.testng.TestRunner.privateRun(TestRunner.java:774)
	at org.testng.TestRunner.run(TestRunner.java:624)
	at org.testng.SuiteRunner.runTest(SuiteRunner.java:359)
	at org.testng.SuiteRunner.runSequentially(SuiteRunner.java:354)
	at org.testng.SuiteRunner.privateRun(SuiteRunner.java:312)
	at org.testng.SuiteRunner.run(SuiteRunner.java:261)
	at org.testng.SuiteRunnerWorker.runSuite(SuiteRunnerWorker.java:52)
	at org.testng.SuiteRunnerWorker.run(SuiteRunnerWorker.java:86)
	at org.testng.TestNG.runSuitesSequentially(TestNG.java:1215)
	at org.testng.TestNG.runSuitesLocally(TestNG.java:1140)
	at org.testng.TestNG.run(TestNG.java:1048)
	at org.testng.TestNG.privateMain(TestNG.java:1355)
	at org.testng.TestNG.main(TestNG.java:1324)
Caused by: org.openqa.selenium.NoSuchElementException: Unable to locate element: {&quot;method&quot;:&quot;name&quot;,&quot;selector&quot;:&quot;password&quot;}
For documentation on this error, please visit: http://seleniumhq.org/exceptions/no_such_element.html
Build info: version: &apos;2.53.1&apos;, revision: &apos;a36b8b1&apos;, time: &apos;2016-06-30 17:37:03&apos;
System info: host: &apos;Bablu-PC&apos;, ip: &apos;192.168.56.1&apos;, os.name: &apos;Windows 7&apos;, os.arch: &apos;amd64&apos;, os.version: &apos;6.1&apos;, java.version: &apos;1.8.0_161&apos;
Driver info: driver.version: unknown
	at &lt;anonymous class&gt;.FirefoxDriver.prototype.findElementInternal_(file:///C:/Users/bablu.p/AppData/Local/Temp/anonymous4168090377437747021webdriver-profile/extensions/fxdriver@googlecode.com/components/driver-component.js:10770)
	at &lt;anonymous class&gt;.FirefoxDriver.prototype.findElement(file:///C:/Users/bablu.p/AppData/Local/Temp/anonymous4168090377437747021webdriver-profile/extensions/fxdriver@googlecode.com/components/driver-component.js:10779)
	at &lt;anonymous class&gt;.DelayedCommand.prototype.executeInternal_/h(file:///C:/Users/bablu.p/AppData/Local/Temp/anonymous4168090377437747021webdriver-profile/extensions/fxdriver@googlecode.com/components/command-processor.js:12661)
	at &lt;anonymous class&gt;.DelayedCommand.prototype.executeInternal_(file:///C:/Users/bablu.p/AppData/Local/Temp/anonymous4168090377437747021webdriver-profile/extensions/fxdriver@googlecode.com/components/command-processor.js:12666)
	at &lt;anonymous class&gt;.DelayedCommand.prototype.execute/&lt;(file:///C:/Users/bablu.p/AppData/Local/Temp/anonymous4168090377437747021webdriver-profile/extensions/fxdriver@googlecode.com/components/command-processor.js:12608)
</pre></div></td>
<td>44</td>
<td>executions.Reschedule_mtng_mail_TS_143@445b84c0</td></tr>
<tr>
<td title='executions.Generate_agenda_TS_96.CRe4_204_209()'><b>CRe4_204_209</b><br>Test class: executions.Generate_agenda_TS_96</td>
<td><div><pre>org.openqa.selenium.TimeoutException: Timed out after 120 seconds waiting for GlobalMethod.GlobalWait$1@1869fbd2
Build info: version: &apos;2.53.1&apos;, revision: &apos;a36b8b1&apos;, time: &apos;2016-06-30 17:37:03&apos;
System info: host: &apos;Bablu-PC&apos;, ip: &apos;192.168.56.1&apos;, os.name: &apos;Windows 7&apos;, os.arch: &apos;amd64&apos;, os.version: &apos;6.1&apos;, java.version: &apos;1.8.0_161&apos;
Driver info: driver.version: unknown
	at org.openqa.selenium.support.ui.FluentWait.timeoutException(FluentWait.java:292)
	at org.openqa.selenium.support.ui.FluentWait.until(FluentWait.java:261)
	at GlobalMethod.GlobalWait.Wait_GetElementByXpath(GlobalWait.java:39)
	at Scenario.TS_96.CRe4_204_209(TS_96.java:216)
	at executions.Generate_agenda_TS_96.CRe4_204_209(Generate_agenda_TS_96.java:61)
Caused by: org.openqa.selenium.NoSuchElementException: Unable to locate element: {&quot;method&quot;:&quot;xpath&quot;,&quot;selector&quot;:&quot;//div[3]/div[2]/div/table/tbody/tr[1]/td[6]/a[2]&quot;}
Command duration or timeout: 16 milliseconds
For documentation on this error, please visit: http://seleniumhq.org/exceptions/no_such_element.html
Build info: version: &apos;2.53.1&apos;, revision: &apos;a36b8b1&apos;, time: &apos;2016-06-30 17:37:03&apos;
System info: host: &apos;Bablu-PC&apos;, ip: &apos;192.168.56.1&apos;, os.name: &apos;Windows 7&apos;, os.arch: &apos;amd64&apos;, os.version: &apos;6.1&apos;, java.version: &apos;1.8.0_161&apos;
Driver info: org.openqa.selenium.firefox.FirefoxDriver
Capabilities [{applicationCacheEnabled=true, rotatable=false, handlesAlerts=true, databaseEnabled=true, version=43.0.1, platform=WINDOWS, nativeEvents=false, acceptSslCerts=true, webStorageEnabled=true, locationContextEnabled=true, browserName=firefox, takesScreenshot=true, javascriptEnabled=true, cssSelectorsEnabled=true}]
Session ID: cce0ccc1-c210-4ade-989f-5bd0d57e7d00
*** Element info: {Using=xpath, value=//div[3]/div[2]/div/table/tbody/tr[1]/td[6]/a[2]}
	at org.openqa.selenium.remote.ErrorHandler.createThrowable(ErrorHandler.java:206)
	at org.openqa.selenium.remote.ErrorHandler.throwIfResponseFailed(ErrorHandler.java:158)
	at org.openqa.selenium.remote.RemoteWebDriver.execute(RemoteWebDriver.java:678)
	at org.openqa.selenium.remote.RemoteWebDriver.findElement(RemoteWebDriver.java:363)
	at org.openqa.selenium.remote.RemoteWebDriver.findElementByXPath(RemoteWebDriver.java:500)
	at org.openqa.selenium.By$ByXPath.findElement(By.java:361)
	at org.openqa.selenium.remote.RemoteWebDriver.findElement(RemoteWebDriver.java:355)
	at GlobalMethod.GlobalWait$1.apply(GlobalWait.java:43)
	at org.openqa.selenium.support.ui.FluentWait.until(FluentWait.java:238)
	... 26 more
Caused by: org.openqa.selenium.NoSuchElementException: Unable to locate element: {&quot;method&quot;:&quot;xpath&quot;,&quot;selector&quot;:&quot;//div[3]/div[2]/div/table/tbody/tr[1]/td[6]/a[2]&quot;}
For documentation on this error, please visit: http://seleniumhq.org/exceptions/no_such_element.html
Build info: version: &apos;2.53.1&apos;, revision: &apos;a36b8b1&apos;, time: &apos;2016-06-30 17:37:03&apos;
System info: host: &apos;Bablu-PC&apos;, ip: &apos;192.168.56.1&apos;, os.name: &apos;Windows 7&apos;, os.arch: &apos;amd64&apos;, os.version: &apos;6.1&apos;, java.version: &apos;1.8.0_161&apos;
Driver info: driver.version: unknown
	at &lt;anonymous class&gt;.FirefoxDriver.prototype.findElementInternal_(file:///C:/Users/bablu.p/AppData/Local/Temp/anonymous6727169749458180946webdriver-profile/extensions/fxdriver@googlecode.com/components/driver-component.js:10770)
	at &lt;anonymous class&gt;.FirefoxDriver.prototype.findElement(file:///C:/Users/bablu.p/AppData/Local/Temp/anonymous6727169749458180946webdriver-profile/extensions/fxdriver@googlecode.com/components/driver-component.js:10779)
	at &lt;anonymous class&gt;.DelayedCommand.prototype.executeInternal_/h(file:///C:/Users/bablu.p/AppData/Local/Temp/anonymous6727169749458180946webdriver-profile/extensions/fxdriver@googlecode.com/components/command-processor.js:12661)
	at &lt;anonymous class&gt;.DelayedCommand.prototype.executeInternal_(file:///C:/Users/bablu.p/AppData/Local/Temp/anonymous6727169749458180946webdriver-profile/extensions/fxdriver@googlecode.com/components/command-processor.js:12666)
	at &lt;anonymous class&gt;.DelayedCommand.prototype.execute/&lt;(file:///C:/Users/bablu.p/AppData/Local/Temp/anonymous6727169749458180946webdriver-profile/extensions/fxdriver@googlecode.com/components/command-processor.js:12608)
... Removed 26 stack frames</pre></div><a href='#' onClick='toggleBox("stack-trace2130357594", this, "Click to show all stack frames", "Click to hide stack frames")'>Click to show all stack frames</a>
<div class='stack-trace' id='stack-trace2130357594'><pre>org.openqa.selenium.TimeoutException: Timed out after 120 seconds waiting for GlobalMethod.GlobalWait$1@1869fbd2
Build info: version: &apos;2.53.1&apos;, revision: &apos;a36b8b1&apos;, time: &apos;2016-06-30 17:37:03&apos;
System info: host: &apos;Bablu-PC&apos;, ip: &apos;192.168.56.1&apos;, os.name: &apos;Windows 7&apos;, os.arch: &apos;amd64&apos;, os.version: &apos;6.1&apos;, java.version: &apos;1.8.0_161&apos;
Driver info: driver.version: unknown
	at org.openqa.selenium.support.ui.FluentWait.timeoutException(FluentWait.java:292)
	at org.openqa.selenium.support.ui.FluentWait.until(FluentWait.java:261)
	at GlobalMethod.GlobalWait.Wait_GetElementByXpath(GlobalWait.java:39)
	at Scenario.TS_96.CRe4_204_209(TS_96.java:216)
	at executions.Generate_agenda_TS_96.CRe4_204_209(Generate_agenda_TS_96.java:61)
	at sun.reflect.NativeMethodAccessorImpl.invoke0(Native Method)
	at sun.reflect.NativeMethodAccessorImpl.invoke(Unknown Source)
	at sun.reflect.DelegatingMethodAccessorImpl.invoke(Unknown Source)
	at java.lang.reflect.Method.invoke(Unknown Source)
	at org.testng.internal.MethodInvocationHelper.invokeMethod(MethodInvocationHelper.java:85)
	at org.testng.internal.Invoker.invokeMethod(Invoker.java:639)
	at org.testng.internal.Invoker.invokeTestMethod(Invoker.java:816)
	at org.testng.internal.Invoker.invokeTestMethods(Invoker.java:1124)
	at org.testng.internal.TestMethodWorker.invokeTestMethods(TestMethodWorker.java:125)
	at org.testng.internal.TestMethodWorker.run(TestMethodWorker.java:108)
	at org.testng.TestRunner.privateRun(TestRunner.java:774)
	at org.testng.TestRunner.run(TestRunner.java:624)
	at org.testng.SuiteRunner.runTest(SuiteRunner.java:359)
	at org.testng.SuiteRunner.runSequentially(SuiteRunner.java:354)
	at org.testng.SuiteRunner.privateRun(SuiteRunner.java:312)
	at org.testng.SuiteRunner.run(SuiteRunner.java:261)
	at org.testng.SuiteRunnerWorker.runSuite(SuiteRunnerWorker.java:52)
	at org.testng.SuiteRunnerWorker.run(SuiteRunnerWorker.java:86)
	at org.testng.TestNG.runSuitesSequentially(TestNG.java:1215)
	at org.testng.TestNG.runSuitesLocally(TestNG.java:1140)
	at org.testng.TestNG.run(TestNG.java:1048)
	at org.testng.TestNG.privateMain(TestNG.java:1355)
	at org.testng.TestNG.main(TestNG.java:1324)
Caused by: org.openqa.selenium.NoSuchElementException: Unable to locate element: {&quot;method&quot;:&quot;xpath&quot;,&quot;selector&quot;:&quot;//div[3]/div[2]/div/table/tbody/tr[1]/td[6]/a[2]&quot;}
Command duration or timeout: 16 milliseconds
For documentation on this error, please visit: http://seleniumhq.org/exceptions/no_such_element.html
Build info: version: &apos;2.53.1&apos;, revision: &apos;a36b8b1&apos;, time: &apos;2016-06-30 17:37:03&apos;
System info: host: &apos;Bablu-PC&apos;, ip: &apos;192.168.56.1&apos;, os.name: &apos;Windows 7&apos;, os.arch: &apos;amd64&apos;, os.version: &apos;6.1&apos;, java.version: &apos;1.8.0_161&apos;
Driver info: org.openqa.selenium.firefox.FirefoxDriver
Capabilities [{applicationCacheEnabled=true, rotatable=false, handlesAlerts=true, databaseEnabled=true, version=43.0.1, platform=WINDOWS, nativeEvents=false, acceptSslCerts=true, webStorageEnabled=true, locationContextEnabled=true, browserName=firefox, takesScreenshot=true, javascriptEnabled=true, cssSelectorsEnabled=true}]
Session ID: cce0ccc1-c210-4ade-989f-5bd0d57e7d00
*** Element info: {Using=xpath, value=//div[3]/div[2]/div/table/tbody/tr[1]/td[6]/a[2]}
	at sun.reflect.GeneratedConstructorAccessor18.newInstance(Unknown Source)
	at sun.reflect.DelegatingConstructorAccessorImpl.newInstance(Unknown Source)
	at java.lang.reflect.Constructor.newInstance(Unknown Source)
	at org.openqa.selenium.remote.ErrorHandler.createThrowable(ErrorHandler.java:206)
	at org.openqa.selenium.remote.ErrorHandler.throwIfResponseFailed(ErrorHandler.java:158)
	at org.openqa.selenium.remote.RemoteWebDriver.execute(RemoteWebDriver.java:678)
	at org.openqa.selenium.remote.RemoteWebDriver.findElement(RemoteWebDriver.java:363)
	at org.openqa.selenium.remote.RemoteWebDriver.findElementByXPath(RemoteWebDriver.java:500)
	at org.openqa.selenium.By$ByXPath.findElement(By.java:361)
	at org.openqa.selenium.remote.RemoteWebDriver.findElement(RemoteWebDriver.java:355)
	at GlobalMethod.GlobalWait$1.apply(GlobalWait.java:43)
	at org.openqa.selenium.support.ui.FluentWait.until(FluentWait.java:238)
	... 26 more
Caused by: org.openqa.selenium.NoSuchElementException: Unable to locate element: {&quot;method&quot;:&quot;xpath&quot;,&quot;selector&quot;:&quot;//div[3]/div[2]/div/table/tbody/tr[1]/td[6]/a[2]&quot;}
For documentation on this error, please visit: http://seleniumhq.org/exceptions/no_such_element.html
Build info: version: &apos;2.53.1&apos;, revision: &apos;a36b8b1&apos;, time: &apos;2016-06-30 17:37:03&apos;
System info: host: &apos;Bablu-PC&apos;, ip: &apos;192.168.56.1&apos;, os.name: &apos;Windows 7&apos;, os.arch: &apos;amd64&apos;, os.version: &apos;6.1&apos;, java.version: &apos;1.8.0_161&apos;
Driver info: driver.version: unknown
	at &lt;anonymous class&gt;.FirefoxDriver.prototype.findElementInternal_(file:///C:/Users/bablu.p/AppData/Local/Temp/anonymous6727169749458180946webdriver-profile/extensions/fxdriver@googlecode.com/components/driver-component.js:10770)
	at &lt;anonymous class&gt;.FirefoxDriver.prototype.findElement(file:///C:/Users/bablu.p/AppData/Local/Temp/anonymous6727169749458180946webdriver-profile/extensions/fxdriver@googlecode.com/components/driver-component.js:10779)
	at &lt;anonymous class&gt;.DelayedCommand.prototype.executeInternal_/h(file:///C:/Users/bablu.p/AppData/Local/Temp/anonymous6727169749458180946webdriver-profile/extensions/fxdriver@googlecode.com/components/command-processor.js:12661)
	at &lt;anonymous class&gt;.DelayedCommand.prototype.executeInternal_(file:///C:/Users/bablu.p/AppData/Local/Temp/anonymous6727169749458180946webdriver-profile/extensions/fxdriver@googlecode.com/components/command-processor.js:12666)
	at &lt;anonymous class&gt;.DelayedCommand.prototype.execute/&lt;(file:///C:/Users/bablu.p/AppData/Local/Temp/anonymous6727169749458180946webdriver-profile/extensions/fxdriver@googlecode.com/components/command-processor.js:12608)
</pre></div></td>
<td>152</td>
<td>executions.Generate_agenda_TS_96@25618e91</td></tr>
</table><p>
<table width='100%' border='1' class='invocation-passed'>
<tr><td colspan='4' align='center'><b>PASSED TESTS</b></td></tr>
<tr><td><b>Test method</b></td>
<td width="30%"><b>Exception</b></td>
<td width="10%"><b>Time (seconds)</b></td>
<td><b>Instance</b></td>
</tr>
<tr>
<td title='executions.Schedule_mtng_TS_95.CRe4_162_164()'><b>CRe4_162_164</b><br>Test class: executions.Schedule_mtng_TS_95</td>
<td></td>
<td>36</td>
<td>executions.Schedule_mtng_TS_95@77f03bb1</td></tr>
<tr>
<td title='executions.Schedule_mtng_TS_95.CRe4_165_166_171()'><b>CRe4_165_166_171</b><br>Test class: executions.Schedule_mtng_TS_95</td>
<td></td>
<td>33</td>
<td>executions.Schedule_mtng_TS_95@77f03bb1</td></tr>
<tr>
<td title='executions.Schedule_mtng_TS_95.CRe4_167_168_169()'><b>CRe4_167_168_169</b><br>Test class: executions.Schedule_mtng_TS_95</td>
<td></td>
<td>22</td>
<td>executions.Schedule_mtng_TS_95@77f03bb1</td></tr>
<tr>
<td title='executions.Schedule_mtng_TS_95.CRe4_170()'><b>CRe4_170</b><br>Test class: executions.Schedule_mtng_TS_95</td>
<td></td>
<td>27</td>
<td>executions.Schedule_mtng_TS_95@77f03bb1</td></tr>
<tr>
<td title='executions.Generate_agenda_TS_96.CRe4_187()'><b>CRe4_187</b><br>Test class: executions.Generate_agenda_TS_96</td>
<td></td>
<td>44</td>
<td>executions.Generate_agenda_TS_96@25618e91</td></tr>
<tr>
<td title='executions.Generate_agenda_TS_96.CRe4_191_192()'><b>CRe4_191_192</b><br>Test class: executions.Generate_agenda_TS_96</td>
<td></td>
<td>39</td>
<td>executions.Generate_agenda_TS_96@25618e91</td></tr>
<tr>
<td title='executions.Generate_agenda_TS_96.CRe4_193_194()'><b>CRe4_193_194</b><br>Test class: executions.Generate_agenda_TS_96</td>
<td></td>
<td>34</td>
<td>executions.Generate_agenda_TS_96@25618e91</td></tr>
<tr>
<td title='executions.Generate_agenda_TS_96.CRe4_210_211_212()'><b>CRe4_210_211_212</b><br>Test class: executions.Generate_agenda_TS_96</td>
<td></td>
<td>32</td>
<td>executions.Generate_agenda_TS_96@25618e91</td></tr>
<tr>
<td title='executions.Generate_agenda_TS_96.CRe4_213()'><b>CRe4_213</b><br>Test class: executions.Generate_agenda_TS_96</td>
<td></td>
<td>18</td>
<td>executions.Generate_agenda_TS_96@25618e91</td></tr>
<tr>
<td title='executions.Generate_agenda_TS_96.CRe4_214()'><b>CRe4_214</b><br>Test class: executions.Generate_agenda_TS_96</td>
<td></td>
<td>19</td>
<td>executions.Generate_agenda_TS_96@25618e91</td></tr>
<tr>
<td title='executions.Upcmngmtng_in_ms_TS_97.CRe4_224_226()'><b>CRe4_224_226</b><br>Test class: executions.Upcmngmtng_in_ms_TS_97</td>
<td></td>
<td>21</td>
<td>executions.Upcmngmtng_in_ms_TS_97@7a92922</td></tr>
<tr>
<td title='executions.Upcmngmtng_in_ms_TS_97.CRe4_227()'><b>CRe4_227</b><br>Test class: executions.Upcmngmtng_in_ms_TS_97</td>
<td></td>
<td>22</td>
<td>executions.Upcmngmtng_in_ms_TS_97@7a92922</td></tr>
<tr>
<td title='executions.Upcmngmtng_in_ms_TS_97.CRe4_228()'><b>CRe4_228</b><br>Test class: executions.Upcmngmtng_in_ms_TS_97</td>
<td></td>
<td>24</td>
<td>executions.Upcmngmtng_in_ms_TS_97@7a92922</td></tr>
<tr>
<td title='executions.Upcmngmtng_in_ms_TS_97.CRe4_229()'><b>CRe4_229</b><br>Test class: executions.Upcmngmtng_in_ms_TS_97</td>
<td></td>
<td>24</td>
<td>executions.Upcmngmtng_in_ms_TS_97@7a92922</td></tr>
<tr>
<td title='executions.Upcmngmtng_in_ms_TS_97.CRe4_237_238_239()'><b>CRe4_237_238_239</b><br>Test class: executions.Upcmngmtng_in_ms_TS_97</td>
<td></td>
<td>20</td>
<td>executions.Upcmngmtng_in_ms_TS_97@7a92922</td></tr>
<tr>
<td title='executions.Reschedule_mtng_TS_98.CRe4_241()'><b>CRe4_241</b><br>Test class: executions.Reschedule_mtng_TS_98</td>
<td></td>
<td>29</td>
<td>executions.Reschedule_mtng_TS_98@326de728</td></tr>
<tr>
<td title='executions.Reschedule_mtng_TS_98.CRe4_242()'><b>CRe4_242</b><br>Test class: executions.Reschedule_mtng_TS_98</td>
<td></td>
<td>22</td>
<td>executions.Reschedule_mtng_TS_98@326de728</td></tr>
<tr>
<td title='executions.Reschedule_mtng_TS_98.CRe4_243_245()'><b>CRe4_243_245</b><br>Test class: executions.Reschedule_mtng_TS_98</td>
<td></td>
<td>35</td>
<td>executions.Reschedule_mtng_TS_98@326de728</td></tr>
<tr>
<td title='executions.Reschedule_mtng_TS_98.CRe4_244()'><b>CRe4_244</b><br>Test class: executions.Reschedule_mtng_TS_98</td>
<td></td>
<td>30</td>
<td>executions.Reschedule_mtng_TS_98@326de728</td></tr>
<tr>
<td title='executions.Cmpletdmtng_inMS_TS_99.CRe4_247()'><b>CRe4_247</b><br>Test class: executions.Cmpletdmtng_inMS_TS_99</td>
<td></td>
<td>24</td>
<td>executions.Cmpletdmtng_inMS_TS_99@71f2a7d5</td></tr>
<tr>
<td title='executions.Cmpletdmtng_inMS_TS_99.CRe4_249()'><b>CRe4_249</b><br>Test class: executions.Cmpletdmtng_inMS_TS_99</td>
<td></td>
<td>22</td>
<td>executions.Cmpletdmtng_inMS_TS_99@71f2a7d5</td></tr>
<tr>
<td title='executions.Cmpletdmtng_inMS_TS_99.CRe4_250()'><b>CRe4_250</b><br>Test class: executions.Cmpletdmtng_inMS_TS_99</td>
<td></td>
<td>23</td>
<td>executions.Cmpletdmtng_inMS_TS_99@71f2a7d5</td></tr>
<tr>
<td title='executions.Cmpletdmtng_inMS_TS_99.CRe4_252()'><b>CRe4_252</b><br>Test class: executions.Cmpletdmtng_inMS_TS_99</td>
<td></td>
<td>25</td>
<td>executions.Cmpletdmtng_inMS_TS_99@71f2a7d5</td></tr>
<tr>
<td title='executions.Cmpletdmtng_inMS_TS_99.CRe4_253()'><b>CRe4_253</b><br>Test class: executions.Cmpletdmtng_inMS_TS_99</td>
<td></td>
<td>22</td>
<td>executions.Cmpletdmtng_inMS_TS_99@71f2a7d5</td></tr>
<tr>
<td title='executions.Cmpletdmtng_inMS_TS_99.CRe4_256()'><b>CRe4_256</b><br>Test class: executions.Cmpletdmtng_inMS_TS_99</td>
<td></td>
<td>35</td>
<td>executions.Cmpletdmtng_inMS_TS_99@71f2a7d5</td></tr>
<tr>
<td title='executions.Cmpletdmtng_inMS_TS_99.CRe4_259()'><b>CRe4_259</b><br>Test class: executions.Cmpletdmtng_inMS_TS_99</td>
<td></td>
<td>23</td>
<td>executions.Cmpletdmtng_inMS_TS_99@71f2a7d5</td></tr>
<tr>
<td title='executions.Cmpletdmtng_inMS_TS_99.CRe4_262()'><b>CRe4_262</b><br>Test class: executions.Cmpletdmtng_inMS_TS_99</td>
<td></td>
<td>23</td>
<td>executions.Cmpletdmtng_inMS_TS_99@71f2a7d5</td></tr>
<tr>
<td title='executions.Cmpletdmtng_inMS_TS_99.CRe4_263()'><b>CRe4_263</b><br>Test class: executions.Cmpletdmtng_inMS_TS_99</td>
<td></td>
<td>18</td>
<td>executions.Cmpletdmtng_inMS_TS_99@71f2a7d5</td></tr>
<tr>
<td title='executions.Cmpletdmtng_inMS_TS_99.CRe4_264()'><b>CRe4_264</b><br>Test class: executions.Cmpletdmtng_inMS_TS_99</td>
<td></td>
<td>21</td>
<td>executions.Cmpletdmtng_inMS_TS_99@71f2a7d5</td></tr>
<tr>
<td title='executions.Cmpletdmtng_inMS_TS_99.CRe4_265()'><b>CRe4_265</b><br>Test class: executions.Cmpletdmtng_inMS_TS_99</td>
<td></td>
<td>22</td>
<td>executions.Cmpletdmtng_inMS_TS_99@71f2a7d5</td></tr>
<tr>
<td title='executions.Cmpletdmtng_inMS_TS_99.CRe4_266()'><b>CRe4_266</b><br>Test class: executions.Cmpletdmtng_inMS_TS_99</td>
<td></td>
<td>22</td>
<td>executions.Cmpletdmtng_inMS_TS_99@71f2a7d5</td></tr>
<tr>
<td title='executions.Cmpletdmtng_inMS_TS_99.CRe4_267()'><b>CRe4_267</b><br>Test class: executions.Cmpletdmtng_inMS_TS_99</td>
<td></td>
<td>22</td>
<td>executions.Cmpletdmtng_inMS_TS_99@71f2a7d5</td></tr>
<tr>
<td title='executions.Cmpletdmtng_inMS_TS_99.CRe4_268()'><b>CRe4_268</b><br>Test class: executions.Cmpletdmtng_inMS_TS_99</td>
<td></td>
<td>21</td>
<td>executions.Cmpletdmtng_inMS_TS_99@71f2a7d5</td></tr>
<tr>
<td title='executions.Cmpletdmtng_inMS_TS_99.CRe4_269()'><b>CRe4_269</b><br>Test class: executions.Cmpletdmtng_inMS_TS_99</td>
<td></td>
<td>23</td>
<td>executions.Cmpletdmtng_inMS_TS_99@71f2a7d5</td></tr>
<tr>
<td title='executions.Cmpletdmtng_inMS_TS_99.CRe4_270()'><b>CRe4_270</b><br>Test class: executions.Cmpletdmtng_inMS_TS_99</td>
<td></td>
<td>23</td>
<td>executions.Cmpletdmtng_inMS_TS_99@71f2a7d5</td></tr>
<tr>
<td title='executions.Cmpletdmtng_inMS_TS_99.CRe4_271()'><b>CRe4_271</b><br>Test class: executions.Cmpletdmtng_inMS_TS_99</td>
<td></td>
<td>20</td>
<td>executions.Cmpletdmtng_inMS_TS_99@71f2a7d5</td></tr>
<tr>
<td title='executions.Cmpletdmtng_inMS_TS_99.CRe4_272()'><b>CRe4_272</b><br>Test class: executions.Cmpletdmtng_inMS_TS_99</td>
<td></td>
<td>22</td>
<td>executions.Cmpletdmtng_inMS_TS_99@71f2a7d5</td></tr>
<tr>
<td title='executions.Cmpletdmtng_inMS_TS_99.CRe4_273()'><b>CRe4_273</b><br>Test class: executions.Cmpletdmtng_inMS_TS_99</td>
<td></td>
<td>22</td>
<td>executions.Cmpletdmtng_inMS_TS_99@71f2a7d5</td></tr>
<tr>
<td title='executions.Cmpletdmtng_inMS_TS_99.CRe4_274()'><b>CRe4_274</b><br>Test class: executions.Cmpletdmtng_inMS_TS_99</td>
<td></td>
<td>21</td>
<td>executions.Cmpletdmtng_inMS_TS_99@71f2a7d5</td></tr>
<tr>
<td title='executions.Cmpletdmtng_inMS_TS_99.CRe4_275()'><b>CRe4_275</b><br>Test class: executions.Cmpletdmtng_inMS_TS_99</td>
<td></td>
<td>22</td>
<td>executions.Cmpletdmtng_inMS_TS_99@71f2a7d5</td></tr>
<tr>
<td title='executions.Cmpletdmtng_inMS_TS_99.CRe4_276()'><b>CRe4_276</b><br>Test class: executions.Cmpletdmtng_inMS_TS_99</td>
<td></td>
<td>17</td>
<td>executions.Cmpletdmtng_inMS_TS_99@71f2a7d5</td></tr>
<tr>
<td title='executions.Cmpletdmtng_inMS_TS_99.CRe4_277()'><b>CRe4_277</b><br>Test class: executions.Cmpletdmtng_inMS_TS_99</td>
<td></td>
<td>34</td>
<td>executions.Cmpletdmtng_inMS_TS_99@71f2a7d5</td></tr>
<tr>
<td title='executions.Upcmngmtng_in_CP_TS_102.CRe4_317_318_319()'><b>CRe4_317_318_319</b><br>Test class: executions.Upcmngmtng_in_CP_TS_102</td>
<td></td>
<td>16</td>
<td>executions.Upcmngmtng_in_CP_TS_102@4b6995df</td></tr>
<tr>
<td title='executions.Upcmngmtng_in_CP_TS_102.CRe4_320()'><b>CRe4_320</b><br>Test class: executions.Upcmngmtng_in_CP_TS_102</td>
<td></td>
<td>20</td>
<td>executions.Upcmngmtng_in_CP_TS_102@4b6995df</td></tr>
<tr>
<td title='executions.Upcmngmtng_in_CP_TS_102.CRe4_321()'><b>CRe4_321</b><br>Test class: executions.Upcmngmtng_in_CP_TS_102</td>
<td></td>
<td>21</td>
<td>executions.Upcmngmtng_in_CP_TS_102@4b6995df</td></tr>
<tr>
<td title='executions.Upcmngmtng_in_CP_TS_102.CRe4_322()'><b>CRe4_322</b><br>Test class: executions.Upcmngmtng_in_CP_TS_102</td>
<td></td>
<td>21</td>
<td>executions.Upcmngmtng_in_CP_TS_102@4b6995df</td></tr>
<tr>
<td title='executions.Upcmngmtng_in_CP_TS_102.CRe4_323()'><b>CRe4_323</b><br>Test class: executions.Upcmngmtng_in_CP_TS_102</td>
<td></td>
<td>23</td>
<td>executions.Upcmngmtng_in_CP_TS_102@4b6995df</td></tr>
<tr>
<td title='executions.Upcmngmtng_in_CP_TS_102.CRe4_324()'><b>CRe4_324</b><br>Test class: executions.Upcmngmtng_in_CP_TS_102</td>
<td></td>
<td>23</td>
<td>executions.Upcmngmtng_in_CP_TS_102@4b6995df</td></tr>
<tr>
<td title='executions.Upcmngmtng_in_CP_TS_102.CRe4_333_334()'><b>CRe4_333_334</b><br>Test class: executions.Upcmngmtng_in_CP_TS_102</td>
<td></td>
<td>22</td>
<td>executions.Upcmngmtng_in_CP_TS_102@4b6995df</td></tr>
<tr>
<td title='executions.Upcmngmtng_in_CP_TS_102.CRe4_337_338()'><b>CRe4_337_338</b><br>Test class: executions.Upcmngmtng_in_CP_TS_102</td>
<td></td>
<td>30</td>
<td>executions.Upcmngmtng_in_CP_TS_102@4b6995df</td></tr>
<tr>
<td title='executions.Cmpltdmtng_inCP_TS_103.CRe4_340()'><b>CRe4_340</b><br>Test class: executions.Cmpltdmtng_inCP_TS_103</td>
<td></td>
<td>19</td>
<td>executions.Cmpltdmtng_inCP_TS_103@2fc14f68</td></tr>
<tr>
<td title='executions.Cmpltdmtng_inCP_TS_103.CRe4_342()'><b>CRe4_342</b><br>Test class: executions.Cmpltdmtng_inCP_TS_103</td>
<td></td>
<td>18</td>
<td>executions.Cmpltdmtng_inCP_TS_103@2fc14f68</td></tr>
<tr>
<td title='executions.Cmpltdmtng_inCP_TS_103.CRe4_343()'><b>CRe4_343</b><br>Test class: executions.Cmpltdmtng_inCP_TS_103</td>
<td></td>
<td>21</td>
<td>executions.Cmpltdmtng_inCP_TS_103@2fc14f68</td></tr>
<tr>
<td title='executions.Cmpltdmtng_inCP_TS_103.CRe4_344()'><b>CRe4_344</b><br>Test class: executions.Cmpltdmtng_inCP_TS_103</td>
<td></td>
<td>23</td>
<td>executions.Cmpltdmtng_inCP_TS_103@2fc14f68</td></tr>
<tr>
<td title='executions.Cmpltdmtng_inCP_TS_103.CRe4_345()'><b>CRe4_345</b><br>Test class: executions.Cmpltdmtng_inCP_TS_103</td>
<td></td>
<td>21</td>
<td>executions.Cmpltdmtng_inCP_TS_103@2fc14f68</td></tr>
<tr>
<td title='executions.Cmpltdmtng_inCP_TS_103.CRe4_346()'><b>CRe4_346</b><br>Test class: executions.Cmpltdmtng_inCP_TS_103</td>
<td></td>
<td>19</td>
<td>executions.Cmpltdmtng_inCP_TS_103@2fc14f68</td></tr>
<tr>
<td title='executions.Cmpltdmtng_inCP_TS_103.CRe4_347()'><b>CRe4_347</b><br>Test class: executions.Cmpltdmtng_inCP_TS_103</td>
<td></td>
<td>19</td>
<td>executions.Cmpltdmtng_inCP_TS_103@2fc14f68</td></tr>
<tr>
<td title='executions.Cmpltdmtng_inCP_TS_103.CRe4_349_350()'><b>CRe4_349_350</b><br>Test class: executions.Cmpltdmtng_inCP_TS_103</td>
<td></td>
<td>19</td>
<td>executions.Cmpltdmtng_inCP_TS_103@2fc14f68</td></tr>
<tr>
<td title='executions.Cmpltdmtng_inCP_TS_103.CRe4_353_354()'><b>CRe4_353_354</b><br>Test class: executions.Cmpltdmtng_inCP_TS_103</td>
<td></td>
<td>27</td>
<td>executions.Cmpltdmtng_inCP_TS_103@2fc14f68</td></tr>
<tr>
<td title='executions.Upcmngmtng_inMem_TS_104.CRe4_355_356()'><b>CRe4_355_356</b><br>Test class: executions.Upcmngmtng_inMem_TS_104</td>
<td></td>
<td>19</td>
<td>executions.Upcmngmtng_inMem_TS_104@591f989e</td></tr>
<tr>
<td title='executions.Upcmngmtng_inMem_TS_104.CRe4_357()'><b>CRe4_357</b><br>Test class: executions.Upcmngmtng_inMem_TS_104</td>
<td></td>
<td>15</td>
<td>executions.Upcmngmtng_inMem_TS_104@591f989e</td></tr>
<tr>
<td title='executions.Upcmngmtng_inMem_TS_104.CRe4_360()'><b>CRe4_360</b><br>Test class: executions.Upcmngmtng_inMem_TS_104</td>
<td></td>
<td>21</td>
<td>executions.Upcmngmtng_inMem_TS_104@591f989e</td></tr>
<tr>
<td title='executions.Upcmngmtng_inMem_TS_104.CRe4_361()'><b>CRe4_361</b><br>Test class: executions.Upcmngmtng_inMem_TS_104</td>
<td></td>
<td>21</td>
<td>executions.Upcmngmtng_inMem_TS_104@591f989e</td></tr>
<tr>
<td title='executions.Upcmngmtng_inMem_TS_104.CRe4_362()'><b>CRe4_362</b><br>Test class: executions.Upcmngmtng_inMem_TS_104</td>
<td></td>
<td>20</td>
<td>executions.Upcmngmtng_inMem_TS_104@591f989e</td></tr>
<tr>
<td title='executions.Upcmngmtng_inMem_TS_104.CRe4_367()'><b>CRe4_367</b><br>Test class: executions.Upcmngmtng_inMem_TS_104</td>
<td></td>
<td>21</td>
<td>executions.Upcmngmtng_inMem_TS_104@591f989e</td></tr>
<tr>
<td title='executions.Upcmngmtng_inMem_TS_104.CRe4_368()'><b>CRe4_368</b><br>Test class: executions.Upcmngmtng_inMem_TS_104</td>
<td></td>
<td>18</td>
<td>executions.Upcmngmtng_inMem_TS_104@591f989e</td></tr>
<tr>
<td title='executions.Upcmngmtng_inMem_TS_104.CRe4_369_373()'><b>CRe4_369_373</b><br>Test class: executions.Upcmngmtng_inMem_TS_104</td>
<td></td>
<td>21</td>
<td>executions.Upcmngmtng_inMem_TS_104@591f989e</td></tr>
<tr>
<td title='executions.Upcmngmtng_inMem_TS_104.CRe4_375_376()'><b>CRe4_375_376</b><br>Test class: executions.Upcmngmtng_inMem_TS_104</td>
<td></td>
<td>29</td>
<td>executions.Upcmngmtng_inMem_TS_104@591f989e</td></tr>
<tr>
<td title='executions.Cmpltdmtng_inMem_TS_105.CRe4_378()'><b>CRe4_378</b><br>Test class: executions.Cmpltdmtng_inMem_TS_105</td>
<td></td>
<td>21</td>
<td>executions.Cmpltdmtng_inMem_TS_105@66048bfd</td></tr>
<tr>
<td title='executions.Cmpltdmtng_inMem_TS_105.CRe4_380()'><b>CRe4_380</b><br>Test class: executions.Cmpltdmtng_inMem_TS_105</td>
<td></td>
<td>22</td>
<td>executions.Cmpltdmtng_inMem_TS_105@66048bfd</td></tr>
<tr>
<td title='executions.Cmpltdmtng_inMem_TS_105.CRe4_381()'><b>CRe4_381</b><br>Test class: executions.Cmpltdmtng_inMem_TS_105</td>
<td></td>
<td>20</td>
<td>executions.Cmpltdmtng_inMem_TS_105@66048bfd</td></tr>
<tr>
<td title='executions.Cmpltdmtng_inMem_TS_105.CRe4_382()'><b>CRe4_382</b><br>Test class: executions.Cmpltdmtng_inMem_TS_105</td>
<td></td>
<td>24</td>
<td>executions.Cmpltdmtng_inMem_TS_105@66048bfd</td></tr>
<tr>
<td title='executions.Cmpltdmtng_inMem_TS_105.CRe4_383()'><b>CRe4_383</b><br>Test class: executions.Cmpltdmtng_inMem_TS_105</td>
<td></td>
<td>23</td>
<td>executions.Cmpltdmtng_inMem_TS_105@66048bfd</td></tr>
<tr>
<td title='executions.Cmpltdmtng_inMem_TS_105.CRe4_384()'><b>CRe4_384</b><br>Test class: executions.Cmpltdmtng_inMem_TS_105</td>
<td></td>
<td>23</td>
<td>executions.Cmpltdmtng_inMem_TS_105@66048bfd</td></tr>
<tr>
<td title='executions.Cmpltdmtng_inMem_TS_105.CRe4_387()'><b>CRe4_387</b><br>Test class: executions.Cmpltdmtng_inMem_TS_105</td>
<td></td>
<td>20</td>
<td>executions.Cmpltdmtng_inMem_TS_105@66048bfd</td></tr>
<tr>
<td title='executions.Cmpltdmtng_inMem_TS_105.CRe4_390()'><b>CRe4_390</b><br>Test class: executions.Cmpltdmtng_inMem_TS_105</td>
<td></td>
<td>15</td>
<td>executions.Cmpltdmtng_inMem_TS_105@66048bfd</td></tr>
<tr>
<td title='executions.Cmpltdmtng_inMem_TS_105.CRe4_391_392()'><b>CRe4_391_392</b><br>Test class: executions.Cmpltdmtng_inMem_TS_105</td>
<td></td>
<td>29</td>
<td>executions.Cmpltdmtng_inMem_TS_105@66048bfd</td></tr>
</table><p>
<table width='100%' border='1' class='invocation-skipped'>
<tr><td colspan='4' align='center'><b>SKIPPED TESTS</b></td></tr>
<tr><td><b>Test method</b></td>
<td width="30%"><b>Exception</b></td>
<td width="10%"><b>Time (seconds)</b></td>
<td><b>Instance</b></td>
</tr>
<tr>
<td title='executions.Upcmngmtng_in_admin_TS_100.CRe4_279_280_281()'><b>CRe4_279_280_281</b><br>Test class: executions.Upcmngmtng_in_admin_TS_100</td>
<td></td>
<td>0</td>
<td>executions.Upcmngmtng_in_admin_TS_100@2cfb4a64</td></tr>
<tr>
<td title='executions.Upcmngmtng_in_admin_TS_100.CRe4_283()'><b>CRe4_283</b><br>Test class: executions.Upcmngmtng_in_admin_TS_100</td>
<td></td>
<td>0</td>
<td>executions.Upcmngmtng_in_admin_TS_100@2cfb4a64</td></tr>
<tr>
<td title='executions.Upcmngmtng_in_admin_TS_100.CRe4_284()'><b>CRe4_284</b><br>Test class: executions.Upcmngmtng_in_admin_TS_100</td>
<td></td>
<td>0</td>
<td>executions.Upcmngmtng_in_admin_TS_100@2cfb4a64</td></tr>
<tr>
<td title='executions.Upcmngmtng_in_admin_TS_100.CRe4_285()'><b>CRe4_285</b><br>Test class: executions.Upcmngmtng_in_admin_TS_100</td>
<td></td>
<td>0</td>
<td>executions.Upcmngmtng_in_admin_TS_100@2cfb4a64</td></tr>
<tr>
<td title='executions.Upcmngmtng_in_admin_TS_100.CRe4_286()'><b>CRe4_286</b><br>Test class: executions.Upcmngmtng_in_admin_TS_100</td>
<td></td>
<td>0</td>
<td>executions.Upcmngmtng_in_admin_TS_100@2cfb4a64</td></tr>
<tr>
<td title='executions.Upcmngmtng_in_admin_TS_100.CRe4_293_294_295()'><b>CRe4_293_294_295</b><br>Test class: executions.Upcmngmtng_in_admin_TS_100</td>
<td></td>
<td>0</td>
<td>executions.Upcmngmtng_in_admin_TS_100@2cfb4a64</td></tr>
<tr>
<td title='executions.Upcmngmtng_in_admin_TS_100.CRe4_296()'><b>CRe4_296</b><br>Test class: executions.Upcmngmtng_in_admin_TS_100</td>
<td></td>
<td>0</td>
<td>executions.Upcmngmtng_in_admin_TS_100@2cfb4a64</td></tr>
<tr>
<td title='executions.Upcmngmtng_in_admin_TS_100.CRe4_298_299_300()'><b>CRe4_298_299_300</b><br>Test class: executions.Upcmngmtng_in_admin_TS_100</td>
<td></td>
<td>0</td>
<td>executions.Upcmngmtng_in_admin_TS_100@2cfb4a64</td></tr>
<tr>
<td title='executions.Cmpltdmtng_inAdmin_TS_101.CRe4_302()'><b>CRe4_302</b><br>Test class: executions.Cmpltdmtng_inAdmin_TS_101</td>
<td></td>
<td>0</td>
<td>executions.Cmpltdmtng_inAdmin_TS_101@5474c6c</td></tr>
<tr>
<td title='executions.Cmpltdmtng_inAdmin_TS_101.CRe4_304()'><b>CRe4_304</b><br>Test class: executions.Cmpltdmtng_inAdmin_TS_101</td>
<td></td>
<td>0</td>
<td>executions.Cmpltdmtng_inAdmin_TS_101@5474c6c</td></tr>
<tr>
<td title='executions.Cmpltdmtng_inAdmin_TS_101.CRe4_305()'><b>CRe4_305</b><br>Test class: executions.Cmpltdmtng_inAdmin_TS_101</td>
<td></td>
<td>0</td>
<td>executions.Cmpltdmtng_inAdmin_TS_101@5474c6c</td></tr>
<tr>
<td title='executions.Cmpltdmtng_inAdmin_TS_101.CRe4_306()'><b>CRe4_306</b><br>Test class: executions.Cmpltdmtng_inAdmin_TS_101</td>
<td></td>
<td>0</td>
<td>executions.Cmpltdmtng_inAdmin_TS_101@5474c6c</td></tr>
<tr>
<td title='executions.Cmpltdmtng_inAdmin_TS_101.CRe4_307()'><b>CRe4_307</b><br>Test class: executions.Cmpltdmtng_inAdmin_TS_101</td>
<td></td>
<td>0</td>
<td>executions.Cmpltdmtng_inAdmin_TS_101@5474c6c</td></tr>
<tr>
<td title='executions.Cmpltdmtng_inAdmin_TS_101.CRe4_311_313()'><b>CRe4_311_313</b><br>Test class: executions.Cmpltdmtng_inAdmin_TS_101</td>
<td></td>
<td>0</td>
<td>executions.Cmpltdmtng_inAdmin_TS_101@5474c6c</td></tr>
<tr>
<td title='executions.Cmpltdmtng_inAdmin_TS_101.CRe4_315()'><b>CRe4_315</b><br>Test class: executions.Cmpltdmtng_inAdmin_TS_101</td>
<td></td>
<td>0</td>
<td>executions.Cmpltdmtng_inAdmin_TS_101@5474c6c</td></tr>
</table><p>
</body>
</html>