<html>
<head>
<title>TestNG:  TestngTest</title>
<link href="../testng.css" rel="stylesheet" type="text/css" />
<link href="../my-testng.css" rel="stylesheet" type="text/css" />

<style type="text/css">
.log { display: none;} 
.stack-trace { display: none;} 
</style>
<script type="text/javascript">
<!--
function flip(e) {
  current = e.style.display;
  if (current == 'block') {
    e.style.display = 'none';
    return 0;
  }
  else {
    e.style.display = 'block';
    return 1;
  }
}

function toggleBox(szDivId, elem, msg1, msg2)
{
  var res = -1;  if (document.getElementById) {
    res = flip(document.getElementById(szDivId));
  }
  else if (document.all) {
    // this is the way old msie versions work
    res = flip(document.all[szDivId]);
  }
  if(elem) {
    if(res == 0) elem.innerHTML = msg1; else elem.innerHTML = msg2;
  }

}

function toggleAllBoxes() {
  if (document.getElementsByTagName) {
    d = document.getElementsByTagName('div');
    for (i = 0; i < d.length; i++) {
      if (d[i].className == 'log') {
        flip(d[i]);
      }
    }
  }
}

// -->
</script>

</head>
<body>
<h2 align='center'>TestngTest</h2><table border='1' align="center">
<tr>
<td>Tests passed/Failed/Skipped:</td><td>88/7/0</td>
</tr><tr>
<td>Started on:</td><td>Mon Mar 19 22:20:27 IST 2018</td>
</tr>
<tr><td>Total time:</td><td>4343 seconds (4343650 ms)</td>
</tr><tr>
<td>Included groups:</td><td></td>
</tr><tr>
<td>Excluded groups:</td><td></td>
</tr>
</table><p/>
<small><i>(Hover the method name to see the test class name)</i></small><p/>
<table width='100%' border='1' class='invocation-failed'>
<tr><td colspan='4' align='center'><b>FAILED TESTS</b></td></tr>
<tr><td><b>Test method</b></td>
<td width="30%"><b>Exception</b></td>
<td width="10%"><b>Time (seconds)</b></td>
<td><b>Instance</b></td>
</tr>
<tr>
<td title='executions.Ethic_search_TS_23.CRe4_1062()'><b>CRe4_1062</b><br>Test class: executions.Ethic_search_TS_23</td>
<td><div><pre>org.openqa.selenium.NoSuchElementException: Cannot locate element with text: 
For documentation on this error, please visit: http://seleniumhq.org/exceptions/no_such_element.html
Build info: version: &apos;2.53.1&apos;, revision: &apos;a36b8b1&apos;, time: &apos;2016-06-30 17:37:03&apos;
System info: host: &apos;Bablu-PC&apos;, ip: &apos;192.168.56.1&apos;, os.name: &apos;Windows 7&apos;, os.arch: &apos;amd64&apos;, os.version: &apos;6.1&apos;, java.version: &apos;1.8.0_161&apos;
Driver info: driver.version: unknown
	at org.openqa.selenium.support.ui.Select.selectByVisibleText(Select.java:150)
	at Scenario.TS_23.CRe4_1062_1063(TS_23.java:170)
	at executions.Ethic_search_TS_23.CRe4_1062(Ethic_search_TS_23.java:67)
... Removed 23 stack frames</pre></div><a href='#' onClick='toggleBox("stack-trace965778714", this, "Click to show all stack frames", "Click to hide stack frames")'>Click to show all stack frames</a>
<div class='stack-trace' id='stack-trace965778714'><pre>org.openqa.selenium.NoSuchElementException: Cannot locate element with text: 
For documentation on this error, please visit: http://seleniumhq.org/exceptions/no_such_element.html
Build info: version: &apos;2.53.1&apos;, revision: &apos;a36b8b1&apos;, time: &apos;2016-06-30 17:37:03&apos;
System info: host: &apos;Bablu-PC&apos;, ip: &apos;192.168.56.1&apos;, os.name: &apos;Windows 7&apos;, os.arch: &apos;amd64&apos;, os.version: &apos;6.1&apos;, java.version: &apos;1.8.0_161&apos;
Driver info: driver.version: unknown
	at org.openqa.selenium.support.ui.Select.selectByVisibleText(Select.java:150)
	at Scenario.TS_23.CRe4_1062_1063(TS_23.java:170)
	at executions.Ethic_search_TS_23.CRe4_1062(Ethic_search_TS_23.java:67)
	at sun.reflect.NativeMethodAccessorImpl.invoke0(Native Method)
	at sun.reflect.NativeMethodAccessorImpl.invoke(NativeMethodAccessorImpl.java:62)
	at sun.reflect.DelegatingMethodAccessorImpl.invoke(DelegatingMethodAccessorImpl.java:43)
	at java.lang.reflect.Method.invoke(Method.java:498)
	at org.testng.internal.MethodInvocationHelper.invokeMethod(MethodInvocationHelper.java:85)
	at org.testng.internal.Invoker.invokeMethod(Invoker.java:639)
	at org.testng.internal.Invoker.invokeTestMethod(Invoker.java:816)
	at org.testng.internal.Invoker.invokeTestMethods(Invoker.java:1124)
	at org.testng.internal.TestMethodWorker.invokeTestMethods(TestMethodWorker.java:125)
	at org.testng.internal.TestMethodWorker.run(TestMethodWorker.java:108)
	at org.testng.TestRunner.privateRun(TestRunner.java:774)
	at org.testng.TestRunner.run(TestRunner.java:624)
	at org.testng.SuiteRunner.runTest(SuiteRunner.java:359)
	at org.testng.SuiteRunner.runSequentially(SuiteRunner.java:354)
	at org.testng.SuiteRunner.privateRun(SuiteRunner.java:312)
	at org.testng.SuiteRunner.run(SuiteRunner.java:261)
	at org.testng.SuiteRunnerWorker.runSuite(SuiteRunnerWorker.java:52)
	at org.testng.SuiteRunnerWorker.run(SuiteRunnerWorker.java:86)
	at org.testng.TestNG.runSuitesSequentially(TestNG.java:1215)
	at org.testng.TestNG.runSuitesLocally(TestNG.java:1140)
	at org.testng.TestNG.run(TestNG.java:1048)
	at org.testng.TestNG.privateMain(TestNG.java:1355)
	at org.testng.TestNG.main(TestNG.java:1324)
</pre></div></td>
<td>16</td>
<td>executions.Ethic_search_TS_23@2cfb4a64</td></tr>
<tr>
<td title='executions.Ethic_add_TS_22.CRe4_1070_71_1085_80_to_85()'><b>CRe4_1070_71_1085_80_to_85</b><br>Test class: executions.Ethic_add_TS_22</td>
<td><div><pre>org.openqa.selenium.NoSuchElementException: Cannot locate element with text:  
For documentation on this error, please visit: http://seleniumhq.org/exceptions/no_such_element.html
Build info: version: &apos;2.53.1&apos;, revision: &apos;a36b8b1&apos;, time: &apos;2016-06-30 17:37:03&apos;
System info: host: &apos;Bablu-PC&apos;, ip: &apos;192.168.56.1&apos;, os.name: &apos;Windows 7&apos;, os.arch: &apos;amd64&apos;, os.version: &apos;6.1&apos;, java.version: &apos;1.8.0_161&apos;
Driver info: driver.version: unknown
	at org.openqa.selenium.support.ui.Select.selectByVisibleText(Select.java:150)
	at Scenario.TS_22.CRe4_1070_71_1085_80_to_85(TS_22.java:473)
	at executions.Ethic_add_TS_22.CRe4_1070_71_1085_80_to_85(Ethic_add_TS_22.java:52)
... Removed 23 stack frames</pre></div><a href='#' onClick='toggleBox("stack-trace1961232715", this, "Click to show all stack frames", "Click to hide stack frames")'>Click to show all stack frames</a>
<div class='stack-trace' id='stack-trace1961232715'><pre>org.openqa.selenium.NoSuchElementException: Cannot locate element with text:  
For documentation on this error, please visit: http://seleniumhq.org/exceptions/no_such_element.html
Build info: version: &apos;2.53.1&apos;, revision: &apos;a36b8b1&apos;, time: &apos;2016-06-30 17:37:03&apos;
System info: host: &apos;Bablu-PC&apos;, ip: &apos;192.168.56.1&apos;, os.name: &apos;Windows 7&apos;, os.arch: &apos;amd64&apos;, os.version: &apos;6.1&apos;, java.version: &apos;1.8.0_161&apos;
Driver info: driver.version: unknown
	at org.openqa.selenium.support.ui.Select.selectByVisibleText(Select.java:150)
	at Scenario.TS_22.CRe4_1070_71_1085_80_to_85(TS_22.java:473)
	at executions.Ethic_add_TS_22.CRe4_1070_71_1085_80_to_85(Ethic_add_TS_22.java:52)
	at sun.reflect.NativeMethodAccessorImpl.invoke0(Native Method)
	at sun.reflect.NativeMethodAccessorImpl.invoke(NativeMethodAccessorImpl.java:62)
	at sun.reflect.DelegatingMethodAccessorImpl.invoke(DelegatingMethodAccessorImpl.java:43)
	at java.lang.reflect.Method.invoke(Method.java:498)
	at org.testng.internal.MethodInvocationHelper.invokeMethod(MethodInvocationHelper.java:85)
	at org.testng.internal.Invoker.invokeMethod(Invoker.java:639)
	at org.testng.internal.Invoker.invokeTestMethod(Invoker.java:816)
	at org.testng.internal.Invoker.invokeTestMethods(Invoker.java:1124)
	at org.testng.internal.TestMethodWorker.invokeTestMethods(TestMethodWorker.java:125)
	at org.testng.internal.TestMethodWorker.run(TestMethodWorker.java:108)
	at org.testng.TestRunner.privateRun(TestRunner.java:774)
	at org.testng.TestRunner.run(TestRunner.java:624)
	at org.testng.SuiteRunner.runTest(SuiteRunner.java:359)
	at org.testng.SuiteRunner.runSequentially(SuiteRunner.java:354)
	at org.testng.SuiteRunner.privateRun(SuiteRunner.java:312)
	at org.testng.SuiteRunner.run(SuiteRunner.java:261)
	at org.testng.SuiteRunnerWorker.runSuite(SuiteRunnerWorker.java:52)
	at org.testng.SuiteRunnerWorker.run(SuiteRunnerWorker.java:86)
	at org.testng.TestNG.runSuitesSequentially(TestNG.java:1215)
	at org.testng.TestNG.runSuitesLocally(TestNG.java:1140)
	at org.testng.TestNG.run(TestNG.java:1048)
	at org.testng.TestNG.privateMain(TestNG.java:1355)
	at org.testng.TestNG.main(TestNG.java:1324)
</pre></div></td>
<td>36</td>
<td>executions.Ethic_add_TS_22@71f2a7d5</td></tr>
<tr>
<td title='executions.Ethic_add_TS_22.CRe4_1078()'><b>CRe4_1078</b><br>Test class: executions.Ethic_add_TS_22</td>
<td><div><pre>java.lang.AssertionError: expected [] but found [Title *]
	at Scenario.TS_22.CRe4_1078(TS_22.java:691)
	at executions.Ethic_add_TS_22.CRe4_1078(Ethic_add_TS_22.java:70)
... Removed 28 stack frames</pre></div><a href='#' onClick='toggleBox("stack-trace2114701475", this, "Click to show all stack frames", "Click to hide stack frames")'>Click to show all stack frames</a>
<div class='stack-trace' id='stack-trace2114701475'><pre>java.lang.AssertionError: expected [] but found [Title *]
	at org.testng.Assert.fail(Assert.java:94)
	at org.testng.Assert.failNotEquals(Assert.java:496)
	at org.testng.Assert.assertEquals(Assert.java:125)
	at org.testng.Assert.assertEquals(Assert.java:178)
	at org.testng.Assert.assertEquals(Assert.java:188)
	at Scenario.TS_22.CRe4_1078(TS_22.java:691)
	at executions.Ethic_add_TS_22.CRe4_1078(Ethic_add_TS_22.java:70)
	at sun.reflect.NativeMethodAccessorImpl.invoke0(Native Method)
	at sun.reflect.NativeMethodAccessorImpl.invoke(NativeMethodAccessorImpl.java:62)
	at sun.reflect.DelegatingMethodAccessorImpl.invoke(DelegatingMethodAccessorImpl.java:43)
	at java.lang.reflect.Method.invoke(Method.java:498)
	at org.testng.internal.MethodInvocationHelper.invokeMethod(MethodInvocationHelper.java:85)
	at org.testng.internal.Invoker.invokeMethod(Invoker.java:639)
	at org.testng.internal.Invoker.invokeTestMethod(Invoker.java:816)
	at org.testng.internal.Invoker.invokeTestMethods(Invoker.java:1124)
	at org.testng.internal.TestMethodWorker.invokeTestMethods(TestMethodWorker.java:125)
	at org.testng.internal.TestMethodWorker.run(TestMethodWorker.java:108)
	at org.testng.TestRunner.privateRun(TestRunner.java:774)
	at org.testng.TestRunner.run(TestRunner.java:624)
	at org.testng.SuiteRunner.runTest(SuiteRunner.java:359)
	at org.testng.SuiteRunner.runSequentially(SuiteRunner.java:354)
	at org.testng.SuiteRunner.privateRun(SuiteRunner.java:312)
	at org.testng.SuiteRunner.run(SuiteRunner.java:261)
	at org.testng.SuiteRunnerWorker.runSuite(SuiteRunnerWorker.java:52)
	at org.testng.SuiteRunnerWorker.run(SuiteRunnerWorker.java:86)
	at org.testng.TestNG.runSuitesSequentially(TestNG.java:1215)
	at org.testng.TestNG.runSuitesLocally(TestNG.java:1140)
	at org.testng.TestNG.run(TestNG.java:1048)
	at org.testng.TestNG.privateMain(TestNG.java:1355)
	at org.testng.TestNG.main(TestNG.java:1324)
</pre></div></td>
<td>18</td>
<td>executions.Ethic_add_TS_22@71f2a7d5</td></tr>
<tr>
<td title='executions.Ethic_Update_TS_24.CRe4_1108()'><b>CRe4_1108</b><br>Test class: executions.Ethic_Update_TS_24</td>
<td><div><pre>org.openqa.selenium.NoSuchElementException: Cannot locate element with text: 
For documentation on this error, please visit: http://seleniumhq.org/exceptions/no_such_element.html
Build info: version: &apos;2.53.1&apos;, revision: &apos;a36b8b1&apos;, time: &apos;2016-06-30 17:37:03&apos;
System info: host: &apos;Bablu-PC&apos;, ip: &apos;192.168.56.1&apos;, os.name: &apos;Windows 7&apos;, os.arch: &apos;amd64&apos;, os.version: &apos;6.1&apos;, java.version: &apos;1.8.0_161&apos;
Driver info: driver.version: unknown
	at org.openqa.selenium.support.ui.Select.selectByVisibleText(Select.java:150)
	at Scenario.TS_24.CRe4_1108(TS_24.java:140)
	at executions.Ethic_Update_TS_24.CRe4_1108(Ethic_Update_TS_24.java:50)
... Removed 23 stack frames</pre></div><a href='#' onClick='toggleBox("stack-trace1932484688", this, "Click to show all stack frames", "Click to hide stack frames")'>Click to show all stack frames</a>
<div class='stack-trace' id='stack-trace1932484688'><pre>org.openqa.selenium.NoSuchElementException: Cannot locate element with text: 
For documentation on this error, please visit: http://seleniumhq.org/exceptions/no_such_element.html
Build info: version: &apos;2.53.1&apos;, revision: &apos;a36b8b1&apos;, time: &apos;2016-06-30 17:37:03&apos;
System info: host: &apos;Bablu-PC&apos;, ip: &apos;192.168.56.1&apos;, os.name: &apos;Windows 7&apos;, os.arch: &apos;amd64&apos;, os.version: &apos;6.1&apos;, java.version: &apos;1.8.0_161&apos;
Driver info: driver.version: unknown
	at org.openqa.selenium.support.ui.Select.selectByVisibleText(Select.java:150)
	at Scenario.TS_24.CRe4_1108(TS_24.java:140)
	at executions.Ethic_Update_TS_24.CRe4_1108(Ethic_Update_TS_24.java:50)
	at sun.reflect.NativeMethodAccessorImpl.invoke0(Native Method)
	at sun.reflect.NativeMethodAccessorImpl.invoke(NativeMethodAccessorImpl.java:62)
	at sun.reflect.DelegatingMethodAccessorImpl.invoke(DelegatingMethodAccessorImpl.java:43)
	at java.lang.reflect.Method.invoke(Method.java:498)
	at org.testng.internal.MethodInvocationHelper.invokeMethod(MethodInvocationHelper.java:85)
	at org.testng.internal.Invoker.invokeMethod(Invoker.java:639)
	at org.testng.internal.Invoker.invokeTestMethod(Invoker.java:816)
	at org.testng.internal.Invoker.invokeTestMethods(Invoker.java:1124)
	at org.testng.internal.TestMethodWorker.invokeTestMethods(TestMethodWorker.java:125)
	at org.testng.internal.TestMethodWorker.run(TestMethodWorker.java:108)
	at org.testng.TestRunner.privateRun(TestRunner.java:774)
	at org.testng.TestRunner.run(TestRunner.java:624)
	at org.testng.SuiteRunner.runTest(SuiteRunner.java:359)
	at org.testng.SuiteRunner.runSequentially(SuiteRunner.java:354)
	at org.testng.SuiteRunner.privateRun(SuiteRunner.java:312)
	at org.testng.SuiteRunner.run(SuiteRunner.java:261)
	at org.testng.SuiteRunnerWorker.runSuite(SuiteRunnerWorker.java:52)
	at org.testng.SuiteRunnerWorker.run(SuiteRunnerWorker.java:86)
	at org.testng.TestNG.runSuitesSequentially(TestNG.java:1215)
	at org.testng.TestNG.runSuitesLocally(TestNG.java:1140)
	at org.testng.TestNG.run(TestNG.java:1048)
	at org.testng.TestNG.privateMain(TestNG.java:1355)
	at org.testng.TestNG.main(TestNG.java:1324)
</pre></div></td>
<td>23</td>
<td>executions.Ethic_Update_TS_24@5474c6c</td></tr>
<tr>
<td title='executions.Qual_Update_TS_15.CRe4_927()'><b>CRe4_927</b><br>Test class: executions.Qual_Update_TS_15</td>
<td><div><pre>org.openqa.selenium.NoSuchElementException: Unable to locate element: {&quot;method&quot;:&quot;css selector&quot;,&quot;selector&quot;:&quot;.bg-success.text-success.col-sm-12.text-center&quot;}
Command duration or timeout: 19 milliseconds
For documentation on this error, please visit: http://seleniumhq.org/exceptions/no_such_element.html
Build info: version: &apos;2.53.1&apos;, revision: &apos;a36b8b1&apos;, time: &apos;2016-06-30 17:37:03&apos;
System info: host: &apos;Bablu-PC&apos;, ip: &apos;192.168.56.1&apos;, os.name: &apos;Windows 7&apos;, os.arch: &apos;amd64&apos;, os.version: &apos;6.1&apos;, java.version: &apos;1.8.0_161&apos;
Driver info: org.openqa.selenium.firefox.FirefoxDriver
Capabilities [{applicationCacheEnabled=true, rotatable=false, handlesAlerts=true, databaseEnabled=true, version=42.0, platform=WINDOWS, nativeEvents=false, acceptSslCerts=true, webStorageEnabled=true, locationContextEnabled=true, browserName=firefox, takesScreenshot=true, javascriptEnabled=true, cssSelectorsEnabled=true}]
Session ID: a7607dac-ba92-4716-b8bc-6db27fd23f99
*** Element info: {Using=css selector, value=.bg-success.text-success.col-sm-12.text-center}
	at org.openqa.selenium.remote.ErrorHandler.createThrowable(ErrorHandler.java:206)
	at org.openqa.selenium.remote.ErrorHandler.throwIfResponseFailed(ErrorHandler.java:158)
	at org.openqa.selenium.remote.RemoteWebDriver.execute(RemoteWebDriver.java:678)
	at org.openqa.selenium.remote.RemoteWebDriver.findElement(RemoteWebDriver.java:363)
	at org.openqa.selenium.remote.RemoteWebDriver.findElementByCssSelector(RemoteWebDriver.java:492)
	at org.openqa.selenium.By$ByCssSelector.findElement(By.java:430)
	at org.openqa.selenium.remote.RemoteWebDriver.findElement(RemoteWebDriver.java:355)
	at org.openqa.selenium.support.pagefactory.DefaultElementLocator.findElement(DefaultElementLocator.java:69)
	at org.openqa.selenium.support.pagefactory.internal.LocatingElementHandler.invoke(LocatingElementHandler.java:38)
	at com.sun.proxy.$Proxy6.getText(Unknown Source)
	at Scenario.TS_15.CRe4_927(TS_15.java:105)
	at executions.Qual_Update_TS_15.CRe4_927(Qual_Update_TS_15.java:42)
Caused by: org.openqa.selenium.NoSuchElementException: Unable to locate element: {&quot;method&quot;:&quot;css selector&quot;,&quot;selector&quot;:&quot;.bg-success.text-success.col-sm-12.text-center&quot;}
For documentation on this error, please visit: http://seleniumhq.org/exceptions/no_such_element.html
Build info: version: &apos;2.53.1&apos;, revision: &apos;a36b8b1&apos;, time: &apos;2016-06-30 17:37:03&apos;
System info: host: &apos;Bablu-PC&apos;, ip: &apos;192.168.56.1&apos;, os.name: &apos;Windows 7&apos;, os.arch: &apos;amd64&apos;, os.version: &apos;6.1&apos;, java.version: &apos;1.8.0_161&apos;
Driver info: driver.version: unknown
	at &lt;anonymous class&gt;.FirefoxDriver.prototype.findElementInternal_(file:///C:/Users/bablu/AppData/Local/Temp/anonymous2330161632267385523webdriver-profile/extensions/fxdriver@googlecode.com/components/driver-component.js:10770)
	at &lt;anonymous class&gt;.FirefoxDriver.prototype.findElement(file:///C:/Users/bablu/AppData/Local/Temp/anonymous2330161632267385523webdriver-profile/extensions/fxdriver@googlecode.com/components/driver-component.js:10779)
	at &lt;anonymous class&gt;.DelayedCommand.prototype.executeInternal_/h(file:///C:/Users/bablu/AppData/Local/Temp/anonymous2330161632267385523webdriver-profile/extensions/fxdriver@googlecode.com/components/command-processor.js:12661)
	at &lt;anonymous class&gt;.DelayedCommand.prototype.executeInternal_(file:///C:/Users/bablu/AppData/Local/Temp/anonymous2330161632267385523webdriver-profile/extensions/fxdriver@googlecode.com/components/command-processor.js:12666)
	at &lt;anonymous class&gt;.DelayedCommand.prototype.execute/&lt;(file:///C:/Users/bablu/AppData/Local/Temp/anonymous2330161632267385523webdriver-profile/extensions/fxdriver@googlecode.com/components/command-processor.js:12608)
... Removed 27 stack frames</pre></div><a href='#' onClick='toggleBox("stack-trace1865859824", this, "Click to show all stack frames", "Click to hide stack frames")'>Click to show all stack frames</a>
<div class='stack-trace' id='stack-trace1865859824'><pre>org.openqa.selenium.NoSuchElementException: Unable to locate element: {&quot;method&quot;:&quot;css selector&quot;,&quot;selector&quot;:&quot;.bg-success.text-success.col-sm-12.text-center&quot;}
Command duration or timeout: 19 milliseconds
For documentation on this error, please visit: http://seleniumhq.org/exceptions/no_such_element.html
Build info: version: &apos;2.53.1&apos;, revision: &apos;a36b8b1&apos;, time: &apos;2016-06-30 17:37:03&apos;
System info: host: &apos;Bablu-PC&apos;, ip: &apos;192.168.56.1&apos;, os.name: &apos;Windows 7&apos;, os.arch: &apos;amd64&apos;, os.version: &apos;6.1&apos;, java.version: &apos;1.8.0_161&apos;
Driver info: org.openqa.selenium.firefox.FirefoxDriver
Capabilities [{applicationCacheEnabled=true, rotatable=false, handlesAlerts=true, databaseEnabled=true, version=42.0, platform=WINDOWS, nativeEvents=false, acceptSslCerts=true, webStorageEnabled=true, locationContextEnabled=true, browserName=firefox, takesScreenshot=true, javascriptEnabled=true, cssSelectorsEnabled=true}]
Session ID: a7607dac-ba92-4716-b8bc-6db27fd23f99
*** Element info: {Using=css selector, value=.bg-success.text-success.col-sm-12.text-center}
	at sun.reflect.NativeConstructorAccessorImpl.newInstance0(Native Method)
	at sun.reflect.NativeConstructorAccessorImpl.newInstance(NativeConstructorAccessorImpl.java:62)
	at sun.reflect.DelegatingConstructorAccessorImpl.newInstance(DelegatingConstructorAccessorImpl.java:45)
	at java.lang.reflect.Constructor.newInstance(Constructor.java:423)
	at org.openqa.selenium.remote.ErrorHandler.createThrowable(ErrorHandler.java:206)
	at org.openqa.selenium.remote.ErrorHandler.throwIfResponseFailed(ErrorHandler.java:158)
	at org.openqa.selenium.remote.RemoteWebDriver.execute(RemoteWebDriver.java:678)
	at org.openqa.selenium.remote.RemoteWebDriver.findElement(RemoteWebDriver.java:363)
	at org.openqa.selenium.remote.RemoteWebDriver.findElementByCssSelector(RemoteWebDriver.java:492)
	at org.openqa.selenium.By$ByCssSelector.findElement(By.java:430)
	at org.openqa.selenium.remote.RemoteWebDriver.findElement(RemoteWebDriver.java:355)
	at org.openqa.selenium.support.pagefactory.DefaultElementLocator.findElement(DefaultElementLocator.java:69)
	at org.openqa.selenium.support.pagefactory.internal.LocatingElementHandler.invoke(LocatingElementHandler.java:38)
	at com.sun.proxy.$Proxy6.getText(Unknown Source)
	at Scenario.TS_15.CRe4_927(TS_15.java:105)
	at executions.Qual_Update_TS_15.CRe4_927(Qual_Update_TS_15.java:42)
	at sun.reflect.NativeMethodAccessorImpl.invoke0(Native Method)
	at sun.reflect.NativeMethodAccessorImpl.invoke(NativeMethodAccessorImpl.java:62)
	at sun.reflect.DelegatingMethodAccessorImpl.invoke(DelegatingMethodAccessorImpl.java:43)
	at java.lang.reflect.Method.invoke(Method.java:498)
	at org.testng.internal.MethodInvocationHelper.invokeMethod(MethodInvocationHelper.java:85)
	at org.testng.internal.Invoker.invokeMethod(Invoker.java:639)
	at org.testng.internal.Invoker.invokeTestMethod(Invoker.java:816)
	at org.testng.internal.Invoker.invokeTestMethods(Invoker.java:1124)
	at org.testng.internal.TestMethodWorker.invokeTestMethods(TestMethodWorker.java:125)
	at org.testng.internal.TestMethodWorker.run(TestMethodWorker.java:108)
	at org.testng.TestRunner.privateRun(TestRunner.java:774)
	at org.testng.TestRunner.run(TestRunner.java:624)
	at org.testng.SuiteRunner.runTest(SuiteRunner.java:359)
	at org.testng.SuiteRunner.runSequentially(SuiteRunner.java:354)
	at org.testng.SuiteRunner.privateRun(SuiteRunner.java:312)
	at org.testng.SuiteRunner.run(SuiteRunner.java:261)
	at org.testng.SuiteRunnerWorker.runSuite(SuiteRunnerWorker.java:52)
	at org.testng.SuiteRunnerWorker.run(SuiteRunnerWorker.java:86)
	at org.testng.TestNG.runSuitesSequentially(TestNG.java:1215)
	at org.testng.TestNG.runSuitesLocally(TestNG.java:1140)
	at org.testng.TestNG.run(TestNG.java:1048)
	at org.testng.TestNG.privateMain(TestNG.java:1355)
	at org.testng.TestNG.main(TestNG.java:1324)
Caused by: org.openqa.selenium.NoSuchElementException: Unable to locate element: {&quot;method&quot;:&quot;css selector&quot;,&quot;selector&quot;:&quot;.bg-success.text-success.col-sm-12.text-center&quot;}
For documentation on this error, please visit: http://seleniumhq.org/exceptions/no_such_element.html
Build info: version: &apos;2.53.1&apos;, revision: &apos;a36b8b1&apos;, time: &apos;2016-06-30 17:37:03&apos;
System info: host: &apos;Bablu-PC&apos;, ip: &apos;192.168.56.1&apos;, os.name: &apos;Windows 7&apos;, os.arch: &apos;amd64&apos;, os.version: &apos;6.1&apos;, java.version: &apos;1.8.0_161&apos;
Driver info: driver.version: unknown
	at &lt;anonymous class&gt;.FirefoxDriver.prototype.findElementInternal_(file:///C:/Users/bablu/AppData/Local/Temp/anonymous2330161632267385523webdriver-profile/extensions/fxdriver@googlecode.com/components/driver-component.js:10770)
	at &lt;anonymous class&gt;.FirefoxDriver.prototype.findElement(file:///C:/Users/bablu/AppData/Local/Temp/anonymous2330161632267385523webdriver-profile/extensions/fxdriver@googlecode.com/components/driver-component.js:10779)
	at &lt;anonymous class&gt;.DelayedCommand.prototype.executeInternal_/h(file:///C:/Users/bablu/AppData/Local/Temp/anonymous2330161632267385523webdriver-profile/extensions/fxdriver@googlecode.com/components/command-processor.js:12661)
	at &lt;anonymous class&gt;.DelayedCommand.prototype.executeInternal_(file:///C:/Users/bablu/AppData/Local/Temp/anonymous2330161632267385523webdriver-profile/extensions/fxdriver@googlecode.com/components/command-processor.js:12666)
	at &lt;anonymous class&gt;.DelayedCommand.prototype.execute/&lt;(file:///C:/Users/bablu/AppData/Local/Temp/anonymous2330161632267385523webdriver-profile/extensions/fxdriver@googlecode.com/components/command-processor.js:12608)
</pre></div></td>
<td>24</td>
<td>executions.Qual_Update_TS_15@3ecf72fd</td></tr>
<tr>
<td title='executions.Doctype_add_TS_16.CRe4_960_a_961()'><b>CRe4_960_a_961</b><br>Test class: executions.Doctype_add_TS_16</td>
<td><div><pre>java.lang.AssertionError: expected [] but found [Please select Review Type!]
	at Scenario.TS_16.CRe4_960_a_961(TS_16.java:171)
	at executions.Doctype_add_TS_16.CRe4_960_a_961(Doctype_add_TS_16.java:44)
... Removed 28 stack frames</pre></div><a href='#' onClick='toggleBox("stack-trace949684105", this, "Click to show all stack frames", "Click to hide stack frames")'>Click to show all stack frames</a>
<div class='stack-trace' id='stack-trace949684105'><pre>java.lang.AssertionError: expected [] but found [Please select Review Type!]
	at org.testng.Assert.fail(Assert.java:94)
	at org.testng.Assert.failNotEquals(Assert.java:496)
	at org.testng.Assert.assertEquals(Assert.java:125)
	at org.testng.Assert.assertEquals(Assert.java:178)
	at org.testng.Assert.assertEquals(Assert.java:188)
	at Scenario.TS_16.CRe4_960_a_961(TS_16.java:171)
	at executions.Doctype_add_TS_16.CRe4_960_a_961(Doctype_add_TS_16.java:44)
	at sun.reflect.NativeMethodAccessorImpl.invoke0(Native Method)
	at sun.reflect.NativeMethodAccessorImpl.invoke(NativeMethodAccessorImpl.java:62)
	at sun.reflect.DelegatingMethodAccessorImpl.invoke(DelegatingMethodAccessorImpl.java:43)
	at java.lang.reflect.Method.invoke(Method.java:498)
	at org.testng.internal.MethodInvocationHelper.invokeMethod(MethodInvocationHelper.java:85)
	at org.testng.internal.Invoker.invokeMethod(Invoker.java:639)
	at org.testng.internal.Invoker.invokeTestMethod(Invoker.java:816)
	at org.testng.internal.Invoker.invokeTestMethods(Invoker.java:1124)
	at org.testng.internal.TestMethodWorker.invokeTestMethods(TestMethodWorker.java:125)
	at org.testng.internal.TestMethodWorker.run(TestMethodWorker.java:108)
	at org.testng.TestRunner.privateRun(TestRunner.java:774)
	at org.testng.TestRunner.run(TestRunner.java:624)
	at org.testng.SuiteRunner.runTest(SuiteRunner.java:359)
	at org.testng.SuiteRunner.runSequentially(SuiteRunner.java:354)
	at org.testng.SuiteRunner.privateRun(SuiteRunner.java:312)
	at org.testng.SuiteRunner.run(SuiteRunner.java:261)
	at org.testng.SuiteRunnerWorker.runSuite(SuiteRunnerWorker.java:52)
	at org.testng.SuiteRunnerWorker.run(SuiteRunnerWorker.java:86)
	at org.testng.TestNG.runSuitesSequentially(TestNG.java:1215)
	at org.testng.TestNG.runSuitesLocally(TestNG.java:1140)
	at org.testng.TestNG.run(TestNG.java:1048)
	at org.testng.TestNG.privateMain(TestNG.java:1355)
	at org.testng.TestNG.main(TestNG.java:1324)
</pre></div></td>
<td>19</td>
<td>executions.Doctype_add_TS_16@483bf400</td></tr>
<tr>
<td title='executions.Doctype_add_TS_16.CRe4_961_a_962()'><b>CRe4_961_a_962</b><br>Test class: executions.Doctype_add_TS_16</td>
<td><div><pre>org.openqa.selenium.NoSuchElementException: Cannot locate element with text: 
For documentation on this error, please visit: http://seleniumhq.org/exceptions/no_such_element.html
Build info: version: &apos;2.53.1&apos;, revision: &apos;a36b8b1&apos;, time: &apos;2016-06-30 17:37:03&apos;
System info: host: &apos;Bablu-PC&apos;, ip: &apos;192.168.56.1&apos;, os.name: &apos;Windows 7&apos;, os.arch: &apos;amd64&apos;, os.version: &apos;6.1&apos;, java.version: &apos;1.8.0_161&apos;
Driver info: driver.version: unknown
	at org.openqa.selenium.support.ui.Select.selectByVisibleText(Select.java:150)
	at Scenario.TS_16.CRe4_961_a_962(TS_16.java:225)
	at executions.Doctype_add_TS_16.CRe4_961_a_962(Doctype_add_TS_16.java:52)
... Removed 23 stack frames</pre></div><a href='#' onClick='toggleBox("stack-trace736920911", this, "Click to show all stack frames", "Click to hide stack frames")'>Click to show all stack frames</a>
<div class='stack-trace' id='stack-trace736920911'><pre>org.openqa.selenium.NoSuchElementException: Cannot locate element with text: 
For documentation on this error, please visit: http://seleniumhq.org/exceptions/no_such_element.html
Build info: version: &apos;2.53.1&apos;, revision: &apos;a36b8b1&apos;, time: &apos;2016-06-30 17:37:03&apos;
System info: host: &apos;Bablu-PC&apos;, ip: &apos;192.168.56.1&apos;, os.name: &apos;Windows 7&apos;, os.arch: &apos;amd64&apos;, os.version: &apos;6.1&apos;, java.version: &apos;1.8.0_161&apos;
Driver info: driver.version: unknown
	at org.openqa.selenium.support.ui.Select.selectByVisibleText(Select.java:150)
	at Scenario.TS_16.CRe4_961_a_962(TS_16.java:225)
	at executions.Doctype_add_TS_16.CRe4_961_a_962(Doctype_add_TS_16.java:52)
	at sun.reflect.NativeMethodAccessorImpl.invoke0(Native Method)
	at sun.reflect.NativeMethodAccessorImpl.invoke(NativeMethodAccessorImpl.java:62)
	at sun.reflect.DelegatingMethodAccessorImpl.invoke(DelegatingMethodAccessorImpl.java:43)
	at java.lang.reflect.Method.invoke(Method.java:498)
	at org.testng.internal.MethodInvocationHelper.invokeMethod(MethodInvocationHelper.java:85)
	at org.testng.internal.Invoker.invokeMethod(Invoker.java:639)
	at org.testng.internal.Invoker.invokeTestMethod(Invoker.java:816)
	at org.testng.internal.Invoker.invokeTestMethods(Invoker.java:1124)
	at org.testng.internal.TestMethodWorker.invokeTestMethods(TestMethodWorker.java:125)
	at org.testng.internal.TestMethodWorker.run(TestMethodWorker.java:108)
	at org.testng.TestRunner.privateRun(TestRunner.java:774)
	at org.testng.TestRunner.run(TestRunner.java:624)
	at org.testng.SuiteRunner.runTest(SuiteRunner.java:359)
	at org.testng.SuiteRunner.runSequentially(SuiteRunner.java:354)
	at org.testng.SuiteRunner.privateRun(SuiteRunner.java:312)
	at org.testng.SuiteRunner.run(SuiteRunner.java:261)
	at org.testng.SuiteRunnerWorker.runSuite(SuiteRunnerWorker.java:52)
	at org.testng.SuiteRunnerWorker.run(SuiteRunnerWorker.java:86)
	at org.testng.TestNG.runSuitesSequentially(TestNG.java:1215)
	at org.testng.TestNG.runSuitesLocally(TestNG.java:1140)
	at org.testng.TestNG.run(TestNG.java:1048)
	at org.testng.TestNG.privateMain(TestNG.java:1355)
	at org.testng.TestNG.main(TestNG.java:1324)
</pre></div></td>
<td>18</td>
<td>executions.Doctype_add_TS_16@483bf400</td></tr>
</table><p>
<table width='100%' border='1' class='invocation-passed'>
<tr><td colspan='4' align='center'><b>PASSED TESTS</b></td></tr>
<tr><td><b>Test method</b></td>
<td width="30%"><b>Exception</b></td>
<td width="10%"><b>Time (seconds)</b></td>
<td><b>Instance</b></td>
</tr>
<tr>
<td title='executions.Mem_Update_TS_20.CRe4_1001()'><b>CRe4_1001</b><br>Test class: executions.Mem_Update_TS_20</td>
<td></td>
<td>26</td>
<td>executions.Mem_Update_TS_20@25618e91</td></tr>
<tr>
<td title='executions.Mem_Update_TS_20.CRe4_1002()'><b>CRe4_1002</b><br>Test class: executions.Mem_Update_TS_20</td>
<td></td>
<td>44</td>
<td>executions.Mem_Update_TS_20@25618e91</td></tr>
<tr>
<td title='executions.Mem_Update_TS_20.CRe4_1004()'><b>CRe4_1004</b><br>Test class: executions.Mem_Update_TS_20</td>
<td></td>
<td>26</td>
<td>executions.Mem_Update_TS_20@25618e91</td></tr>
<tr>
<td title='executions.Mem_Update_TS_20.CRe4_1005()'><b>CRe4_1005</b><br>Test class: executions.Mem_Update_TS_20</td>
<td></td>
<td>43</td>
<td>executions.Mem_Update_TS_20@25618e91</td></tr>
<tr>
<td title='executions.Mem_Update_TS_20.CRe4_1007()'><b>CRe4_1007</b><br>Test class: executions.Mem_Update_TS_20</td>
<td></td>
<td>25</td>
<td>executions.Mem_Update_TS_20@25618e91</td></tr>
<tr>
<td title='executions.Mem_Update_TS_20.CRe4_1008()'><b>CRe4_1008</b><br>Test class: executions.Mem_Update_TS_20</td>
<td></td>
<td>51</td>
<td>executions.Mem_Update_TS_20@25618e91</td></tr>
<tr>
<td title='executions.Mem_Update_TS_20.CRe4_1010()'><b>CRe4_1010</b><br>Test class: executions.Mem_Update_TS_20</td>
<td></td>
<td>28</td>
<td>executions.Mem_Update_TS_20@25618e91</td></tr>
<tr>
<td title='executions.Mem_Update_TS_20.CRe4_1011()'><b>CRe4_1011</b><br>Test class: executions.Mem_Update_TS_20</td>
<td></td>
<td>47</td>
<td>executions.Mem_Update_TS_20@25618e91</td></tr>
<tr>
<td title='executions.Mem_Update_TS_20.CRe4_1013()'><b>CRe4_1013</b><br>Test class: executions.Mem_Update_TS_20</td>
<td></td>
<td>28</td>
<td>executions.Mem_Update_TS_20@25618e91</td></tr>
<tr>
<td title='executions.Mem_Update_TS_20.CRe4_1014()'><b>CRe4_1014</b><br>Test class: executions.Mem_Update_TS_20</td>
<td></td>
<td>47</td>
<td>executions.Mem_Update_TS_20@25618e91</td></tr>
<tr>
<td title='executions.Mem_Update_TS_20.CRe4_1016()'><b>CRe4_1016</b><br>Test class: executions.Mem_Update_TS_20</td>
<td></td>
<td>28</td>
<td>executions.Mem_Update_TS_20@25618e91</td></tr>
<tr>
<td title='executions.Mem_Update_TS_20.CRe4_1017()'><b>CRe4_1017</b><br>Test class: executions.Mem_Update_TS_20</td>
<td></td>
<td>48</td>
<td>executions.Mem_Update_TS_20@25618e91</td></tr>
<tr>
<td title='executions.Mem_Update_TS_20.CRe4_1019()'><b>CRe4_1019</b><br>Test class: executions.Mem_Update_TS_20</td>
<td></td>
<td>27</td>
<td>executions.Mem_Update_TS_20@25618e91</td></tr>
<tr>
<td title='executions.Mem_Update_TS_20.CRe4_1020()'><b>CRe4_1020</b><br>Test class: executions.Mem_Update_TS_20</td>
<td></td>
<td>28</td>
<td>executions.Mem_Update_TS_20@25618e91</td></tr>
<tr>
<td title='executions.Mem_Update_TS_20.CRe4_1021()'><b>CRe4_1021</b><br>Test class: executions.Mem_Update_TS_20</td>
<td></td>
<td>28</td>
<td>executions.Mem_Update_TS_20@25618e91</td></tr>
<tr>
<td title='executions.Mem_add_TS_19.CRe4_1022_1023_1024_1025_1026_1028()'><b>CRe4_1022_1023_1024_1025_1026_1028</b><br>Test class: executions.Mem_add_TS_19</td>
<td></td>
<td>29</td>
<td>executions.Mem_add_TS_19@326de728</td></tr>
<tr>
<td title='executions.Mem_add_TS_19.CRe4_1027()'><b>CRe4_1027</b><br>Test class: executions.Mem_add_TS_19</td>
<td></td>
<td>29</td>
<td>executions.Mem_add_TS_19@326de728</td></tr>
<tr>
<td title='executions.Mem_add_TS_19.CRe4_1029()'><b>CRe4_1029</b><br>Test class: executions.Mem_add_TS_19</td>
<td></td>
<td>29</td>
<td>executions.Mem_add_TS_19@326de728</td></tr>
<tr>
<td title='executions.Mem_add_TS_19.CRe4_1030()'><b>CRe4_1030</b><br>Test class: executions.Mem_add_TS_19</td>
<td></td>
<td>29</td>
<td>executions.Mem_add_TS_19@326de728</td></tr>
<tr>
<td title='executions.Mem_add_TS_19.CRe4_1031()'><b>CRe4_1031</b><br>Test class: executions.Mem_add_TS_19</td>
<td></td>
<td>29</td>
<td>executions.Mem_add_TS_19@326de728</td></tr>
<tr>
<td title='executions.Mem_add_TS_19.CRe4_1032()'><b>CRe4_1032</b><br>Test class: executions.Mem_add_TS_19</td>
<td></td>
<td>31</td>
<td>executions.Mem_add_TS_19@326de728</td></tr>
<tr>
<td title='executions.Mem_add_TS_19.CRe4_1033()'><b>CRe4_1033</b><br>Test class: executions.Mem_add_TS_19</td>
<td></td>
<td>29</td>
<td>executions.Mem_add_TS_19@326de728</td></tr>
<tr>
<td title='executions.Mem_add_TS_19.CRe4_1034()'><b>CRe4_1034</b><br>Test class: executions.Mem_add_TS_19</td>
<td></td>
<td>28</td>
<td>executions.Mem_add_TS_19@326de728</td></tr>
<tr>
<td title='executions.Mem_add_TS_19.CRe4_1035()'><b>CRe4_1035</b><br>Test class: executions.Mem_add_TS_19</td>
<td></td>
<td>26</td>
<td>executions.Mem_add_TS_19@326de728</td></tr>
<tr>
<td title='executions.Mem_add_TS_19.CRe4_1036()'><b>CRe4_1036</b><br>Test class: executions.Mem_add_TS_19</td>
<td></td>
<td>27</td>
<td>executions.Mem_add_TS_19@326de728</td></tr>
<tr>
<td title='executions.Mem_add_TS_19.CRe4_1037()'><b>CRe4_1037</b><br>Test class: executions.Mem_add_TS_19</td>
<td></td>
<td>28</td>
<td>executions.Mem_add_TS_19@326de728</td></tr>
<tr>
<td title='executions.Mem_add_TS_19.CRe4_1038()'><b>CRe4_1038</b><br>Test class: executions.Mem_add_TS_19</td>
<td></td>
<td>30</td>
<td>executions.Mem_add_TS_19@326de728</td></tr>
<tr>
<td title='executions.Mem_add_TS_19.CRe4_1039()'><b>CRe4_1039</b><br>Test class: executions.Mem_add_TS_19</td>
<td></td>
<td>30</td>
<td>executions.Mem_add_TS_19@326de728</td></tr>
<tr>
<td title='executions.Mem_add_TS_19.CRe4_1040()'><b>CRe4_1040</b><br>Test class: executions.Mem_add_TS_19</td>
<td></td>
<td>29</td>
<td>executions.Mem_add_TS_19@326de728</td></tr>
<tr>
<td title='executions.Mem_add_TS_19.CRe4_1041()'><b>CRe4_1041</b><br>Test class: executions.Mem_add_TS_19</td>
<td></td>
<td>29</td>
<td>executions.Mem_add_TS_19@326de728</td></tr>
<tr>
<td title='executions.Mem_add_TS_19.CRe4_1042()'><b>CRe4_1042</b><br>Test class: executions.Mem_add_TS_19</td>
<td></td>
<td>27</td>
<td>executions.Mem_add_TS_19@326de728</td></tr>
<tr>
<td title='executions.Mem_add_TS_19.CRe4_1043()'><b>CRe4_1043</b><br>Test class: executions.Mem_add_TS_19</td>
<td></td>
<td>29</td>
<td>executions.Mem_add_TS_19@326de728</td></tr>
<tr>
<td title='executions.Mem_add_TS_19.CRe4_1044()'><b>CRe4_1044</b><br>Test class: executions.Mem_add_TS_19</td>
<td></td>
<td>30</td>
<td>executions.Mem_add_TS_19@326de728</td></tr>
<tr>
<td title='executions.Mem_add_TS_19.CRe4_1045()'><b>CRe4_1045</b><br>Test class: executions.Mem_add_TS_19</td>
<td></td>
<td>28</td>
<td>executions.Mem_add_TS_19@326de728</td></tr>
<tr>
<td title='executions.Mem_add_TS_19.CRe4_1047()'><b>CRe4_1047</b><br>Test class: executions.Mem_add_TS_19</td>
<td></td>
<td>31</td>
<td>executions.Mem_add_TS_19@326de728</td></tr>
<tr>
<td title='executions.Mem_add_TS_19.CRe4_1048()'><b>CRe4_1048</b><br>Test class: executions.Mem_add_TS_19</td>
<td></td>
<td>20</td>
<td>executions.Mem_add_TS_19@326de728</td></tr>
<tr>
<td title='executions.Mem_add_TS_19.CRe4_1051()'><b>CRe4_1051</b><br>Test class: executions.Mem_add_TS_19</td>
<td></td>
<td>22</td>
<td>executions.Mem_add_TS_19@326de728</td></tr>
<tr>
<td title='executions.Mem_add_TS_19.CRe4_1054()'><b>CRe4_1054</b><br>Test class: executions.Mem_add_TS_19</td>
<td></td>
<td>23</td>
<td>executions.Mem_add_TS_19@326de728</td></tr>
<tr>
<td title='executions.Ethic_search_TS_23.CRe4_1056()'><b>CRe4_1056</b><br>Test class: executions.Ethic_search_TS_23</td>
<td></td>
<td>17</td>
<td>executions.Ethic_search_TS_23@2cfb4a64</td></tr>
<tr>
<td title='executions.Ethic_search_TS_23.CRe4_1057()'><b>CRe4_1057</b><br>Test class: executions.Ethic_search_TS_23</td>
<td></td>
<td>17</td>
<td>executions.Ethic_search_TS_23@2cfb4a64</td></tr>
<tr>
<td title='executions.Ethic_search_TS_23.CRe4_1058()'><b>CRe4_1058</b><br>Test class: executions.Ethic_search_TS_23</td>
<td></td>
<td>19</td>
<td>executions.Ethic_search_TS_23@2cfb4a64</td></tr>
<tr>
<td title='executions.Ethic_search_TS_23.CRe4_1059()'><b>CRe4_1059</b><br>Test class: executions.Ethic_search_TS_23</td>
<td></td>
<td>19</td>
<td>executions.Ethic_search_TS_23@2cfb4a64</td></tr>
<tr>
<td title='executions.Ethic_add_TS_22.CRe4_1064_65()'><b>CRe4_1064_65</b><br>Test class: executions.Ethic_add_TS_22</td>
<td></td>
<td>20</td>
<td>executions.Ethic_add_TS_22@71f2a7d5</td></tr>
<tr>
<td title='executions.Ethic_add_TS_22.CRe4_1066_1067()'><b>CRe4_1066_1067</b><br>Test class: executions.Ethic_add_TS_22</td>
<td></td>
<td>24</td>
<td>executions.Ethic_add_TS_22@71f2a7d5</td></tr>
<tr>
<td title='executions.Ethic_add_TS_22.CRe4_1077()'><b>CRe4_1077</b><br>Test class: executions.Ethic_add_TS_22</td>
<td></td>
<td>20</td>
<td>executions.Ethic_add_TS_22@71f2a7d5</td></tr>
<tr>
<td title='executions.Ethic_add_TS_22.CRe4_1079()'><b>CRe4_1079</b><br>Test class: executions.Ethic_add_TS_22</td>
<td></td>
<td>20</td>
<td>executions.Ethic_add_TS_22@71f2a7d5</td></tr>
<tr>
<td title='executions.Ethic_add_TS_22.CRe4_1080()'><b>CRe4_1080</b><br>Test class: executions.Ethic_add_TS_22</td>
<td></td>
<td>20</td>
<td>executions.Ethic_add_TS_22@71f2a7d5</td></tr>
<tr>
<td title='executions.Ethic_add_TS_22.CRe4_1095_to_1100_1101_1102()'><b>CRe4_1095_to_1100_1101_1102</b><br>Test class: executions.Ethic_add_TS_22</td>
<td></td>
<td>19</td>
<td>executions.Ethic_add_TS_22@71f2a7d5</td></tr>
<tr>
<td title='executions.Ethic_Update_TS_24.CRe4_1105()'><b>CRe4_1105</b><br>Test class: executions.Ethic_Update_TS_24</td>
<td></td>
<td>24</td>
<td>executions.Ethic_Update_TS_24@5474c6c</td></tr>
<tr>
<td title='executions.Ethic_Update_TS_24.CRe4_1106()'><b>CRe4_1106</b><br>Test class: executions.Ethic_Update_TS_24</td>
<td></td>
<td>30</td>
<td>executions.Ethic_Update_TS_24@5474c6c</td></tr>
<tr>
<td title='executions.Qual_Update_TS_15.CRe4_924_925_926()'><b>CRe4_924_925_926</b><br>Test class: executions.Qual_Update_TS_15</td>
<td></td>
<td>26</td>
<td>executions.Qual_Update_TS_15@3ecf72fd</td></tr>
<tr>
<td title='executions.Doctype_search_TS_18.CRe4_932_933_934_935_936()'><b>CRe4_932_933_934_935_936</b><br>Test class: executions.Doctype_search_TS_18</td>
<td></td>
<td>18</td>
<td>executions.Doctype_search_TS_18@77f03bb1</td></tr>
<tr>
<td title='executions.Doctype_search_TS_18.CRe4_937()'><b>CRe4_937</b><br>Test class: executions.Doctype_search_TS_18</td>
<td></td>
<td>20</td>
<td>executions.Doctype_search_TS_18@77f03bb1</td></tr>
<tr>
<td title='executions.Doctype_search_TS_18.CRe4_938()'><b>CRe4_938</b><br>Test class: executions.Doctype_search_TS_18</td>
<td></td>
<td>20</td>
<td>executions.Doctype_search_TS_18@77f03bb1</td></tr>
<tr>
<td title='executions.Doctype_search_TS_18.CRe4_939()'><b>CRe4_939</b><br>Test class: executions.Doctype_search_TS_18</td>
<td></td>
<td>20</td>
<td>executions.Doctype_search_TS_18@77f03bb1</td></tr>
<tr>
<td title='executions.Doctype_search_TS_18.CRe4_940()'><b>CRe4_940</b><br>Test class: executions.Doctype_search_TS_18</td>
<td></td>
<td>18</td>
<td>executions.Doctype_search_TS_18@77f03bb1</td></tr>
<tr>
<td title='executions.Doctype_search_TS_18.CRe4_941()'><b>CRe4_941</b><br>Test class: executions.Doctype_search_TS_18</td>
<td></td>
<td>22</td>
<td>executions.Doctype_search_TS_18@77f03bb1</td></tr>
<tr>
<td title='executions.Doctype_search_TS_18.CRe4_942()'><b>CRe4_942</b><br>Test class: executions.Doctype_search_TS_18</td>
<td></td>
<td>22</td>
<td>executions.Doctype_search_TS_18@77f03bb1</td></tr>
<tr>
<td title='executions.Doctype_search_TS_18.CRe4_943()'><b>CRe4_943</b><br>Test class: executions.Doctype_search_TS_18</td>
<td></td>
<td>20</td>
<td>executions.Doctype_search_TS_18@77f03bb1</td></tr>
<tr>
<td title='executions.Doctype_search_TS_18.CRe4_944()'><b>CRe4_944</b><br>Test class: executions.Doctype_search_TS_18</td>
<td></td>
<td>22</td>
<td>executions.Doctype_search_TS_18@77f03bb1</td></tr>
<tr>
<td title='executions.Doctype_search_TS_18.CRe4_945()'><b>CRe4_945</b><br>Test class: executions.Doctype_search_TS_18</td>
<td></td>
<td>22</td>
<td>executions.Doctype_search_TS_18@77f03bb1</td></tr>
<tr>
<td title='executions.Doctype_Update_TS_17.CRe4_948_949()'><b>CRe4_948_949</b><br>Test class: executions.Doctype_Update_TS_17</td>
<td></td>
<td>33</td>
<td>executions.Doctype_Update_TS_17@21a06946</td></tr>
<tr>
<td title='executions.Doctype_Update_TS_17.CRe4_950_951()'><b>CRe4_950_951</b><br>Test class: executions.Doctype_Update_TS_17</td>
<td></td>
<td>33</td>
<td>executions.Doctype_Update_TS_17@21a06946</td></tr>
<tr>
<td title='executions.Doctype_Update_TS_17.CRe4_952()'><b>CRe4_952</b><br>Test class: executions.Doctype_Update_TS_17</td>
<td></td>
<td>33</td>
<td>executions.Doctype_Update_TS_17@21a06946</td></tr>
<tr>
<td title='executions.Doctype_Update_TS_17.CRe4_953()'><b>CRe4_953</b><br>Test class: executions.Doctype_Update_TS_17</td>
<td></td>
<td>30</td>
<td>executions.Doctype_Update_TS_17@21a06946</td></tr>
<tr>
<td title='executions.Doctype_Update_TS_17.CRe4_954()'><b>CRe4_954</b><br>Test class: executions.Doctype_Update_TS_17</td>
<td></td>
<td>31</td>
<td>executions.Doctype_Update_TS_17@21a06946</td></tr>
<tr>
<td title='executions.Doctype_Update_TS_17.CRe4_955()'><b>CRe4_955</b><br>Test class: executions.Doctype_Update_TS_17</td>
<td></td>
<td>31</td>
<td>executions.Doctype_Update_TS_17@21a06946</td></tr>
<tr>
<td title='executions.Doctype_Update_TS_17.CRe4_956()'><b>CRe4_956</b><br>Test class: executions.Doctype_Update_TS_17</td>
<td></td>
<td>30</td>
<td>executions.Doctype_Update_TS_17@21a06946</td></tr>
<tr>
<td title='executions.Doctype_Update_TS_17.CRe4_957()'><b>CRe4_957</b><br>Test class: executions.Doctype_Update_TS_17</td>
<td></td>
<td>38</td>
<td>executions.Doctype_Update_TS_17@21a06946</td></tr>
<tr>
<td title='executions.Doctype_Update_TS_17.CRe4_958()'><b>CRe4_958</b><br>Test class: executions.Doctype_Update_TS_17</td>
<td></td>
<td>33</td>
<td>executions.Doctype_Update_TS_17@21a06946</td></tr>
<tr>
<td title='executions.Doctype_add_TS_16.CRe4_959_960()'><b>CRe4_959_960</b><br>Test class: executions.Doctype_add_TS_16</td>
<td></td>
<td>19</td>
<td>executions.Doctype_add_TS_16@483bf400</td></tr>
<tr>
<td title='executions.Doctype_add_TS_16.CRe4_961_b()'><b>CRe4_961_b</b><br>Test class: executions.Doctype_add_TS_16</td>
<td></td>
<td>16</td>
<td>executions.Doctype_add_TS_16@483bf400</td></tr>
<tr>
<td title='executions.Mem_search_TS_21.CRe4_970_971_972_973_977()'><b>CRe4_970_971_972_973_977</b><br>Test class: executions.Mem_search_TS_21</td>
<td></td>
<td>23</td>
<td>executions.Mem_search_TS_21@7a92922</td></tr>
<tr>
<td title='executions.Mem_search_TS_21.CRe4_974()'><b>CRe4_974</b><br>Test class: executions.Mem_search_TS_21</td>
<td></td>
<td>18</td>
<td>executions.Mem_search_TS_21@7a92922</td></tr>
<tr>
<td title='executions.Mem_search_TS_21.CRe4_975()'><b>CRe4_975</b><br>Test class: executions.Mem_search_TS_21</td>
<td></td>
<td>19</td>
<td>executions.Mem_search_TS_21@7a92922</td></tr>
<tr>
<td title='executions.Mem_search_TS_21.CRe4_976()'><b>CRe4_976</b><br>Test class: executions.Mem_search_TS_21</td>
<td></td>
<td>19</td>
<td>executions.Mem_search_TS_21@7a92922</td></tr>
<tr>
<td title='executions.Mem_search_TS_21.CRe4_978()'><b>CRe4_978</b><br>Test class: executions.Mem_search_TS_21</td>
<td></td>
<td>19</td>
<td>executions.Mem_search_TS_21@7a92922</td></tr>
<tr>
<td title='executions.Mem_add_TS_19.CRe4_979_980_981_982_983_984_985()'><b>CRe4_979_980_981_982_983_984_985</b><br>Test class: executions.Mem_add_TS_19</td>
<td></td>
<td>26</td>
<td>executions.Mem_add_TS_19@326de728</td></tr>
<tr>
<td title='executions.Mem_add_TS_19.CRe4_986()'><b>CRe4_986</b><br>Test class: executions.Mem_add_TS_19</td>
<td></td>
<td>90</td>
<td>executions.Mem_add_TS_19@326de728</td></tr>
<tr>
<td title='executions.Mem_Update_TS_20.CRe4_987_988()'><b>CRe4_987_988</b><br>Test class: executions.Mem_Update_TS_20</td>
<td></td>
<td>26</td>
<td>executions.Mem_Update_TS_20@25618e91</td></tr>
<tr>
<td title='executions.Mem_Update_TS_20.CRe4_989()'><b>CRe4_989</b><br>Test class: executions.Mem_Update_TS_20</td>
<td></td>
<td>26</td>
<td>executions.Mem_Update_TS_20@25618e91</td></tr>
<tr>
<td title='executions.Mem_Update_TS_20.CRe4_990()'><b>CRe4_990</b><br>Test class: executions.Mem_Update_TS_20</td>
<td></td>
<td>39</td>
<td>executions.Mem_Update_TS_20@25618e91</td></tr>
<tr>
<td title='executions.Mem_Update_TS_20.CRe4_992()'><b>CRe4_992</b><br>Test class: executions.Mem_Update_TS_20</td>
<td></td>
<td>24</td>
<td>executions.Mem_Update_TS_20@25618e91</td></tr>
<tr>
<td title='executions.Mem_Update_TS_20.CRe4_993()'><b>CRe4_993</b><br>Test class: executions.Mem_Update_TS_20</td>
<td></td>
<td>38</td>
<td>executions.Mem_Update_TS_20@25618e91</td></tr>
<tr>
<td title='executions.Mem_Update_TS_20.CRe4_995()'><b>CRe4_995</b><br>Test class: executions.Mem_Update_TS_20</td>
<td></td>
<td>23</td>
<td>executions.Mem_Update_TS_20@25618e91</td></tr>
<tr>
<td title='executions.Mem_Update_TS_20.CRe4_996()'><b>CRe4_996</b><br>Test class: executions.Mem_Update_TS_20</td>
<td></td>
<td>41</td>
<td>executions.Mem_Update_TS_20@25618e91</td></tr>
<tr>
<td title='executions.Mem_Update_TS_20.CRe4_998()'><b>CRe4_998</b><br>Test class: executions.Mem_Update_TS_20</td>
<td></td>
<td>25</td>
<td>executions.Mem_Update_TS_20@25618e91</td></tr>
<tr>
<td title='executions.Mem_Update_TS_20.CRe4_999()'><b>CRe4_999</b><br>Test class: executions.Mem_Update_TS_20</td>
<td></td>
<td>40</td>
<td>executions.Mem_Update_TS_20@25618e91</td></tr>
</table><p>
</body>
</html>