<?xml version="1.0" encoding="UTF-8"?>
<!-- Generated by org.testng.reporters.JUnitXMLReporter -->
<testsuite hostname="Bablu-PC" name="TestngTest" tests="95" failures="7" timestamp="19 Mar 2018 18:02:51 GMT" time="4343.65" errors="0">
  <testcase name="CRe4_924_925_926" time="26.932" classname="executions.Qual_Update_TS_15"/>
  <testcase name="CRe4_927" time="24.511" classname="executions.Qual_Update_TS_15">
    <failure type="org.openqa.selenium.NoSuchElementException" message="Unable to locate element: {&amp;quot;method&amp;quot;:&amp;quot;css selector&amp;quot;,&amp;quot;selector&amp;quot;:&amp;quot;.bg-success.text-success.col-sm-12.text-center&amp;quot;}
Command duration or timeout: 19 milliseconds
For documentation on this error, please visit: http://seleniumhq.org/exceptions/no_such_element.html
Build info: version: &amp;apos;2.53.1&amp;apos;, revision: &amp;apos;a36b8b1&amp;apos;, time: &amp;apos;2016-06-30 17:37:03&amp;apos;
System info: host: &amp;apos;Bablu-PC&amp;apos;, ip: &amp;apos;192.168.56.1&amp;apos;, os.name: &amp;apos;Windows 7&amp;apos;, os.arch: &amp;apos;amd64&amp;apos;, os.version: &amp;apos;6.1&amp;apos;, java.version: &amp;apos;1.8.0_161&amp;apos;
Driver info: org.openqa.selenium.firefox.FirefoxDriver
Capabilities [{applicationCacheEnabled=true, rotatable=false, handlesAlerts=true, databaseEnabled=true, version=42.0, platform=WINDOWS, nativeEvents=false, acceptSslCerts=true, webStorageEnabled=true, locationContextEnabled=true, browserName=firefox, takesScreenshot=true, javascriptEnabled=true, cssSelectorsEnabled=true}]
Session ID: a7607dac-ba92-4716-b8bc-6db27fd23f99
*** Element info: {Using=css selector, value=.bg-success.text-success.col-sm-12.text-center}">
      <![CDATA[org.openqa.selenium.NoSuchElementException: Unable to locate element: {"method":"css selector","selector":".bg-success.text-success.col-sm-12.text-center"}
Command duration or timeout: 19 milliseconds
For documentation on this error, please visit: http://seleniumhq.org/exceptions/no_such_element.html
Build info: version: '2.53.1', revision: 'a36b8b1', time: '2016-06-30 17:37:03'
System info: host: 'Bablu-PC', ip: '192.168.56.1', os.name: 'Windows 7', os.arch: 'amd64', os.version: '6.1', java.version: '1.8.0_161'
Driver info: org.openqa.selenium.firefox.FirefoxDriver
Capabilities [{applicationCacheEnabled=true, rotatable=false, handlesAlerts=true, databaseEnabled=true, version=42.0, platform=WINDOWS, nativeEvents=false, acceptSslCerts=true, webStorageEnabled=true, locationContextEnabled=true, browserName=firefox, takesScreenshot=true, javascriptEnabled=true, cssSelectorsEnabled=true}]
Session ID: a7607dac-ba92-4716-b8bc-6db27fd23f99
*** Element info: {Using=css selector, value=.bg-success.text-success.col-sm-12.text-center}
	at org.openqa.selenium.remote.ErrorHandler.createThrowable(ErrorHandler.java:206)
	at org.openqa.selenium.remote.ErrorHandler.throwIfResponseFailed(ErrorHandler.java:158)
	at org.openqa.selenium.remote.RemoteWebDriver.execute(RemoteWebDriver.java:678)
	at org.openqa.selenium.remote.RemoteWebDriver.findElement(RemoteWebDriver.java:363)
	at org.openqa.selenium.remote.RemoteWebDriver.findElementByCssSelector(RemoteWebDriver.java:492)
	at org.openqa.selenium.By$ByCssSelector.findElement(By.java:430)
	at org.openqa.selenium.remote.RemoteWebDriver.findElement(RemoteWebDriver.java:355)
	at org.openqa.selenium.support.pagefactory.DefaultElementLocator.findElement(DefaultElementLocator.java:69)
	at org.openqa.selenium.support.pagefactory.internal.LocatingElementHandler.invoke(LocatingElementHandler.java:38)
	at com.sun.proxy.$Proxy6.getText(Unknown Source)
	at Scenario.TS_15.CRe4_927(TS_15.java:105)
	at executions.Qual_Update_TS_15.CRe4_927(Qual_Update_TS_15.java:42)
Caused by: org.openqa.selenium.NoSuchElementException: Unable to locate element: {"method":"css selector","selector":".bg-success.text-success.col-sm-12.text-center"}
For documentation on this error, please visit: http://seleniumhq.org/exceptions/no_such_element.html
Build info: version: '2.53.1', revision: 'a36b8b1', time: '2016-06-30 17:37:03'
System info: host: 'Bablu-PC', ip: '192.168.56.1', os.name: 'Windows 7', os.arch: 'amd64', os.version: '6.1', java.version: '1.8.0_161'
Driver info: driver.version: unknown
	at <anonymous class>.FirefoxDriver.prototype.findElementInternal_(file:///C:/Users/bablu/AppData/Local/Temp/anonymous2330161632267385523webdriver-profile/extensions/fxdriver@googlecode.com/components/driver-component.js:10770)
	at <anonymous class>.FirefoxDriver.prototype.findElement(file:///C:/Users/bablu/AppData/Local/Temp/anonymous2330161632267385523webdriver-profile/extensions/fxdriver@googlecode.com/components/driver-component.js:10779)
	at <anonymous class>.DelayedCommand.prototype.executeInternal_/h(file:///C:/Users/bablu/AppData/Local/Temp/anonymous2330161632267385523webdriver-profile/extensions/fxdriver@googlecode.com/components/command-processor.js:12661)
	at <anonymous class>.DelayedCommand.prototype.executeInternal_(file:///C:/Users/bablu/AppData/Local/Temp/anonymous2330161632267385523webdriver-profile/extensions/fxdriver@googlecode.com/components/command-processor.js:12666)
	at <anonymous class>.DelayedCommand.prototype.execute/<(file:///C:/Users/bablu/AppData/Local/Temp/anonymous2330161632267385523webdriver-profile/extensions/fxdriver@googlecode.com/components/command-processor.js:12608)
... Removed 27 stack frames]]>
    </failure>
  </testcase> <!-- CRe4_927 -->
  <testcase name="CRe4_959_960" time="19.754" classname="executions.Doctype_add_TS_16"/>
  <testcase name="CRe4_960_a_961" time="19.92" classname="executions.Doctype_add_TS_16">
    <failure type="java.lang.AssertionError" message="expected [] but found [Please select Review Type!]">
      <![CDATA[java.lang.AssertionError: expected [] but found [Please select Review Type!]
	at Scenario.TS_16.CRe4_960_a_961(TS_16.java:171)
	at executions.Doctype_add_TS_16.CRe4_960_a_961(Doctype_add_TS_16.java:44)
... Removed 28 stack frames]]>
    </failure>
  </testcase> <!-- CRe4_960_a_961 -->
  <testcase name="CRe4_961_a_962" time="18.521" classname="executions.Doctype_add_TS_16">
    <failure type="org.openqa.selenium.NoSuchElementException" message="Cannot locate element with text: 
For documentation on this error, please visit: http://seleniumhq.org/exceptions/no_such_element.html
Build info: version: &amp;apos;2.53.1&amp;apos;, revision: &amp;apos;a36b8b1&amp;apos;, time: &amp;apos;2016-06-30 17:37:03&amp;apos;
System info: host: &amp;apos;Bablu-PC&amp;apos;, ip: &amp;apos;192.168.56.1&amp;apos;, os.name: &amp;apos;Windows 7&amp;apos;, os.arch: &amp;apos;amd64&amp;apos;, os.version: &amp;apos;6.1&amp;apos;, java.version: &amp;apos;1.8.0_161&amp;apos;
Driver info: driver.version: unknown">
      <![CDATA[org.openqa.selenium.NoSuchElementException: Cannot locate element with text: 
For documentation on this error, please visit: http://seleniumhq.org/exceptions/no_such_element.html
Build info: version: '2.53.1', revision: 'a36b8b1', time: '2016-06-30 17:37:03'
System info: host: 'Bablu-PC', ip: '192.168.56.1', os.name: 'Windows 7', os.arch: 'amd64', os.version: '6.1', java.version: '1.8.0_161'
Driver info: driver.version: unknown
	at org.openqa.selenium.support.ui.Select.selectByVisibleText(Select.java:150)
	at Scenario.TS_16.CRe4_961_a_962(TS_16.java:225)
	at executions.Doctype_add_TS_16.CRe4_961_a_962(Doctype_add_TS_16.java:52)
... Removed 23 stack frames]]>
    </failure>
  </testcase> <!-- CRe4_961_a_962 -->
  <testcase name="CRe4_961_b" time="16.289" classname="executions.Doctype_add_TS_16"/>
  <testcase name="CRe4_948_949" time="33.289" classname="executions.Doctype_Update_TS_17"/>
  <testcase name="CRe4_950_951" time="33.624" classname="executions.Doctype_Update_TS_17"/>
  <testcase name="CRe4_952" time="33.588" classname="executions.Doctype_Update_TS_17"/>
  <testcase name="CRe4_953" time="30.476" classname="executions.Doctype_Update_TS_17"/>
  <testcase name="CRe4_954" time="31.598" classname="executions.Doctype_Update_TS_17"/>
  <testcase name="CRe4_955" time="31.029" classname="executions.Doctype_Update_TS_17"/>
  <testcase name="CRe4_956" time="30.033" classname="executions.Doctype_Update_TS_17"/>
  <testcase name="CRe4_957" time="38.777" classname="executions.Doctype_Update_TS_17"/>
  <testcase name="CRe4_958" time="33.068" classname="executions.Doctype_Update_TS_17"/>
  <testcase name="CRe4_932_933_934_935_936" time="18.717" classname="executions.Doctype_search_TS_18"/>
  <testcase name="CRe4_937" time="20.049" classname="executions.Doctype_search_TS_18"/>
  <testcase name="CRe4_938" time="20.014" classname="executions.Doctype_search_TS_18"/>
  <testcase name="CRe4_939" time="20.331" classname="executions.Doctype_search_TS_18"/>
  <testcase name="CRe4_940" time="18.967" classname="executions.Doctype_search_TS_18"/>
  <testcase name="CRe4_941" time="22.291" classname="executions.Doctype_search_TS_18"/>
  <testcase name="CRe4_942" time="22.096" classname="executions.Doctype_search_TS_18"/>
  <testcase name="CRe4_943" time="20.289" classname="executions.Doctype_search_TS_18"/>
  <testcase name="CRe4_944" time="22.692" classname="executions.Doctype_search_TS_18"/>
  <testcase name="CRe4_945" time="22.896" classname="executions.Doctype_search_TS_18"/>
  <testcase name="CRe4_979_980_981_982_983_984_985" time="26.676" classname="executions.Mem_add_TS_19"/>
  <testcase name="CRe4_986" time="90.335" classname="executions.Mem_add_TS_19"/>
  <testcase name="CRe4_1022_1023_1024_1025_1026_1028" time="29.242" classname="executions.Mem_add_TS_19"/>
  <testcase name="CRe4_1027" time="29.896" classname="executions.Mem_add_TS_19"/>
  <testcase name="CRe4_1029" time="29.225" classname="executions.Mem_add_TS_19"/>
  <testcase name="CRe4_1030" time="29.831" classname="executions.Mem_add_TS_19"/>
  <testcase name="CRe4_1031" time="29.254" classname="executions.Mem_add_TS_19"/>
  <testcase name="CRe4_1032" time="31.341" classname="executions.Mem_add_TS_19"/>
  <testcase name="CRe4_1033" time="29.618" classname="executions.Mem_add_TS_19"/>
  <testcase name="CRe4_1034" time="28.434" classname="executions.Mem_add_TS_19"/>
  <testcase name="CRe4_1035" time="26.446" classname="executions.Mem_add_TS_19"/>
  <testcase name="CRe4_1037" time="28.262" classname="executions.Mem_add_TS_19"/>
  <testcase name="CRe4_1036" time="27.454" classname="executions.Mem_add_TS_19"/>
  <testcase name="CRe4_1038" time="30.307" classname="executions.Mem_add_TS_19"/>
  <testcase name="CRe4_1039" time="30.02" classname="executions.Mem_add_TS_19"/>
  <testcase name="CRe4_1040" time="29.378" classname="executions.Mem_add_TS_19"/>
  <testcase name="CRe4_1041" time="29.722" classname="executions.Mem_add_TS_19"/>
  <testcase name="CRe4_1042" time="27.971" classname="executions.Mem_add_TS_19"/>
  <testcase name="CRe4_1043" time="29.73" classname="executions.Mem_add_TS_19"/>
  <testcase name="CRe4_1044" time="30.249" classname="executions.Mem_add_TS_19"/>
  <testcase name="CRe4_1045" time="28.61" classname="executions.Mem_add_TS_19"/>
  <testcase name="CRe4_1047" time="31.754" classname="executions.Mem_add_TS_19"/>
  <testcase name="CRe4_1048" time="20.503" classname="executions.Mem_add_TS_19"/>
  <testcase name="CRe4_1051" time="22.14" classname="executions.Mem_add_TS_19"/>
  <testcase name="CRe4_1054" time="23.476" classname="executions.Mem_add_TS_19"/>
  <testcase name="CRe4_987_988" time="26.377" classname="executions.Mem_Update_TS_20"/>
  <testcase name="CRe4_989" time="26.604" classname="executions.Mem_Update_TS_20"/>
  <testcase name="CRe4_990" time="39.978" classname="executions.Mem_Update_TS_20"/>
  <testcase name="CRe4_992" time="24.673" classname="executions.Mem_Update_TS_20"/>
  <testcase name="CRe4_993" time="38.405" classname="executions.Mem_Update_TS_20"/>
  <testcase name="CRe4_995" time="23.26" classname="executions.Mem_Update_TS_20"/>
  <testcase name="CRe4_996" time="41.481" classname="executions.Mem_Update_TS_20"/>
  <testcase name="CRe4_998" time="25.075" classname="executions.Mem_Update_TS_20"/>
  <testcase name="CRe4_999" time="40.711" classname="executions.Mem_Update_TS_20"/>
  <testcase name="CRe4_1001" time="26.017" classname="executions.Mem_Update_TS_20"/>
  <testcase name="CRe4_1002" time="44.778" classname="executions.Mem_Update_TS_20"/>
  <testcase name="CRe4_1004" time="26.678" classname="executions.Mem_Update_TS_20"/>
  <testcase name="CRe4_1005" time="43.181" classname="executions.Mem_Update_TS_20"/>
  <testcase name="CRe4_1007" time="25.478" classname="executions.Mem_Update_TS_20"/>
  <testcase name="CRe4_1008" time="51.309" classname="executions.Mem_Update_TS_20"/>
  <testcase name="CRe4_1010" time="28.309" classname="executions.Mem_Update_TS_20"/>
  <testcase name="CRe4_1011" time="47.859" classname="executions.Mem_Update_TS_20"/>
  <testcase name="CRe4_1013" time="28.831" classname="executions.Mem_Update_TS_20"/>
  <testcase name="CRe4_1014" time="47.137" classname="executions.Mem_Update_TS_20"/>
  <testcase name="CRe4_1016" time="28.192" classname="executions.Mem_Update_TS_20"/>
  <testcase name="CRe4_1017" time="48.018" classname="executions.Mem_Update_TS_20"/>
  <testcase name="CRe4_1019" time="27.073" classname="executions.Mem_Update_TS_20"/>
  <testcase name="CRe4_1020" time="28.799" classname="executions.Mem_Update_TS_20"/>
  <testcase name="CRe4_1021" time="28.013" classname="executions.Mem_Update_TS_20"/>
  <testcase name="CRe4_970_971_972_973_977" time="23.98" classname="executions.Mem_search_TS_21"/>
  <testcase name="CRe4_974" time="18.992" classname="executions.Mem_search_TS_21"/>
  <testcase name="CRe4_975" time="19.35" classname="executions.Mem_search_TS_21"/>
  <testcase name="CRe4_976" time="19.251" classname="executions.Mem_search_TS_21"/>
  <testcase name="CRe4_978" time="19.872" classname="executions.Mem_search_TS_21"/>
  <testcase name="CRe4_1064_65" time="20.025" classname="executions.Ethic_add_TS_22"/>
  <testcase name="CRe4_1066_1067" time="24.162" classname="executions.Ethic_add_TS_22"/>
  <testcase name="CRe4_1070_71_1085_80_to_85" time="36.465" classname="executions.Ethic_add_TS_22">
    <failure type="org.openqa.selenium.NoSuchElementException" message="Cannot locate element with text:  
For documentation on this error, please visit: http://seleniumhq.org/exceptions/no_such_element.html
Build info: version: &amp;apos;2.53.1&amp;apos;, revision: &amp;apos;a36b8b1&amp;apos;, time: &amp;apos;2016-06-30 17:37:03&amp;apos;
System info: host: &amp;apos;Bablu-PC&amp;apos;, ip: &amp;apos;192.168.56.1&amp;apos;, os.name: &amp;apos;Windows 7&amp;apos;, os.arch: &amp;apos;amd64&amp;apos;, os.version: &amp;apos;6.1&amp;apos;, java.version: &amp;apos;1.8.0_161&amp;apos;
Driver info: driver.version: unknown">
      <![CDATA[org.openqa.selenium.NoSuchElementException: Cannot locate element with text:  
For documentation on this error, please visit: http://seleniumhq.org/exceptions/no_such_element.html
Build info: version: '2.53.1', revision: 'a36b8b1', time: '2016-06-30 17:37:03'
System info: host: 'Bablu-PC', ip: '192.168.56.1', os.name: 'Windows 7', os.arch: 'amd64', os.version: '6.1', java.version: '1.8.0_161'
Driver info: driver.version: unknown
	at org.openqa.selenium.support.ui.Select.selectByVisibleText(Select.java:150)
	at Scenario.TS_22.CRe4_1070_71_1085_80_to_85(TS_22.java:473)
	at executions.Ethic_add_TS_22.CRe4_1070_71_1085_80_to_85(Ethic_add_TS_22.java:52)
... Removed 23 stack frames]]>
    </failure>
  </testcase> <!-- CRe4_1070_71_1085_80_to_85 -->
  <testcase name="CRe4_1077" time="20.122" classname="executions.Ethic_add_TS_22"/>
  <testcase name="CRe4_1078" time="18.67" classname="executions.Ethic_add_TS_22">
    <failure type="java.lang.AssertionError" message="expected [] but found [Title *]">
      <![CDATA[java.lang.AssertionError: expected [] but found [Title *]
	at Scenario.TS_22.CRe4_1078(TS_22.java:691)
	at executions.Ethic_add_TS_22.CRe4_1078(Ethic_add_TS_22.java:70)
... Removed 28 stack frames]]>
    </failure>
  </testcase> <!-- CRe4_1078 -->
  <testcase name="CRe4_1079" time="20.568" classname="executions.Ethic_add_TS_22"/>
  <testcase name="CRe4_1080" time="20.458" classname="executions.Ethic_add_TS_22"/>
  <testcase name="CRe4_1095_to_1100_1101_1102" time="19.66" classname="executions.Ethic_add_TS_22"/>
  <testcase name="CRe4_1056" time="17.311" classname="executions.Ethic_search_TS_23"/>
  <testcase name="CRe4_1057" time="17.61" classname="executions.Ethic_search_TS_23"/>
  <testcase name="CRe4_1058" time="19.466" classname="executions.Ethic_search_TS_23"/>
  <testcase name="CRe4_1059" time="19.077" classname="executions.Ethic_search_TS_23"/>
  <testcase name="CRe4_1062" time="16.057" classname="executions.Ethic_search_TS_23">
    <failure type="org.openqa.selenium.NoSuchElementException" message="Cannot locate element with text: 
For documentation on this error, please visit: http://seleniumhq.org/exceptions/no_such_element.html
Build info: version: &amp;apos;2.53.1&amp;apos;, revision: &amp;apos;a36b8b1&amp;apos;, time: &amp;apos;2016-06-30 17:37:03&amp;apos;
System info: host: &amp;apos;Bablu-PC&amp;apos;, ip: &amp;apos;192.168.56.1&amp;apos;, os.name: &amp;apos;Windows 7&amp;apos;, os.arch: &amp;apos;amd64&amp;apos;, os.version: &amp;apos;6.1&amp;apos;, java.version: &amp;apos;1.8.0_161&amp;apos;
Driver info: driver.version: unknown">
      <![CDATA[org.openqa.selenium.NoSuchElementException: Cannot locate element with text: 
For documentation on this error, please visit: http://seleniumhq.org/exceptions/no_such_element.html
Build info: version: '2.53.1', revision: 'a36b8b1', time: '2016-06-30 17:37:03'
System info: host: 'Bablu-PC', ip: '192.168.56.1', os.name: 'Windows 7', os.arch: 'amd64', os.version: '6.1', java.version: '1.8.0_161'
Driver info: driver.version: unknown
	at org.openqa.selenium.support.ui.Select.selectByVisibleText(Select.java:150)
	at Scenario.TS_23.CRe4_1062_1063(TS_23.java:170)
	at executions.Ethic_search_TS_23.CRe4_1062(Ethic_search_TS_23.java:67)
... Removed 23 stack frames]]>
    </failure>
  </testcase> <!-- CRe4_1062 -->
  <testcase name="CRe4_1105" time="24.107" classname="executions.Ethic_Update_TS_24"/>
  <testcase name="CRe4_1106" time="30.91" classname="executions.Ethic_Update_TS_24"/>
  <testcase name="CRe4_1108" time="23.101" classname="executions.Ethic_Update_TS_24">
    <failure type="org.openqa.selenium.NoSuchElementException" message="Cannot locate element with text: 
For documentation on this error, please visit: http://seleniumhq.org/exceptions/no_such_element.html
Build info: version: &amp;apos;2.53.1&amp;apos;, revision: &amp;apos;a36b8b1&amp;apos;, time: &amp;apos;2016-06-30 17:37:03&amp;apos;
System info: host: &amp;apos;Bablu-PC&amp;apos;, ip: &amp;apos;192.168.56.1&amp;apos;, os.name: &amp;apos;Windows 7&amp;apos;, os.arch: &amp;apos;amd64&amp;apos;, os.version: &amp;apos;6.1&amp;apos;, java.version: &amp;apos;1.8.0_161&amp;apos;
Driver info: driver.version: unknown">
      <![CDATA[org.openqa.selenium.NoSuchElementException: Cannot locate element with text: 
For documentation on this error, please visit: http://seleniumhq.org/exceptions/no_such_element.html
Build info: version: '2.53.1', revision: 'a36b8b1', time: '2016-06-30 17:37:03'
System info: host: 'Bablu-PC', ip: '192.168.56.1', os.name: 'Windows 7', os.arch: 'amd64', os.version: '6.1', java.version: '1.8.0_161'
Driver info: driver.version: unknown
	at org.openqa.selenium.support.ui.Select.selectByVisibleText(Select.java:150)
	at Scenario.TS_24.CRe4_1108(TS_24.java:140)
	at executions.Ethic_Update_TS_24.CRe4_1108(Ethic_Update_TS_24.java:50)
... Removed 23 stack frames]]>
    </failure>
  </testcase> <!-- CRe4_1108 -->
</testsuite> <!-- TestngTest -->
