<?xml version="1.0" encoding="UTF-8"?>
<!-- Generated by org.testng.reporters.JUnitXMLReporter -->
<testsuite hostname="Bablu-PC" name="testng3" tests="95" failures="3" timestamp="27 Mar 2018 15:10:46 GMT" time="3332.329" errors="0">
  <testcase name="@BeforeMethod beforeMethod" time="0.0" classname="executions.Upcmngmtng_in_admin_TS_100">
    <failure type="java.lang.NoClassDefFoundError" message="com/global/methods/GlobalMethods">
      <![CDATA[java.lang.NoClassDefFoundError: com/global/methods/GlobalMethods
	at executions.Upcmngmtng_in_admin_TS_100.beforeMethod(Upcmngmtng_in_admin_TS_100.java:26)
Caused by: java.lang.ClassNotFoundException: com.global.methods.GlobalMethods
	at java.net.URLClassLoader.findClass(Unknown Source)
	at java.lang.ClassLoader.loadClass(Unknown Source)
	at sun.misc.Launcher$AppClassLoader.loadClass(Unknown Source)
	at java.lang.ClassLoader.loadClass(Unknown Source)
	... 26 more
... Removed 25 stack frames]]>
    </failure>
  </testcase> <!-- @BeforeMethod beforeMethod -->
  <testcase name="@AfterMethod tearDown" time="0.0" classname="executions.Upcmngmtng_in_admin_TS_100">
    <skipped/>
  </testcase> <!-- @AfterMethod tearDown -->
  <testcase name="@BeforeMethod beforeMethod" time="0.0" classname="executions.Upcmngmtng_in_admin_TS_100">
    <skipped/>
  </testcase> <!-- @BeforeMethod beforeMethod -->
  <testcase name="@AfterMethod tearDown" time="0.0" classname="executions.Upcmngmtng_in_admin_TS_100">
    <skipped/>
  </testcase> <!-- @AfterMethod tearDown -->
  <testcase name="@BeforeMethod beforeMethod" time="0.0" classname="executions.Upcmngmtng_in_admin_TS_100">
    <skipped/>
  </testcase> <!-- @BeforeMethod beforeMethod -->
  <testcase name="@AfterMethod tearDown" time="0.0" classname="executions.Upcmngmtng_in_admin_TS_100">
    <skipped/>
  </testcase> <!-- @AfterMethod tearDown -->
  <testcase name="@BeforeMethod beforeMethod" time="0.0" classname="executions.Upcmngmtng_in_admin_TS_100">
    <skipped/>
  </testcase> <!-- @BeforeMethod beforeMethod -->
  <testcase name="@AfterMethod tearDown" time="0.0" classname="executions.Upcmngmtng_in_admin_TS_100">
    <skipped/>
  </testcase> <!-- @AfterMethod tearDown -->
  <testcase name="@BeforeMethod beforeMethod" time="0.0" classname="executions.Upcmngmtng_in_admin_TS_100">
    <skipped/>
  </testcase> <!-- @BeforeMethod beforeMethod -->
  <testcase name="@AfterMethod tearDown" time="0.0" classname="executions.Upcmngmtng_in_admin_TS_100">
    <skipped/>
  </testcase> <!-- @AfterMethod tearDown -->
  <testcase name="@BeforeMethod beforeMethod" time="0.0" classname="executions.Upcmngmtng_in_admin_TS_100">
    <skipped/>
  </testcase> <!-- @BeforeMethod beforeMethod -->
  <testcase name="@AfterMethod tearDown" time="0.0" classname="executions.Upcmngmtng_in_admin_TS_100">
    <skipped/>
  </testcase> <!-- @AfterMethod tearDown -->
  <testcase name="@BeforeMethod beforeMethod" time="0.0" classname="executions.Upcmngmtng_in_admin_TS_100">
    <skipped/>
  </testcase> <!-- @BeforeMethod beforeMethod -->
  <testcase name="@AfterMethod tearDown" time="0.0" classname="executions.Upcmngmtng_in_admin_TS_100">
    <skipped/>
  </testcase> <!-- @AfterMethod tearDown -->
  <testcase name="@BeforeMethod beforeMethod" time="0.0" classname="executions.Upcmngmtng_in_admin_TS_100">
    <skipped/>
  </testcase> <!-- @BeforeMethod beforeMethod -->
  <testcase name="@AfterMethod tearDown" time="0.0" classname="executions.Upcmngmtng_in_admin_TS_100">
    <skipped/>
  </testcase> <!-- @AfterMethod tearDown -->
  <testcase name="@BeforeMethod beforeMethod" time="0.0" classname="executions.Cmpltdmtng_inAdmin_TS_101">
    <failure type="java.lang.NoClassDefFoundError" message="com/global/methods/GlobalMethods">
      <![CDATA[java.lang.NoClassDefFoundError: com/global/methods/GlobalMethods
	at executions.Cmpltdmtng_inAdmin_TS_101.beforeMethod(Cmpltdmtng_inAdmin_TS_101.java:26)
Caused by: java.lang.ClassNotFoundException: com.global.methods.GlobalMethods
	at java.net.URLClassLoader.findClass(Unknown Source)
	at java.lang.ClassLoader.loadClass(Unknown Source)
	at sun.misc.Launcher$AppClassLoader.loadClass(Unknown Source)
	at java.lang.ClassLoader.loadClass(Unknown Source)
	... 26 more
... Removed 25 stack frames]]>
    </failure>
  </testcase> <!-- @BeforeMethod beforeMethod -->
  <testcase name="@AfterMethod tearDown" time="0.0" classname="executions.Cmpltdmtng_inAdmin_TS_101">
    <skipped/>
  </testcase> <!-- @AfterMethod tearDown -->
  <testcase name="@BeforeMethod beforeMethod" time="0.0" classname="executions.Cmpltdmtng_inAdmin_TS_101">
    <skipped/>
  </testcase> <!-- @BeforeMethod beforeMethod -->
  <testcase name="@AfterMethod tearDown" time="0.0" classname="executions.Cmpltdmtng_inAdmin_TS_101">
    <skipped/>
  </testcase> <!-- @AfterMethod tearDown -->
  <testcase name="@BeforeMethod beforeMethod" time="0.0" classname="executions.Cmpltdmtng_inAdmin_TS_101">
    <skipped/>
  </testcase> <!-- @BeforeMethod beforeMethod -->
  <testcase name="@AfterMethod tearDown" time="0.0" classname="executions.Cmpltdmtng_inAdmin_TS_101">
    <skipped/>
  </testcase> <!-- @AfterMethod tearDown -->
  <testcase name="@BeforeMethod beforeMethod" time="0.0" classname="executions.Cmpltdmtng_inAdmin_TS_101">
    <skipped/>
  </testcase> <!-- @BeforeMethod beforeMethod -->
  <testcase name="@AfterMethod tearDown" time="0.0" classname="executions.Cmpltdmtng_inAdmin_TS_101">
    <skipped/>
  </testcase> <!-- @AfterMethod tearDown -->
  <testcase name="@BeforeMethod beforeMethod" time="0.0" classname="executions.Cmpltdmtng_inAdmin_TS_101">
    <skipped/>
  </testcase> <!-- @BeforeMethod beforeMethod -->
  <testcase name="@AfterMethod tearDown" time="0.0" classname="executions.Cmpltdmtng_inAdmin_TS_101">
    <skipped/>
  </testcase> <!-- @AfterMethod tearDown -->
  <testcase name="@BeforeMethod beforeMethod" time="0.0" classname="executions.Cmpltdmtng_inAdmin_TS_101">
    <skipped/>
  </testcase> <!-- @BeforeMethod beforeMethod -->
  <testcase name="@AfterMethod tearDown" time="0.0" classname="executions.Cmpltdmtng_inAdmin_TS_101">
    <skipped/>
  </testcase> <!-- @AfterMethod tearDown -->
  <testcase name="@BeforeMethod beforeMethod" time="0.0" classname="executions.Cmpltdmtng_inAdmin_TS_101">
    <skipped/>
  </testcase> <!-- @BeforeMethod beforeMethod -->
  <testcase name="@AfterMethod tearDown" time="0.0" classname="executions.Cmpltdmtng_inAdmin_TS_101">
    <skipped/>
  </testcase> <!-- @AfterMethod tearDown -->
  <testcase name="CRe4_162_164" time="36.501" classname="executions.Schedule_mtng_TS_95"/>
  <testcase name="CRe4_165_166_171" time="33.046" classname="executions.Schedule_mtng_TS_95"/>
  <testcase name="CRe4_167_168_169" time="22.392" classname="executions.Schedule_mtng_TS_95"/>
  <testcase name="CRe4_170" time="27.254" classname="executions.Schedule_mtng_TS_95"/>
  <testcase name="CRe4_241" time="29.897" classname="executions.Reschedule_mtng_TS_98"/>
  <testcase name="CRe4_242" time="22.074" classname="executions.Reschedule_mtng_TS_98"/>
  <testcase name="CRe4_243_245" time="35.931" classname="executions.Reschedule_mtng_TS_98"/>
  <testcase name="CRe4_244" time="30.891" classname="executions.Reschedule_mtng_TS_98"/>
  <testcase name="CRe4_187" time="44.508" classname="executions.Generate_agenda_TS_96"/>
  <testcase name="CRe4_191_192" time="39.308" classname="executions.Generate_agenda_TS_96"/>
  <testcase name="CRe4_193_194" time="34.865" classname="executions.Generate_agenda_TS_96"/>
  <testcase name="CRe4_204_209" time="152.475" classname="executions.Generate_agenda_TS_96">
    <failure type="org.openqa.selenium.TimeoutException" message="Timed out after 120 seconds waiting for GlobalMethod.GlobalWait$1@1869fbd2
Build info: version: &amp;apos;2.53.1&amp;apos;, revision: &amp;apos;a36b8b1&amp;apos;, time: &amp;apos;2016-06-30 17:37:03&amp;apos;
System info: host: &amp;apos;Bablu-PC&amp;apos;, ip: &amp;apos;192.168.56.1&amp;apos;, os.name: &amp;apos;Windows 7&amp;apos;, os.arch: &amp;apos;amd64&amp;apos;, os.version: &amp;apos;6.1&amp;apos;, java.version: &amp;apos;1.8.0_161&amp;apos;
Driver info: driver.version: unknown">
      <![CDATA[org.openqa.selenium.TimeoutException: Timed out after 120 seconds waiting for GlobalMethod.GlobalWait$1@1869fbd2
Build info: version: '2.53.1', revision: 'a36b8b1', time: '2016-06-30 17:37:03'
System info: host: 'Bablu-PC', ip: '192.168.56.1', os.name: 'Windows 7', os.arch: 'amd64', os.version: '6.1', java.version: '1.8.0_161'
Driver info: driver.version: unknown
	at org.openqa.selenium.support.ui.FluentWait.timeoutException(FluentWait.java:292)
	at org.openqa.selenium.support.ui.FluentWait.until(FluentWait.java:261)
	at GlobalMethod.GlobalWait.Wait_GetElementByXpath(GlobalWait.java:39)
	at Scenario.TS_96.CRe4_204_209(TS_96.java:216)
	at executions.Generate_agenda_TS_96.CRe4_204_209(Generate_agenda_TS_96.java:61)
Caused by: org.openqa.selenium.NoSuchElementException: Unable to locate element: {"method":"xpath","selector":"//div[3]/div[2]/div/table/tbody/tr[1]/td[6]/a[2]"}
Command duration or timeout: 16 milliseconds
For documentation on this error, please visit: http://seleniumhq.org/exceptions/no_such_element.html
Build info: version: '2.53.1', revision: 'a36b8b1', time: '2016-06-30 17:37:03'
System info: host: 'Bablu-PC', ip: '192.168.56.1', os.name: 'Windows 7', os.arch: 'amd64', os.version: '6.1', java.version: '1.8.0_161'
Driver info: org.openqa.selenium.firefox.FirefoxDriver
Capabilities [{applicationCacheEnabled=true, rotatable=false, handlesAlerts=true, databaseEnabled=true, version=43.0.1, platform=WINDOWS, nativeEvents=false, acceptSslCerts=true, webStorageEnabled=true, locationContextEnabled=true, browserName=firefox, takesScreenshot=true, javascriptEnabled=true, cssSelectorsEnabled=true}]
Session ID: cce0ccc1-c210-4ade-989f-5bd0d57e7d00
*** Element info: {Using=xpath, value=//div[3]/div[2]/div/table/tbody/tr[1]/td[6]/a[2]}
	at org.openqa.selenium.remote.ErrorHandler.createThrowable(ErrorHandler.java:206)
	at org.openqa.selenium.remote.ErrorHandler.throwIfResponseFailed(ErrorHandler.java:158)
	at org.openqa.selenium.remote.RemoteWebDriver.execute(RemoteWebDriver.java:678)
	at org.openqa.selenium.remote.RemoteWebDriver.findElement(RemoteWebDriver.java:363)
	at org.openqa.selenium.remote.RemoteWebDriver.findElementByXPath(RemoteWebDriver.java:500)
	at org.openqa.selenium.By$ByXPath.findElement(By.java:361)
	at org.openqa.selenium.remote.RemoteWebDriver.findElement(RemoteWebDriver.java:355)
	at GlobalMethod.GlobalWait$1.apply(GlobalWait.java:43)
	at org.openqa.selenium.support.ui.FluentWait.until(FluentWait.java:238)
	... 26 more
Caused by: org.openqa.selenium.NoSuchElementException: Unable to locate element: {"method":"xpath","selector":"//div[3]/div[2]/div/table/tbody/tr[1]/td[6]/a[2]"}
For documentation on this error, please visit: http://seleniumhq.org/exceptions/no_such_element.html
Build info: version: '2.53.1', revision: 'a36b8b1', time: '2016-06-30 17:37:03'
System info: host: 'Bablu-PC', ip: '192.168.56.1', os.name: 'Windows 7', os.arch: 'amd64', os.version: '6.1', java.version: '1.8.0_161'
Driver info: driver.version: unknown
	at <anonymous class>.FirefoxDriver.prototype.findElementInternal_(file:///C:/Users/bablu.p/AppData/Local/Temp/anonymous6727169749458180946webdriver-profile/extensions/fxdriver@googlecode.com/components/driver-component.js:10770)
	at <anonymous class>.FirefoxDriver.prototype.findElement(file:///C:/Users/bablu.p/AppData/Local/Temp/anonymous6727169749458180946webdriver-profile/extensions/fxdriver@googlecode.com/components/driver-component.js:10779)
	at <anonymous class>.DelayedCommand.prototype.executeInternal_/h(file:///C:/Users/bablu.p/AppData/Local/Temp/anonymous6727169749458180946webdriver-profile/extensions/fxdriver@googlecode.com/components/command-processor.js:12661)
	at <anonymous class>.DelayedCommand.prototype.executeInternal_(file:///C:/Users/bablu.p/AppData/Local/Temp/anonymous6727169749458180946webdriver-profile/extensions/fxdriver@googlecode.com/components/command-processor.js:12666)
	at <anonymous class>.DelayedCommand.prototype.execute/<(file:///C:/Users/bablu.p/AppData/Local/Temp/anonymous6727169749458180946webdriver-profile/extensions/fxdriver@googlecode.com/components/command-processor.js:12608)
... Removed 26 stack frames]]>
    </failure>
  </testcase> <!-- CRe4_204_209 -->
  <testcase name="CRe4_210_211_212" time="32.996" classname="executions.Generate_agenda_TS_96"/>
  <testcase name="CRe4_213" time="18.443" classname="executions.Generate_agenda_TS_96"/>
  <testcase name="CRe4_214" time="19.66" classname="executions.Generate_agenda_TS_96"/>
  <testcase name="CRe4_224_226" time="21.93" classname="executions.Upcmngmtng_in_ms_TS_97"/>
  <testcase name="CRe4_227" time="22.744" classname="executions.Upcmngmtng_in_ms_TS_97"/>
  <testcase name="CRe4_228" time="24.2" classname="executions.Upcmngmtng_in_ms_TS_97"/>
  <testcase name="CRe4_229" time="24.192" classname="executions.Upcmngmtng_in_ms_TS_97"/>
  <testcase name="CRe4_237_238_239" time="20.113" classname="executions.Upcmngmtng_in_ms_TS_97"/>
  <testcase name="CRe4_247" time="24.089" classname="executions.Cmpletdmtng_inMS_TS_99"/>
  <testcase name="CRe4_249" time="22.362" classname="executions.Cmpletdmtng_inMS_TS_99"/>
  <testcase name="CRe4_250" time="23.73" classname="executions.Cmpletdmtng_inMS_TS_99"/>
  <testcase name="CRe4_252" time="25.383" classname="executions.Cmpletdmtng_inMS_TS_99"/>
  <testcase name="CRe4_253" time="22.423" classname="executions.Cmpletdmtng_inMS_TS_99"/>
  <testcase name="CRe4_256" time="35.397" classname="executions.Cmpletdmtng_inMS_TS_99"/>
  <testcase name="CRe4_259" time="23.914" classname="executions.Cmpletdmtng_inMS_TS_99"/>
  <testcase name="CRe4_262" time="23.318" classname="executions.Cmpletdmtng_inMS_TS_99"/>
  <testcase name="CRe4_263" time="18.764" classname="executions.Cmpletdmtng_inMS_TS_99"/>
  <testcase name="CRe4_264" time="21.741" classname="executions.Cmpletdmtng_inMS_TS_99"/>
  <testcase name="CRe4_265" time="22.664" classname="executions.Cmpletdmtng_inMS_TS_99"/>
  <testcase name="CRe4_266" time="22.456" classname="executions.Cmpletdmtng_inMS_TS_99"/>
  <testcase name="CRe4_267" time="22.755" classname="executions.Cmpletdmtng_inMS_TS_99"/>
  <testcase name="CRe4_268" time="21.465" classname="executions.Cmpletdmtng_inMS_TS_99"/>
  <testcase name="CRe4_269" time="23.475" classname="executions.Cmpletdmtng_inMS_TS_99"/>
  <testcase name="CRe4_270" time="23.285" classname="executions.Cmpletdmtng_inMS_TS_99"/>
  <testcase name="CRe4_271" time="20.935" classname="executions.Cmpletdmtng_inMS_TS_99"/>
  <testcase name="CRe4_272" time="22.084" classname="executions.Cmpletdmtng_inMS_TS_99"/>
  <testcase name="CRe4_273" time="22.312" classname="executions.Cmpletdmtng_inMS_TS_99"/>
  <testcase name="CRe4_274" time="21.899" classname="executions.Cmpletdmtng_inMS_TS_99"/>
  <testcase name="CRe4_275" time="22.079" classname="executions.Cmpletdmtng_inMS_TS_99"/>
  <testcase name="CRe4_276" time="17.951" classname="executions.Cmpletdmtng_inMS_TS_99"/>
  <testcase name="CRe4_277" time="34.814" classname="executions.Cmpletdmtng_inMS_TS_99"/>
  <testcase name="CRe4_279_280_281" time="0.001" classname="executions.Upcmngmtng_in_admin_TS_100">
    <skipped/>
  </testcase> <!-- CRe4_279_280_281 -->
  <testcase name="CRe4_283" time="0.0" classname="executions.Upcmngmtng_in_admin_TS_100">
    <skipped/>
  </testcase> <!-- CRe4_283 -->
  <testcase name="CRe4_284" time="0.0" classname="executions.Upcmngmtng_in_admin_TS_100">
    <skipped/>
  </testcase> <!-- CRe4_284 -->
  <testcase name="CRe4_285" time="0.0" classname="executions.Upcmngmtng_in_admin_TS_100">
    <skipped/>
  </testcase> <!-- CRe4_285 -->
  <testcase name="CRe4_286" time="0.0" classname="executions.Upcmngmtng_in_admin_TS_100">
    <skipped/>
  </testcase> <!-- CRe4_286 -->
  <testcase name="CRe4_293_294_295" time="0.0" classname="executions.Upcmngmtng_in_admin_TS_100">
    <skipped/>
  </testcase> <!-- CRe4_293_294_295 -->
  <testcase name="CRe4_296" time="0.0" classname="executions.Upcmngmtng_in_admin_TS_100">
    <skipped/>
  </testcase> <!-- CRe4_296 -->
  <testcase name="CRe4_298_299_300" time="0.0" classname="executions.Upcmngmtng_in_admin_TS_100">
    <skipped/>
  </testcase> <!-- CRe4_298_299_300 -->
  <testcase name="CRe4_302" time="0.0" classname="executions.Cmpltdmtng_inAdmin_TS_101">
    <skipped/>
  </testcase> <!-- CRe4_302 -->
  <testcase name="CRe4_304" time="0.0" classname="executions.Cmpltdmtng_inAdmin_TS_101">
    <skipped/>
  </testcase> <!-- CRe4_304 -->
  <testcase name="CRe4_305" time="0.0" classname="executions.Cmpltdmtng_inAdmin_TS_101">
    <skipped/>
  </testcase> <!-- CRe4_305 -->
  <testcase name="CRe4_306" time="0.0" classname="executions.Cmpltdmtng_inAdmin_TS_101">
    <skipped/>
  </testcase> <!-- CRe4_306 -->
  <testcase name="CRe4_307" time="0.0" classname="executions.Cmpltdmtng_inAdmin_TS_101">
    <skipped/>
  </testcase> <!-- CRe4_307 -->
  <testcase name="CRe4_311_313" time="0.0" classname="executions.Cmpltdmtng_inAdmin_TS_101">
    <skipped/>
  </testcase> <!-- CRe4_311_313 -->
  <testcase name="CRe4_315" time="0.0" classname="executions.Cmpltdmtng_inAdmin_TS_101">
    <skipped/>
  </testcase> <!-- CRe4_315 -->
  <testcase name="CRe4_317_318_319" time="16.315" classname="executions.Upcmngmtng_in_CP_TS_102"/>
  <testcase name="CRe4_320" time="20.632" classname="executions.Upcmngmtng_in_CP_TS_102"/>
  <testcase name="CRe4_321" time="21.698" classname="executions.Upcmngmtng_in_CP_TS_102"/>
  <testcase name="CRe4_322" time="21.177" classname="executions.Upcmngmtng_in_CP_TS_102"/>
  <testcase name="CRe4_323" time="23.136" classname="executions.Upcmngmtng_in_CP_TS_102"/>
  <testcase name="CRe4_324" time="23.172" classname="executions.Upcmngmtng_in_CP_TS_102"/>
  <testcase name="CRe4_333_334" time="22.075" classname="executions.Upcmngmtng_in_CP_TS_102"/>
  <testcase name="CRe4_337_338" time="30.83" classname="executions.Upcmngmtng_in_CP_TS_102"/>
  <testcase name="CRe4_340" time="19.746" classname="executions.Cmpltdmtng_inCP_TS_103"/>
  <testcase name="CRe4_342" time="18.941" classname="executions.Cmpltdmtng_inCP_TS_103"/>
  <testcase name="CRe4_343" time="21.895" classname="executions.Cmpltdmtng_inCP_TS_103"/>
  <testcase name="CRe4_344" time="23.826" classname="executions.Cmpltdmtng_inCP_TS_103"/>
  <testcase name="CRe4_345" time="21.214" classname="executions.Cmpltdmtng_inCP_TS_103"/>
  <testcase name="CRe4_346" time="19.506" classname="executions.Cmpltdmtng_inCP_TS_103"/>
  <testcase name="CRe4_347" time="19.912" classname="executions.Cmpltdmtng_inCP_TS_103"/>
  <testcase name="CRe4_349_350" time="19.582" classname="executions.Cmpltdmtng_inCP_TS_103"/>
  <testcase name="CRe4_353_354" time="27.873" classname="executions.Cmpltdmtng_inCP_TS_103"/>
  <testcase name="CRe4_355_356" time="19.587" classname="executions.Upcmngmtng_inMem_TS_104"/>
  <testcase name="CRe4_357" time="15.385" classname="executions.Upcmngmtng_inMem_TS_104"/>
  <testcase name="CRe4_360" time="21.088" classname="executions.Upcmngmtng_inMem_TS_104"/>
  <testcase name="CRe4_361" time="21.807" classname="executions.Upcmngmtng_inMem_TS_104"/>
  <testcase name="CRe4_362" time="20.477" classname="executions.Upcmngmtng_inMem_TS_104"/>
  <testcase name="CRe4_367" time="21.034" classname="executions.Upcmngmtng_inMem_TS_104"/>
  <testcase name="CRe4_368" time="18.974" classname="executions.Upcmngmtng_inMem_TS_104"/>
  <testcase name="CRe4_369_373" time="21.216" classname="executions.Upcmngmtng_inMem_TS_104"/>
  <testcase name="CRe4_375_376" time="29.804" classname="executions.Upcmngmtng_inMem_TS_104"/>
  <testcase name="CRe4_378" time="21.819" classname="executions.Cmpltdmtng_inMem_TS_105"/>
  <testcase name="CRe4_380" time="22.848" classname="executions.Cmpltdmtng_inMem_TS_105"/>
  <testcase name="CRe4_381" time="20.524" classname="executions.Cmpltdmtng_inMem_TS_105"/>
  <testcase name="CRe4_382" time="24.107" classname="executions.Cmpltdmtng_inMem_TS_105"/>
  <testcase name="CRe4_383" time="23.042" classname="executions.Cmpltdmtng_inMem_TS_105"/>
  <testcase name="CRe4_384" time="23.09" classname="executions.Cmpltdmtng_inMem_TS_105"/>
  <testcase name="CRe4_387" time="20.824" classname="executions.Cmpltdmtng_inMem_TS_105"/>
  <testcase name="CRe4_390" time="15.39" classname="executions.Cmpltdmtng_inMem_TS_105"/>
  <testcase name="CRe4_391_392" time="29.265" classname="executions.Cmpltdmtng_inMem_TS_105"/>
  <testcase name="CRe4_150_151" time="47.11" classname="executions.Schedule_meeting_mail_TS_142">
    <failure type="org.openqa.selenium.NoSuchElementException" message="Unable to locate element: {&amp;quot;method&amp;quot;:&amp;quot;name&amp;quot;,&amp;quot;selector&amp;quot;:&amp;quot;password&amp;quot;}
Command duration or timeout: 19 milliseconds
For documentation on this error, please visit: http://seleniumhq.org/exceptions/no_such_element.html
Build info: version: &amp;apos;2.53.1&amp;apos;, revision: &amp;apos;a36b8b1&amp;apos;, time: &amp;apos;2016-06-30 17:37:03&amp;apos;
System info: host: &amp;apos;Bablu-PC&amp;apos;, ip: &amp;apos;192.168.56.1&amp;apos;, os.name: &amp;apos;Windows 7&amp;apos;, os.arch: &amp;apos;amd64&amp;apos;, os.version: &amp;apos;6.1&amp;apos;, java.version: &amp;apos;1.8.0_161&amp;apos;
Driver info: org.openqa.selenium.firefox.FirefoxDriver
Capabilities [{applicationCacheEnabled=true, rotatable=false, handlesAlerts=true, databaseEnabled=true, version=43.0.1, platform=WINDOWS, nativeEvents=false, acceptSslCerts=true, webStorageEnabled=true, locationContextEnabled=true, browserName=firefox, takesScreenshot=true, javascriptEnabled=true, cssSelectorsEnabled=true}]
Session ID: f4608383-0f23-4e73-a495-559a515df222
*** Element info: {Using=name, value=password}">
      <![CDATA[org.openqa.selenium.NoSuchElementException: Unable to locate element: {"method":"name","selector":"password"}
Command duration or timeout: 19 milliseconds
For documentation on this error, please visit: http://seleniumhq.org/exceptions/no_such_element.html
Build info: version: '2.53.1', revision: 'a36b8b1', time: '2016-06-30 17:37:03'
System info: host: 'Bablu-PC', ip: '192.168.56.1', os.name: 'Windows 7', os.arch: 'amd64', os.version: '6.1', java.version: '1.8.0_161'
Driver info: org.openqa.selenium.firefox.FirefoxDriver
Capabilities [{applicationCacheEnabled=true, rotatable=false, handlesAlerts=true, databaseEnabled=true, version=43.0.1, platform=WINDOWS, nativeEvents=false, acceptSslCerts=true, webStorageEnabled=true, locationContextEnabled=true, browserName=firefox, takesScreenshot=true, javascriptEnabled=true, cssSelectorsEnabled=true}]
Session ID: f4608383-0f23-4e73-a495-559a515df222
*** Element info: {Using=name, value=password}
	at org.openqa.selenium.remote.ErrorHandler.createThrowable(ErrorHandler.java:206)
	at org.openqa.selenium.remote.ErrorHandler.throwIfResponseFailed(ErrorHandler.java:158)
	at org.openqa.selenium.remote.RemoteWebDriver.execute(RemoteWebDriver.java:678)
	at org.openqa.selenium.remote.RemoteWebDriver.findElement(RemoteWebDriver.java:363)
	at org.openqa.selenium.remote.RemoteWebDriver.findElementByName(RemoteWebDriver.java:461)
	at org.openqa.selenium.By$ByName.findElement(By.java:303)
	at org.openqa.selenium.remote.RemoteWebDriver.findElement(RemoteWebDriver.java:355)
	at GlobalMethod.GlobalMethods.meetingMail(GlobalMethods.java:1032)
	at Scenario.TS_142.CRe4_150_151(TS_142.java:150)
	at executions.Schedule_meeting_mail_TS_142.CRe4_150_151(Schedule_meeting_mail_TS_142.java:34)
Caused by: org.openqa.selenium.NoSuchElementException: Unable to locate element: {"method":"name","selector":"password"}
For documentation on this error, please visit: http://seleniumhq.org/exceptions/no_such_element.html
Build info: version: '2.53.1', revision: 'a36b8b1', time: '2016-06-30 17:37:03'
System info: host: 'Bablu-PC', ip: '192.168.56.1', os.name: 'Windows 7', os.arch: 'amd64', os.version: '6.1', java.version: '1.8.0_161'
Driver info: driver.version: unknown
	at <anonymous class>.FirefoxDriver.prototype.findElementInternal_(file:///C:/Users/bablu.p/AppData/Local/Temp/anonymous1640996168914175476webdriver-profile/extensions/fxdriver@googlecode.com/components/driver-component.js:10770)
	at <anonymous class>.FirefoxDriver.prototype.findElement(file:///C:/Users/bablu.p/AppData/Local/Temp/anonymous1640996168914175476webdriver-profile/extensions/fxdriver@googlecode.com/components/driver-component.js:10779)
	at <anonymous class>.DelayedCommand.prototype.executeInternal_/h(file:///C:/Users/bablu.p/AppData/Local/Temp/anonymous1640996168914175476webdriver-profile/extensions/fxdriver@googlecode.com/components/command-processor.js:12661)
	at <anonymous class>.DelayedCommand.prototype.executeInternal_(file:///C:/Users/bablu.p/AppData/Local/Temp/anonymous1640996168914175476webdriver-profile/extensions/fxdriver@googlecode.com/components/command-processor.js:12666)
	at <anonymous class>.DelayedCommand.prototype.execute/<(file:///C:/Users/bablu.p/AppData/Local/Temp/anonymous1640996168914175476webdriver-profile/extensions/fxdriver@googlecode.com/components/command-processor.js:12608)
... Removed 27 stack frames]]>
    </failure>
  </testcase> <!-- CRe4_150_151 -->
  <testcase name="CRe4_152_153" time="44.868" classname="executions.Reschedule_mtng_mail_TS_143">
    <failure type="org.openqa.selenium.NoSuchElementException" message="Unable to locate element: {&amp;quot;method&amp;quot;:&amp;quot;name&amp;quot;,&amp;quot;selector&amp;quot;:&amp;quot;password&amp;quot;}
Command duration or timeout: 26 milliseconds
For documentation on this error, please visit: http://seleniumhq.org/exceptions/no_such_element.html
Build info: version: &amp;apos;2.53.1&amp;apos;, revision: &amp;apos;a36b8b1&amp;apos;, time: &amp;apos;2016-06-30 17:37:03&amp;apos;
System info: host: &amp;apos;Bablu-PC&amp;apos;, ip: &amp;apos;192.168.56.1&amp;apos;, os.name: &amp;apos;Windows 7&amp;apos;, os.arch: &amp;apos;amd64&amp;apos;, os.version: &amp;apos;6.1&amp;apos;, java.version: &amp;apos;1.8.0_161&amp;apos;
Driver info: org.openqa.selenium.firefox.FirefoxDriver
Capabilities [{applicationCacheEnabled=true, rotatable=false, handlesAlerts=true, databaseEnabled=true, version=43.0.1, platform=WINDOWS, nativeEvents=false, acceptSslCerts=true, webStorageEnabled=true, locationContextEnabled=true, browserName=firefox, takesScreenshot=true, javascriptEnabled=true, cssSelectorsEnabled=true}]
Session ID: 6b1e387e-b845-4843-8bd9-6704dbf3e06a
*** Element info: {Using=name, value=password}">
      <![CDATA[org.openqa.selenium.NoSuchElementException: Unable to locate element: {"method":"name","selector":"password"}
Command duration or timeout: 26 milliseconds
For documentation on this error, please visit: http://seleniumhq.org/exceptions/no_such_element.html
Build info: version: '2.53.1', revision: 'a36b8b1', time: '2016-06-30 17:37:03'
System info: host: 'Bablu-PC', ip: '192.168.56.1', os.name: 'Windows 7', os.arch: 'amd64', os.version: '6.1', java.version: '1.8.0_161'
Driver info: org.openqa.selenium.firefox.FirefoxDriver
Capabilities [{applicationCacheEnabled=true, rotatable=false, handlesAlerts=true, databaseEnabled=true, version=43.0.1, platform=WINDOWS, nativeEvents=false, acceptSslCerts=true, webStorageEnabled=true, locationContextEnabled=true, browserName=firefox, takesScreenshot=true, javascriptEnabled=true, cssSelectorsEnabled=true}]
Session ID: 6b1e387e-b845-4843-8bd9-6704dbf3e06a
*** Element info: {Using=name, value=password}
	at org.openqa.selenium.remote.ErrorHandler.createThrowable(ErrorHandler.java:206)
	at org.openqa.selenium.remote.ErrorHandler.throwIfResponseFailed(ErrorHandler.java:158)
	at org.openqa.selenium.remote.RemoteWebDriver.execute(RemoteWebDriver.java:678)
	at org.openqa.selenium.remote.RemoteWebDriver.findElement(RemoteWebDriver.java:363)
	at org.openqa.selenium.remote.RemoteWebDriver.findElementByName(RemoteWebDriver.java:461)
	at org.openqa.selenium.By$ByName.findElement(By.java:303)
	at org.openqa.selenium.remote.RemoteWebDriver.findElement(RemoteWebDriver.java:355)
	at GlobalMethod.GlobalMethods.remeetingMail(GlobalMethods.java:1061)
	at Scenario.TS_143.CRe4_152_153(TS_143.java:132)
	at executions.Reschedule_mtng_mail_TS_143.CRe4_152_153(Reschedule_mtng_mail_TS_143.java:33)
Caused by: org.openqa.selenium.NoSuchElementException: Unable to locate element: {"method":"name","selector":"password"}
For documentation on this error, please visit: http://seleniumhq.org/exceptions/no_such_element.html
Build info: version: '2.53.1', revision: 'a36b8b1', time: '2016-06-30 17:37:03'
System info: host: 'Bablu-PC', ip: '192.168.56.1', os.name: 'Windows 7', os.arch: 'amd64', os.version: '6.1', java.version: '1.8.0_161'
Driver info: driver.version: unknown
	at <anonymous class>.FirefoxDriver.prototype.findElementInternal_(file:///C:/Users/bablu.p/AppData/Local/Temp/anonymous4168090377437747021webdriver-profile/extensions/fxdriver@googlecode.com/components/driver-component.js:10770)
	at <anonymous class>.FirefoxDriver.prototype.findElement(file:///C:/Users/bablu.p/AppData/Local/Temp/anonymous4168090377437747021webdriver-profile/extensions/fxdriver@googlecode.com/components/driver-component.js:10779)
	at <anonymous class>.DelayedCommand.prototype.executeInternal_/h(file:///C:/Users/bablu.p/AppData/Local/Temp/anonymous4168090377437747021webdriver-profile/extensions/fxdriver@googlecode.com/components/command-processor.js:12661)
	at <anonymous class>.DelayedCommand.prototype.executeInternal_(file:///C:/Users/bablu.p/AppData/Local/Temp/anonymous4168090377437747021webdriver-profile/extensions/fxdriver@googlecode.com/components/command-processor.js:12666)
	at <anonymous class>.DelayedCommand.prototype.execute/<(file:///C:/Users/bablu.p/AppData/Local/Temp/anonymous4168090377437747021webdriver-profile/extensions/fxdriver@googlecode.com/components/command-processor.js:12608)
... Removed 27 stack frames]]>
    </failure>
  </testcase> <!-- CRe4_152_153 -->
</testsuite> <!-- testng3 -->
